[2021-02-02 19:37:05Z INFO HostContext] No proxy settings were found based on environmental variables (http_proxy/https_proxy/HTTP_PROXY/HTTPS_PROXY)
[2021-02-02 19:37:05Z INFO HostContext] Well known directory 'Bin': '/home/site/bde/actions-runner/bin'
[2021-02-02 19:37:05Z INFO HostContext] Well known directory 'Root': '/home/site/bde/actions-runner'
[2021-02-02 19:37:05Z INFO HostContext] Well known config file 'Credentials': '/home/site/bde/actions-runner/.credentials'
[2021-02-02 19:37:05Z INFO Listener] Runner is built for Linux (X64) - linux-x64.
[2021-02-02 19:37:05Z INFO Listener] RuntimeInformation: Linux 4.19.0-13-amd64 #1 SMP Debian 4.19.160-2 (2020-11-28).
[2021-02-02 19:37:05Z INFO Listener] Version: 2.276.1
[2021-02-02 19:37:05Z INFO Listener] Commit: 5effa808be96eae7f2e08d713426b8d056bddff1
[2021-02-02 19:37:05Z INFO Listener] Culture: fr-FR
[2021-02-02 19:37:05Z INFO Listener] UI Culture: fr-FR
[2021-02-02 19:37:05Z INFO HostContext] Well known directory 'Bin': '/home/site/bde/actions-runner/bin'
[2021-02-02 19:37:05Z INFO HostContext] Well known directory 'Root': '/home/site/bde/actions-runner'
[2021-02-02 19:37:05Z INFO Listener] Validating directory permissions for: '/home/site/bde/actions-runner'
[2021-02-02 19:37:05Z INFO CommandLineParser] Parse
[2021-02-02 19:37:05Z INFO CommandLineParser] Parsing 1 args
[2021-02-02 19:37:05Z INFO CommandLineParser] parsing argument
[2021-02-02 19:37:05Z INFO CommandLineParser] HasArgs: False
[2021-02-02 19:37:05Z INFO CommandLineParser] Adding Command: run
[2021-02-02 19:37:05Z INFO Listener] Arguments parsed
[2021-02-02 19:37:05Z INFO Runner] ExecuteCommand
[2021-02-02 19:37:05Z INFO ConfigurationStore] currentAssemblyLocation: /home/site/bde/actions-runner/bin/Runner.Listener.dll
[2021-02-02 19:37:05Z INFO HostContext] Well known directory 'Bin': '/home/site/bde/actions-runner/bin'
[2021-02-02 19:37:05Z INFO ConfigurationStore] binPath: /home/site/bde/actions-runner/bin
[2021-02-02 19:37:05Z INFO HostContext] Well known directory 'Bin': '/home/site/bde/actions-runner/bin'
[2021-02-02 19:37:05Z INFO HostContext] Well known directory 'Root': '/home/site/bde/actions-runner'
[2021-02-02 19:37:05Z INFO ConfigurationStore] RootFolder: /home/site/bde/actions-runner
[2021-02-02 19:37:05Z INFO HostContext] Well known directory 'Bin': '/home/site/bde/actions-runner/bin'
[2021-02-02 19:37:05Z INFO HostContext] Well known directory 'Root': '/home/site/bde/actions-runner'
[2021-02-02 19:37:05Z INFO HostContext] Well known config file 'Runner': '/home/site/bde/actions-runner/.runner'
[2021-02-02 19:37:05Z INFO ConfigurationStore] ConfigFilePath: /home/site/bde/actions-runner/.runner
[2021-02-02 19:37:05Z INFO HostContext] Well known directory 'Bin': '/home/site/bde/actions-runner/bin'
[2021-02-02 19:37:05Z INFO HostContext] Well known directory 'Root': '/home/site/bde/actions-runner'
[2021-02-02 19:37:05Z INFO HostContext] Well known config file 'Credentials': '/home/site/bde/actions-runner/.credentials'
[2021-02-02 19:37:05Z INFO ConfigurationStore] CredFilePath: /home/site/bde/actions-runner/.credentials
[2021-02-02 19:37:05Z INFO HostContext] Well known directory 'Bin': '/home/site/bde/actions-runner/bin'
[2021-02-02 19:37:05Z INFO HostContext] Well known directory 'Root': '/home/site/bde/actions-runner'
[2021-02-02 19:37:05Z INFO HostContext] Well known config file 'MigratedCredentials': '/home/site/bde/actions-runner/.credentials_migrated'
[2021-02-02 19:37:05Z INFO ConfigurationStore] MigratedCredFilePath: /home/site/bde/actions-runner/.credentials_migrated
[2021-02-02 19:37:05Z INFO HostContext] Well known directory 'Bin': '/home/site/bde/actions-runner/bin'
[2021-02-02 19:37:05Z INFO HostContext] Well known directory 'Root': '/home/site/bde/actions-runner'
[2021-02-02 19:37:05Z INFO HostContext] Well known config file 'Service': '/home/site/bde/actions-runner/.service'
[2021-02-02 19:37:05Z INFO ConfigurationStore] ServiceConfigFilePath: /home/site/bde/actions-runner/.service
[2021-02-02 19:37:05Z INFO CommandSettings] Flag 'help': 'False'
[2021-02-02 19:37:05Z INFO CommandSettings] Flag 'version': 'False'
[2021-02-02 19:37:05Z INFO CommandSettings] Flag 'commit': 'False'
[2021-02-02 19:37:05Z INFO CommandSettings] Flag 'check': 'False'
[2021-02-02 19:37:05Z INFO CommandSettings] Command 'configure': 'False'
[2021-02-02 19:37:05Z INFO CommandSettings] Command 'remove': 'False'
[2021-02-02 19:37:05Z INFO CommandSettings] Command 'warmup': 'False'
[2021-02-02 19:37:05Z INFO ConfigurationManager] LoadSettings
[2021-02-02 19:37:05Z INFO ConfigurationStore] IsConfigured()
[2021-02-02 19:37:05Z INFO ConfigurationStore] IsConfigured: True
[2021-02-02 19:37:05Z INFO ConfigurationManager] Is configured: True
[2021-02-02 19:37:05Z INFO ConfigurationStore] Read setting file: 279 chars
[2021-02-02 19:37:05Z INFO ConfigurationManager] Settings Loaded
[2021-02-02 19:37:05Z INFO ConfigurationStore] IsServiceConfigured()
[2021-02-02 19:37:05Z INFO ConfigurationStore] IsServiceConfigured: False
[2021-02-02 19:37:05Z INFO CommandSettings] Command 'run': 'True'
[2021-02-02 19:37:05Z INFO ConfigurationStore] IsConfigured()
[2021-02-02 19:37:05Z INFO ConfigurationStore] IsConfigured: True
[2021-02-02 19:37:05Z INFO ConfigurationManager] Is configured: True
[2021-02-02 19:37:05Z INFO Runner] Could not parse the argument value '' for StartupType. Defaulting to Manual
[2021-02-02 19:37:05Z INFO Runner] Set runner startup type - Manual
[2021-02-02 19:37:05Z INFO CommandSettings] Flag 'once': 'False'
[2021-02-02 19:37:05Z INFO Runner] RunAsync
[2021-02-02 19:37:05Z INFO ConfigurationManager] LoadSettings
[2021-02-02 19:37:05Z INFO ConfigurationStore] IsConfigured()
[2021-02-02 19:37:05Z INFO ConfigurationStore] IsConfigured: True
[2021-02-02 19:37:05Z INFO ConfigurationManager] Is configured: True
[2021-02-02 19:37:05Z INFO ConfigurationManager] Settings Loaded
[2021-02-02 19:37:05Z INFO MessageListener] {
  "AgentId": 2,
  "AgentName": "Site",
  "PoolId": 1,
  "PoolName": "Default",
  "ServerUrl": "https://pipelines.actions.githubusercontent.com/QVeLwaMWQkInkFv2fQ4ZitZZRK5MJcNtIgxToLGcPg8KerswEn",
  "GitHubUrl": "https://github.com/Bde-Saintonge/Site",
  "WorkFolder": "_work"
}
[2021-02-02 19:37:05Z INFO MessageListener] Loading Credentials
[2021-02-02 19:37:05Z INFO ConfigurationStore] HasCredentials()
[2021-02-02 19:37:05Z INFO ConfigurationStore] stored True
[2021-02-02 19:37:05Z INFO CredentialManager] GetCredentialProvider
[2021-02-02 19:37:05Z INFO CredentialManager] Creating type OAuth
[2021-02-02 19:37:05Z INFO CredentialManager] Creating credential type: OAuth
[2021-02-02 19:37:05Z INFO HostContext] Well known directory 'Bin': '/home/site/bde/actions-runner/bin'
[2021-02-02 19:37:05Z INFO HostContext] Well known directory 'Root': '/home/site/bde/actions-runner'
[2021-02-02 19:37:05Z INFO HostContext] Well known config file 'RSACredentials': '/home/site/bde/actions-runner/.credentials_rsaparams'
[2021-02-02 19:37:05Z INFO RSAFileKeyManager] Loading RSA key parameters from file /home/site/bde/actions-runner/.credentials_rsaparams
[2021-02-02 19:37:05Z INFO MessageListener] Attempt to create session.
[2021-02-02 19:37:05Z INFO MessageListener] Connecting to the Runner Server...
[2021-02-02 19:37:05Z INFO RunnerServer] Establish connection with 100 seconds timeout.
[2021-02-02 19:37:05Z INFO GitHubActionsService] Starting operation Location.GetConnectionData
[2021-02-02 19:37:05Z INFO RunnerServer] Establish connection with 60 seconds timeout.
[2021-02-02 19:37:05Z INFO GitHubActionsService] Starting operation Location.GetConnectionData
[2021-02-02 19:37:05Z INFO RunnerServer] Establish connection with 60 seconds timeout.
[2021-02-02 19:37:05Z INFO GitHubActionsService] Starting operation Location.GetConnectionData
[2021-02-02 19:37:06Z INFO GitHubActionsService] Finished operation Location.GetConnectionData
[2021-02-02 19:37:06Z INFO GitHubActionsService] Finished operation Location.GetConnectionData
[2021-02-02 19:37:06Z INFO GitHubActionsService] Finished operation Location.GetConnectionData
[2021-02-02 19:37:06Z INFO MessageListener] VssConnection created
[2021-02-02 19:37:06Z INFO Terminal] WRITE LINE: 
[2021-02-02 19:37:06Z INFO Terminal] WRITE LINE: 
[2021-02-02 19:37:06Z WARN GitHubActionsService] Authentication failed with status code 401.
WWW-Authenticate: Bearer
Strict-Transport-Security: max-age=2592000
X-TFS-ProcessId: 9c9460c1-442d-4cc9-b434-04f549c4cd17
ActivityId: d69a213a-e3b6-40e8-b498-4acc83cfb870
X-TFS-Session: 28b8571a-870c-4dd8-8363-4491c53638d3
X-VSS-E2EID: 6aad8a40-82b3-417c-86e3-228dc9e57857
X-VSS-SenderDeploymentId: 2c974d96-2c30-cef5-eff2-3e0511a903a5
X-TFS-ServiceError: The+user+%27System%3aPublicAccess%3baaaaaaaa-aaaa-aaaa-aaaa-aaaaaaaaaaaa%27+is+not+authorized+to+access+this+resource.
X-VSS-S2STargetService: 0000005A-0000-8888-8000-000000000000/visualstudio.com
X-MSEdge-Ref: Ref A: 166EC283BB47418B984B95E7D38B84E1 Ref B: MRS20EDGE0113 Ref C: 2021-02-02T19:37:06Z
Date: Tue, 02 Feb 2021 19:37:06 GMT

[2021-02-02 19:37:06Z INFO RSAFileKeyManager] Loading RSA key parameters from file /home/site/bde/actions-runner/.credentials_rsaparams
[2021-02-02 19:37:06Z INFO RSAFileKeyManager] Loading RSA key parameters from file /home/site/bde/actions-runner/.credentials_rsaparams
[2021-02-02 19:37:07Z INFO GitHubActionsService] AAD Correlation ID for this token request: Unknown
[2021-02-02 19:37:07Z INFO MessageListener] Session created.
[2021-02-02 19:37:07Z INFO Terminal] WRITE LINE: 2021-02-02 19:37:07Z: Listening for Jobs
[2021-02-02 19:37:07Z INFO JobDispatcher] Set runner/worker IPC timeout to 30 seconds.
[2021-02-02 19:37:11Z INFO RSAFileKeyManager] Loading RSA key parameters from file /home/site/bde/actions-runner/.credentials_rsaparams
[2021-02-02 19:37:11Z INFO MessageListener] Message '3' received from session 'cf1e3532-8f52-4525-9005-9c079846d3e0'.
[2021-02-02 19:37:11Z INFO JobDispatcher] Job request 3 for plan c7e68d69-2211-41a2-9281-8ddf6280362f job ca395085-040a-526b-2ce8-bdc85f692774 received.
[2021-02-02 19:37:11Z INFO JobDispatcher] Pull OrchestrationId c7e68d69-2211-41a2-9281-8ddf6280362f.build.__default from JWT claims
[2021-02-02 19:37:11Z INFO Terminal] WRITE LINE: 2021-02-02 19:37:11Z: Running job: build
[2021-02-02 19:37:11Z INFO JobDispatcher] Start renew job request 3 for job ca395085-040a-526b-2ce8-bdc85f692774.
[2021-02-02 19:37:11Z INFO JobDispatcher] Successfully renew job request 3, job is valid till 02/02/2021 19:47:11
[2021-02-02 19:37:11Z INFO HostContext] Well known directory 'Bin': '/home/site/bde/actions-runner/bin'
[2021-02-02 19:37:11Z INFO ProcessInvokerWrapper] Starting process:
[2021-02-02 19:37:11Z INFO ProcessInvokerWrapper]   File name: '/home/site/bde/actions-runner/bin/Runner.Worker'
[2021-02-02 19:37:11Z INFO ProcessInvokerWrapper]   Arguments: 'spawnclient 100 103'
[2021-02-02 19:37:11Z INFO ProcessInvokerWrapper]   Working directory: '/home/site/bde/actions-runner/bin'
[2021-02-02 19:37:11Z INFO ProcessInvokerWrapper]   Require exit code zero: 'False'
[2021-02-02 19:37:11Z INFO ProcessInvokerWrapper]   Encoding web name:  ; code page: ''
[2021-02-02 19:37:11Z INFO ProcessInvokerWrapper]   Force kill process on cancellation: 'True'
[2021-02-02 19:37:11Z INFO ProcessInvokerWrapper]   Redirected STDIN: 'False'
[2021-02-02 19:37:11Z INFO ProcessInvokerWrapper]   Persist current code page: 'False'
[2021-02-02 19:37:11Z INFO ProcessInvokerWrapper]   Keep redirected STDIN open: 'False'
[2021-02-02 19:37:11Z INFO ProcessInvokerWrapper]   High priority process: 'True'
[2021-02-02 19:37:11Z INFO ProcessInvokerWrapper] Process started with process id 23343, waiting for process exit.
[2021-02-02 19:37:11Z INFO JobDispatcher] Send job request message to worker for job ca395085-040a-526b-2ce8-bdc85f692774.
[2021-02-02 19:37:11Z INFO JobNotification] Entering JobStarted Notification
[2021-02-02 19:37:11Z INFO JobNotification] Entering StartMonitor
[2021-02-02 19:37:18Z INFO ProcessInvokerWrapper] STDOUT/STDERR stream read finished.
[2021-02-02 19:37:18Z INFO ProcessInvokerWrapper] STDOUT/STDERR stream read finished.
[2021-02-02 19:37:18Z INFO ProcessInvokerWrapper] Finished process 23343 with exit code 102, and elapsed time 00:00:06.8105857.
[2021-02-02 19:37:18Z INFO JobDispatcher] Worker finished for job ca395085-040a-526b-2ce8-bdc85f692774. Code: 102
[2021-02-02 19:37:18Z INFO JobDispatcher] finish job request for job ca395085-040a-526b-2ce8-bdc85f692774 with result: Failed
[2021-02-02 19:37:18Z INFO Terminal] WRITE LINE: 2021-02-02 19:37:18Z: Job build completed with result: Failed
[2021-02-02 19:37:18Z INFO JobDispatcher] Stop renew job request for job ca395085-040a-526b-2ce8-bdc85f692774.
[2021-02-02 19:37:18Z INFO JobDispatcher] job renew has been canceled, stop renew job request 3.
[2021-02-02 19:37:18Z INFO JobNotification] Entering JobCompleted Notification
[2021-02-02 19:37:18Z INFO JobNotification] Entering EndMonitor
[2021-02-02 19:37:35Z INFO Terminal] WRITE LINE: Exiting...
[2021-02-02 19:37:35Z INFO ConfigurationStore] IsServiceConfigured()
[2021-02-02 19:37:35Z INFO ConfigurationStore] IsServiceConfigured: False
[2021-02-02 19:37:35Z INFO HostContext] Runner will be shutdown for UserCancelled
[2021-02-02 19:37:35Z WARN GitHubActionsService] GET request to https://pipelines.actions.githubusercontent.com/QVeLwaMWQkInkFv2fQ4ZitZZRK5MJcNtIgxToLGcPg8KerswEn/_apis/distributedtask/pools/1/messages?sessionId=cf1e3532-8f52-4525-9005-9c079846d3e0&lastMessageId=3 has been cancelled.
[2021-02-02 19:37:35Z INFO MessageListener] Get next message has been cancelled.
[2021-02-02 19:37:35Z INFO JobDispatcher] Shutting down JobDispatcher. Make sure all WorkerDispatcher has finished.
[2021-02-02 19:37:35Z INFO JobDispatcher] Ensure WorkerDispather for job ca395085-040a-526b-2ce8-bdc85f692774 run to finish, cancel any running job.
[2021-02-02 19:37:35Z INFO JobDispatcher] Job request ca395085-040a-526b-2ce8-bdc85f692774 processed succeed.
[2021-02-02 19:37:35Z INFO Listener] Runner execution been cancelled.
