[2021-02-02 18:36:49Z INFO HostContext] No proxy settings were found based on environmental variables (http_proxy/https_proxy/HTTP_PROXY/HTTPS_PROXY)
[2021-02-02 18:36:49Z INFO HostContext] Well known directory 'Bin': '/home/site/bde/actions-runner/bin'
[2021-02-02 18:36:49Z INFO HostContext] Well known directory 'Root': '/home/site/bde/actions-runner'
[2021-02-02 18:36:49Z INFO HostContext] Well known config file 'Credentials': '/home/site/bde/actions-runner/.credentials'
[2021-02-02 18:36:49Z INFO Listener] Runner is built for Linux (X64) - linux-x64.
[2021-02-02 18:36:49Z INFO Listener] RuntimeInformation: Linux 4.19.0-13-amd64 #1 SMP Debian 4.19.160-2 (2020-11-28).
[2021-02-02 18:36:49Z INFO Listener] Version: 2.276.1
[2021-02-02 18:36:49Z INFO Listener] Commit: 5effa808be96eae7f2e08d713426b8d056bddff1
[2021-02-02 18:36:49Z INFO Listener] Culture: fr-FR
[2021-02-02 18:36:49Z INFO Listener] UI Culture: fr-FR
[2021-02-02 18:36:49Z INFO HostContext] Well known directory 'Bin': '/home/site/bde/actions-runner/bin'
[2021-02-02 18:36:49Z INFO HostContext] Well known directory 'Root': '/home/site/bde/actions-runner'
[2021-02-02 18:36:49Z INFO Listener] Validating directory permissions for: '/home/site/bde/actions-runner'
[2021-02-02 18:36:49Z INFO CommandLineParser] Parse
[2021-02-02 18:36:49Z INFO CommandLineParser] Parsing 1 args
[2021-02-02 18:36:49Z INFO CommandLineParser] parsing argument
[2021-02-02 18:36:49Z INFO CommandLineParser] HasArgs: False
[2021-02-02 18:36:49Z INFO CommandLineParser] Adding Command: run
[2021-02-02 18:36:49Z INFO Listener] Arguments parsed
[2021-02-02 18:36:49Z INFO Runner] ExecuteCommand
[2021-02-02 18:36:49Z INFO ConfigurationStore] currentAssemblyLocation: /home/site/bde/actions-runner/bin/Runner.Listener.dll
[2021-02-02 18:36:49Z INFO HostContext] Well known directory 'Bin': '/home/site/bde/actions-runner/bin'
[2021-02-02 18:36:49Z INFO ConfigurationStore] binPath: /home/site/bde/actions-runner/bin
[2021-02-02 18:36:49Z INFO HostContext] Well known directory 'Bin': '/home/site/bde/actions-runner/bin'
[2021-02-02 18:36:49Z INFO HostContext] Well known directory 'Root': '/home/site/bde/actions-runner'
[2021-02-02 18:36:49Z INFO ConfigurationStore] RootFolder: /home/site/bde/actions-runner
[2021-02-02 18:36:49Z INFO HostContext] Well known directory 'Bin': '/home/site/bde/actions-runner/bin'
[2021-02-02 18:36:49Z INFO HostContext] Well known directory 'Root': '/home/site/bde/actions-runner'
[2021-02-02 18:36:49Z INFO HostContext] Well known config file 'Runner': '/home/site/bde/actions-runner/.runner'
[2021-02-02 18:36:49Z INFO ConfigurationStore] ConfigFilePath: /home/site/bde/actions-runner/.runner
[2021-02-02 18:36:49Z INFO HostContext] Well known directory 'Bin': '/home/site/bde/actions-runner/bin'
[2021-02-02 18:36:49Z INFO HostContext] Well known directory 'Root': '/home/site/bde/actions-runner'
[2021-02-02 18:36:49Z INFO HostContext] Well known config file 'Credentials': '/home/site/bde/actions-runner/.credentials'
[2021-02-02 18:36:49Z INFO ConfigurationStore] CredFilePath: /home/site/bde/actions-runner/.credentials
[2021-02-02 18:36:49Z INFO HostContext] Well known directory 'Bin': '/home/site/bde/actions-runner/bin'
[2021-02-02 18:36:49Z INFO HostContext] Well known directory 'Root': '/home/site/bde/actions-runner'
[2021-02-02 18:36:49Z INFO HostContext] Well known config file 'MigratedCredentials': '/home/site/bde/actions-runner/.credentials_migrated'
[2021-02-02 18:36:49Z INFO ConfigurationStore] MigratedCredFilePath: /home/site/bde/actions-runner/.credentials_migrated
[2021-02-02 18:36:49Z INFO HostContext] Well known directory 'Bin': '/home/site/bde/actions-runner/bin'
[2021-02-02 18:36:49Z INFO HostContext] Well known directory 'Root': '/home/site/bde/actions-runner'
[2021-02-02 18:36:49Z INFO HostContext] Well known config file 'Service': '/home/site/bde/actions-runner/.service'
[2021-02-02 18:36:49Z INFO ConfigurationStore] ServiceConfigFilePath: /home/site/bde/actions-runner/.service
[2021-02-02 18:36:49Z INFO CommandSettings] Flag 'help': 'False'
[2021-02-02 18:36:49Z INFO CommandSettings] Flag 'version': 'False'
[2021-02-02 18:36:49Z INFO CommandSettings] Flag 'commit': 'False'
[2021-02-02 18:36:49Z INFO CommandSettings] Flag 'check': 'False'
[2021-02-02 18:36:49Z INFO CommandSettings] Command 'configure': 'False'
[2021-02-02 18:36:49Z INFO CommandSettings] Command 'remove': 'False'
[2021-02-02 18:36:49Z INFO CommandSettings] Command 'warmup': 'False'
[2021-02-02 18:36:49Z INFO ConfigurationManager] LoadSettings
[2021-02-02 18:36:49Z INFO ConfigurationStore] IsConfigured()
[2021-02-02 18:36:49Z INFO ConfigurationStore] IsConfigured: True
[2021-02-02 18:36:49Z INFO ConfigurationManager] Is configured: True
[2021-02-02 18:36:49Z INFO ConfigurationStore] Read setting file: 279 chars
[2021-02-02 18:36:49Z INFO ConfigurationManager] Settings Loaded
[2021-02-02 18:36:49Z INFO ConfigurationStore] IsServiceConfigured()
[2021-02-02 18:36:49Z INFO ConfigurationStore] IsServiceConfigured: False
[2021-02-02 18:36:49Z INFO CommandSettings] Command 'run': 'True'
[2021-02-02 18:36:49Z INFO ConfigurationStore] IsConfigured()
[2021-02-02 18:36:49Z INFO ConfigurationStore] IsConfigured: True
[2021-02-02 18:36:49Z INFO ConfigurationManager] Is configured: True
[2021-02-02 18:36:49Z INFO Runner] Could not parse the argument value '' for StartupType. Defaulting to Manual
[2021-02-02 18:36:49Z INFO Runner] Set runner startup type - Manual
[2021-02-02 18:36:49Z INFO CommandSettings] Flag 'once': 'False'
[2021-02-02 18:36:49Z INFO Runner] RunAsync
[2021-02-02 18:36:49Z INFO ConfigurationManager] LoadSettings
[2021-02-02 18:36:49Z INFO ConfigurationStore] IsConfigured()
[2021-02-02 18:36:49Z INFO ConfigurationStore] IsConfigured: True
[2021-02-02 18:36:49Z INFO ConfigurationManager] Is configured: True
[2021-02-02 18:36:49Z INFO ConfigurationManager] Settings Loaded
[2021-02-02 18:36:49Z INFO MessageListener] {
  "AgentId": 2,
  "AgentName": "Site",
  "PoolId": 1,
  "PoolName": "Default",
  "ServerUrl": "https://pipelines.actions.githubusercontent.com/QVeLwaMWQkInkFv2fQ4ZitZZRK5MJcNtIgxToLGcPg8KerswEn",
  "GitHubUrl": "https://github.com/Bde-Saintonge/Site",
  "WorkFolder": "_work"
}
[2021-02-02 18:36:49Z INFO MessageListener] Loading Credentials
[2021-02-02 18:36:49Z INFO ConfigurationStore] HasCredentials()
[2021-02-02 18:36:49Z INFO ConfigurationStore] stored True
[2021-02-02 18:36:49Z INFO CredentialManager] GetCredentialProvider
[2021-02-02 18:36:49Z INFO CredentialManager] Creating type OAuth
[2021-02-02 18:36:49Z INFO CredentialManager] Creating credential type: OAuth
[2021-02-02 18:36:49Z INFO HostContext] Well known directory 'Bin': '/home/site/bde/actions-runner/bin'
[2021-02-02 18:36:49Z INFO HostContext] Well known directory 'Root': '/home/site/bde/actions-runner'
[2021-02-02 18:36:49Z INFO HostContext] Well known config file 'RSACredentials': '/home/site/bde/actions-runner/.credentials_rsaparams'
[2021-02-02 18:36:49Z INFO RSAFileKeyManager] Loading RSA key parameters from file /home/site/bde/actions-runner/.credentials_rsaparams
[2021-02-02 18:36:49Z INFO MessageListener] Attempt to create session.
[2021-02-02 18:36:49Z INFO MessageListener] Connecting to the Runner Server...
[2021-02-02 18:36:49Z INFO RunnerServer] Establish connection with 100 seconds timeout.
[2021-02-02 18:36:49Z INFO GitHubActionsService] Starting operation Location.GetConnectionData
[2021-02-02 18:36:49Z INFO RunnerServer] Establish connection with 60 seconds timeout.
[2021-02-02 18:36:49Z INFO GitHubActionsService] Starting operation Location.GetConnectionData
[2021-02-02 18:36:49Z INFO RunnerServer] Establish connection with 60 seconds timeout.
[2021-02-02 18:36:49Z INFO GitHubActionsService] Starting operation Location.GetConnectionData
[2021-02-02 18:36:50Z INFO GitHubActionsService] Finished operation Location.GetConnectionData
[2021-02-02 18:36:50Z INFO GitHubActionsService] Finished operation Location.GetConnectionData
[2021-02-02 18:36:50Z INFO GitHubActionsService] Finished operation Location.GetConnectionData
[2021-02-02 18:36:50Z INFO MessageListener] VssConnection created
[2021-02-02 18:36:50Z INFO Terminal] WRITE LINE: 
[2021-02-02 18:36:50Z INFO Terminal] WRITE LINE: 
[2021-02-02 18:36:50Z WARN GitHubActionsService] Authentication failed with status code 401.
WWW-Authenticate: Bearer
Strict-Transport-Security: max-age=2592000
X-TFS-ProcessId: 9c9460c1-442d-4cc9-b434-04f549c4cd17
ActivityId: d69fd776-e3b6-40e8-b498-4acc83cfb870
X-TFS-Session: 9da0a023-e3e4-417a-b28b-cc9dd9589781
X-VSS-E2EID: 51e2be09-b30f-4aae-8baa-a120f97e4e41
X-VSS-SenderDeploymentId: 2c974d96-2c30-cef5-eff2-3e0511a903a5
X-TFS-ServiceError: The+user+%27System%3aPublicAccess%3baaaaaaaa-aaaa-aaaa-aaaa-aaaaaaaaaaaa%27+is+not+authorized+to+access+this+resource.
X-VSS-S2STargetService: 0000005A-0000-8888-8000-000000000000/visualstudio.com
X-MSEdge-Ref: Ref A: 9A375EDD283B4534A6A1526AD29972FF Ref B: MRS20EDGE0119 Ref C: 2021-02-02T18:36:50Z
Date: Tue, 02 Feb 2021 18:36:50 GMT

[2021-02-02 18:36:50Z INFO RSAFileKeyManager] Loading RSA key parameters from file /home/site/bde/actions-runner/.credentials_rsaparams
[2021-02-02 18:36:50Z INFO RSAFileKeyManager] Loading RSA key parameters from file /home/site/bde/actions-runner/.credentials_rsaparams
[2021-02-02 18:36:51Z INFO GitHubActionsService] AAD Correlation ID for this token request: Unknown
[2021-02-02 18:36:52Z INFO MessageListener] Session created.
[2021-02-02 18:36:52Z INFO Terminal] WRITE LINE: 2021-02-02 18:36:52Z: Listening for Jobs
[2021-02-02 18:36:52Z INFO JobDispatcher] Set runner/worker IPC timeout to 30 seconds.
[2021-02-02 18:36:55Z INFO Terminal] WRITE LINE: Exiting...
[2021-02-02 18:36:55Z INFO ConfigurationStore] IsServiceConfigured()
[2021-02-02 18:36:55Z INFO ConfigurationStore] IsServiceConfigured: False
[2021-02-02 18:36:55Z INFO HostContext] Runner will be shutdown for UserCancelled
[2021-02-02 18:36:55Z WARN GitHubActionsService] GET request to https://pipelines.actions.githubusercontent.com/QVeLwaMWQkInkFv2fQ4ZitZZRK5MJcNtIgxToLGcPg8KerswEn/_apis/distributedtask/pools/1/messages?sessionId=ad8b341a-6a4f-4469-a601-e7f8e300a9d7 has been cancelled.
[2021-02-02 18:36:55Z INFO MessageListener] Get next message has been cancelled.
[2021-02-02 18:36:55Z INFO JobDispatcher] Shutting down JobDispatcher. Make sure all WorkerDispatcher has finished.
[2021-02-02 18:36:56Z INFO Listener] Runner execution been cancelled.
