[2021-02-02 21:04:11Z INFO HostContext] No proxy settings were found based on environmental variables (http_proxy/https_proxy/HTTP_PROXY/HTTPS_PROXY)
[2021-02-02 21:04:11Z INFO HostContext] Well known directory 'Bin': '/home/site/bde/actions-runner/bin'
[2021-02-02 21:04:11Z INFO HostContext] Well known directory 'Root': '/home/site/bde/actions-runner'
[2021-02-02 21:04:11Z INFO HostContext] Well known config file 'Credentials': '/home/site/bde/actions-runner/.credentials'
[2021-02-02 21:04:12Z INFO Listener] Runner is built for Linux (X64) - linux-x64.
[2021-02-02 21:04:12Z INFO Listener] RuntimeInformation: Linux 4.19.0-14-amd64 #1 SMP Debian 4.19.171-2 (2021-01-30).
[2021-02-02 21:04:12Z INFO Listener] Version: 2.276.1
[2021-02-02 21:04:12Z INFO Listener] Commit: 5effa808be96eae7f2e08d713426b8d056bddff1
[2021-02-02 21:04:12Z INFO Listener] Culture: fr-FR
[2021-02-02 21:04:12Z INFO Listener] UI Culture: fr-FR
[2021-02-02 21:04:12Z INFO HostContext] Well known directory 'Bin': '/home/site/bde/actions-runner/bin'
[2021-02-02 21:04:12Z INFO HostContext] Well known directory 'Root': '/home/site/bde/actions-runner'
[2021-02-02 21:04:12Z INFO Listener] Validating directory permissions for: '/home/site/bde/actions-runner'
[2021-02-02 21:04:12Z INFO CommandLineParser] Parse
[2021-02-02 21:04:12Z INFO CommandLineParser] Parsing 5 args
[2021-02-02 21:04:12Z INFO CommandLineParser] parsing argument
[2021-02-02 21:04:12Z INFO CommandLineParser] HasArgs: False
[2021-02-02 21:04:12Z INFO CommandLineParser] Adding Command: configure
[2021-02-02 21:04:12Z INFO CommandLineParser] parsing argument
[2021-02-02 21:04:12Z INFO CommandLineParser] HasArgs: True
[2021-02-02 21:04:12Z INFO CommandLineParser] arg: url
[2021-02-02 21:04:12Z INFO CommandLineParser] parsing argument
[2021-02-02 21:04:12Z INFO CommandLineParser] HasArgs: True
[2021-02-02 21:04:12Z INFO CommandLineParser] Adding option 'url': 'https://github.com/Bde-Saintonge/Site'
[2021-02-02 21:04:12Z INFO CommandLineParser] parsing argument
[2021-02-02 21:04:12Z INFO CommandLineParser] HasArgs: True
[2021-02-02 21:04:12Z INFO CommandLineParser] arg: token
[2021-02-02 21:04:12Z INFO CommandLineParser] parsing argument
[2021-02-02 21:04:12Z INFO CommandLineParser] HasArgs: True
[2021-02-02 21:04:12Z INFO CommandLineParser] Adding option 'token': '***'
[2021-02-02 21:04:12Z INFO Listener] Arguments parsed
[2021-02-02 21:04:12Z INFO Runner] ExecuteCommand
[2021-02-02 21:04:12Z INFO ConfigurationStore] currentAssemblyLocation: /home/site/bde/actions-runner/bin/Runner.Listener.dll
[2021-02-02 21:04:12Z INFO HostContext] Well known directory 'Bin': '/home/site/bde/actions-runner/bin'
[2021-02-02 21:04:12Z INFO ConfigurationStore] binPath: /home/site/bde/actions-runner/bin
[2021-02-02 21:04:12Z INFO HostContext] Well known directory 'Bin': '/home/site/bde/actions-runner/bin'
[2021-02-02 21:04:12Z INFO HostContext] Well known directory 'Root': '/home/site/bde/actions-runner'
[2021-02-02 21:04:12Z INFO ConfigurationStore] RootFolder: /home/site/bde/actions-runner
[2021-02-02 21:04:12Z INFO HostContext] Well known directory 'Bin': '/home/site/bde/actions-runner/bin'
[2021-02-02 21:04:12Z INFO HostContext] Well known directory 'Root': '/home/site/bde/actions-runner'
[2021-02-02 21:04:12Z INFO HostContext] Well known config file 'Runner': '/home/site/bde/actions-runner/.runner'
[2021-02-02 21:04:12Z INFO ConfigurationStore] ConfigFilePath: /home/site/bde/actions-runner/.runner
[2021-02-02 21:04:12Z INFO HostContext] Well known directory 'Bin': '/home/site/bde/actions-runner/bin'
[2021-02-02 21:04:12Z INFO HostContext] Well known directory 'Root': '/home/site/bde/actions-runner'
[2021-02-02 21:04:12Z INFO HostContext] Well known config file 'Credentials': '/home/site/bde/actions-runner/.credentials'
[2021-02-02 21:04:12Z INFO ConfigurationStore] CredFilePath: /home/site/bde/actions-runner/.credentials
[2021-02-02 21:04:12Z INFO HostContext] Well known directory 'Bin': '/home/site/bde/actions-runner/bin'
[2021-02-02 21:04:12Z INFO HostContext] Well known directory 'Root': '/home/site/bde/actions-runner'
[2021-02-02 21:04:12Z INFO HostContext] Well known config file 'MigratedCredentials': '/home/site/bde/actions-runner/.credentials_migrated'
[2021-02-02 21:04:12Z INFO ConfigurationStore] MigratedCredFilePath: /home/site/bde/actions-runner/.credentials_migrated
[2021-02-02 21:04:12Z INFO HostContext] Well known directory 'Bin': '/home/site/bde/actions-runner/bin'
[2021-02-02 21:04:12Z INFO HostContext] Well known directory 'Root': '/home/site/bde/actions-runner'
[2021-02-02 21:04:12Z INFO HostContext] Well known config file 'Service': '/home/site/bde/actions-runner/.service'
[2021-02-02 21:04:12Z INFO ConfigurationStore] ServiceConfigFilePath: /home/site/bde/actions-runner/.service
[2021-02-02 21:04:12Z INFO CommandSettings] Flag 'help': 'False'
[2021-02-02 21:04:12Z INFO CommandSettings] Flag 'version': 'False'
[2021-02-02 21:04:12Z INFO CommandSettings] Flag 'commit': 'False'
[2021-02-02 21:04:12Z INFO CommandSettings] Flag 'check': 'False'
[2021-02-02 21:04:12Z INFO CommandSettings] Command 'configure': 'True'
[2021-02-02 21:04:12Z INFO Terminal] WRITE LINE: 
[2021-02-02 21:04:12Z INFO Terminal] WRITE LINE: --------------------------------------------------------------------------------
[2021-02-02 21:04:12Z INFO Terminal] WRITE LINE: |        ____ _ _   _   _       _          _        _   _                      |
[2021-02-02 21:04:12Z INFO Terminal] WRITE LINE: |       / ___(_) |_| | | |_   _| |__      / \   ___| |_(_) ___  _ __  ___      |
[2021-02-02 21:04:12Z INFO Terminal] WRITE LINE: |      | |  _| | __| |_| | | | | '_ \    / _ \ / __| __| |/ _ \| '_ \/ __|     |
[2021-02-02 21:04:12Z INFO Terminal] WRITE LINE: |      | |_| | | |_|  _  | |_| | |_) |  / ___ \ (__| |_| | (_) | | | \__ \     |
[2021-02-02 21:04:12Z INFO Terminal] WRITE LINE: |       \____|_|\__|_| |_|\__,_|_.__/  /_/   \_\___|\__|_|\___/|_| |_|___/     |
[2021-02-02 21:04:12Z INFO Terminal] WRITE LINE: |                                                                              |
[2021-02-02 21:04:12Z INFO Terminal] WRITE: |                       
[2021-02-02 21:04:12Z INFO Terminal] WRITE: Self-hosted runner registration
[2021-02-02 21:04:12Z INFO Terminal] WRITE LINE:                         |
[2021-02-02 21:04:12Z INFO Terminal] WRITE LINE: |                                                                              |
[2021-02-02 21:04:12Z INFO Terminal] WRITE LINE: --------------------------------------------------------------------------------
[2021-02-02 21:04:12Z INFO ConfigurationManager] ConfigureAsync
[2021-02-02 21:04:12Z INFO ConfigurationStore] IsConfigured()
[2021-02-02 21:04:12Z INFO ConfigurationStore] IsConfigured: True
[2021-02-02 21:04:12Z INFO ConfigurationManager] Is configured: True
[2021-02-02 21:04:12Z ERR  Runner] System.InvalidOperationException: Cannot configure the runner because it is already configured. To reconfigure the runner, run 'config.cmd remove' or './config.sh remove' first.
   at GitHub.Runner.Listener.Configuration.ConfigurationManager.ConfigureAsync(CommandSettings command)
   at GitHub.Runner.Listener.Runner.ExecuteCommand(CommandSettings command)
[2021-02-02 21:04:12Z ERR  Terminal] WRITE ERROR: Cannot configure the runner because it is already configured. To reconfigure the runner, run 'config.cmd remove' or './config.sh remove' first.
[2021-02-02 21:04:12Z INFO Listener] Runner execution has finished with return code 1
