[2021-02-02 21:05:43Z INFO HostContext] No proxy settings were found based on environmental variables (http_proxy/https_proxy/HTTP_PROXY/HTTPS_PROXY)
[2021-02-02 21:05:43Z INFO HostContext] Well known directory 'Bin': '/home/site/bde/actions-runner/bin'
[2021-02-02 21:05:43Z INFO HostContext] Well known directory 'Root': '/home/site/bde/actions-runner'
[2021-02-02 21:05:43Z INFO HostContext] Well known config file 'Credentials': '/home/site/bde/actions-runner/.credentials'
[2021-02-02 21:05:43Z INFO Listener] Runner is built for Linux (X64) - linux-x64.
[2021-02-02 21:05:43Z INFO Listener] RuntimeInformation: Linux 4.19.0-14-amd64 #1 SMP Debian 4.19.171-2 (2021-01-30).
[2021-02-02 21:05:43Z INFO Listener] Version: 2.276.1
[2021-02-02 21:05:43Z INFO Listener] Commit: 5effa808be96eae7f2e08d713426b8d056bddff1
[2021-02-02 21:05:43Z INFO Listener] Culture: fr-FR
[2021-02-02 21:05:43Z INFO Listener] UI Culture: fr-FR
[2021-02-02 21:05:43Z INFO HostContext] Well known directory 'Bin': '/home/site/bde/actions-runner/bin'
[2021-02-02 21:05:43Z INFO HostContext] Well known directory 'Root': '/home/site/bde/actions-runner'
[2021-02-02 21:05:43Z INFO Listener] Validating directory permissions for: '/home/site/bde/actions-runner'
[2021-02-02 21:05:43Z INFO CommandLineParser] Parse
[2021-02-02 21:05:43Z INFO CommandLineParser] Parsing 1 args
[2021-02-02 21:05:43Z INFO CommandLineParser] parsing argument
[2021-02-02 21:05:43Z INFO CommandLineParser] HasArgs: False
[2021-02-02 21:05:43Z INFO CommandLineParser] Adding Command: run
[2021-02-02 21:05:43Z INFO Listener] Arguments parsed
[2021-02-02 21:05:43Z INFO Runner] ExecuteCommand
[2021-02-02 21:05:43Z INFO ConfigurationStore] currentAssemblyLocation: /home/site/bde/actions-runner/bin/Runner.Listener.dll
[2021-02-02 21:05:43Z INFO HostContext] Well known directory 'Bin': '/home/site/bde/actions-runner/bin'
[2021-02-02 21:05:43Z INFO ConfigurationStore] binPath: /home/site/bde/actions-runner/bin
[2021-02-02 21:05:43Z INFO HostContext] Well known directory 'Bin': '/home/site/bde/actions-runner/bin'
[2021-02-02 21:05:43Z INFO HostContext] Well known directory 'Root': '/home/site/bde/actions-runner'
[2021-02-02 21:05:43Z INFO ConfigurationStore] RootFolder: /home/site/bde/actions-runner
[2021-02-02 21:05:43Z INFO HostContext] Well known directory 'Bin': '/home/site/bde/actions-runner/bin'
[2021-02-02 21:05:43Z INFO HostContext] Well known directory 'Root': '/home/site/bde/actions-runner'
[2021-02-02 21:05:43Z INFO HostContext] Well known config file 'Runner': '/home/site/bde/actions-runner/.runner'
[2021-02-02 21:05:43Z INFO ConfigurationStore] ConfigFilePath: /home/site/bde/actions-runner/.runner
[2021-02-02 21:05:43Z INFO HostContext] Well known directory 'Bin': '/home/site/bde/actions-runner/bin'
[2021-02-02 21:05:43Z INFO HostContext] Well known directory 'Root': '/home/site/bde/actions-runner'
[2021-02-02 21:05:43Z INFO HostContext] Well known config file 'Credentials': '/home/site/bde/actions-runner/.credentials'
[2021-02-02 21:05:43Z INFO ConfigurationStore] CredFilePath: /home/site/bde/actions-runner/.credentials
[2021-02-02 21:05:43Z INFO HostContext] Well known directory 'Bin': '/home/site/bde/actions-runner/bin'
[2021-02-02 21:05:43Z INFO HostContext] Well known directory 'Root': '/home/site/bde/actions-runner'
[2021-02-02 21:05:43Z INFO HostContext] Well known config file 'MigratedCredentials': '/home/site/bde/actions-runner/.credentials_migrated'
[2021-02-02 21:05:43Z INFO ConfigurationStore] MigratedCredFilePath: /home/site/bde/actions-runner/.credentials_migrated
[2021-02-02 21:05:43Z INFO HostContext] Well known directory 'Bin': '/home/site/bde/actions-runner/bin'
[2021-02-02 21:05:43Z INFO HostContext] Well known directory 'Root': '/home/site/bde/actions-runner'
[2021-02-02 21:05:43Z INFO HostContext] Well known config file 'Service': '/home/site/bde/actions-runner/.service'
[2021-02-02 21:05:43Z INFO ConfigurationStore] ServiceConfigFilePath: /home/site/bde/actions-runner/.service
[2021-02-02 21:05:43Z INFO CommandSettings] Flag 'help': 'False'
[2021-02-02 21:05:43Z INFO CommandSettings] Flag 'version': 'False'
[2021-02-02 21:05:43Z INFO CommandSettings] Flag 'commit': 'False'
[2021-02-02 21:05:43Z INFO CommandSettings] Flag 'check': 'False'
[2021-02-02 21:05:43Z INFO CommandSettings] Command 'configure': 'False'
[2021-02-02 21:05:43Z INFO CommandSettings] Command 'remove': 'False'
[2021-02-02 21:05:43Z INFO CommandSettings] Command 'warmup': 'False'
[2021-02-02 21:05:43Z INFO ConfigurationManager] LoadSettings
[2021-02-02 21:05:43Z INFO ConfigurationStore] IsConfigured()
[2021-02-02 21:05:43Z INFO ConfigurationStore] IsConfigured: True
[2021-02-02 21:05:43Z INFO ConfigurationManager] Is configured: True
[2021-02-02 21:05:43Z INFO ConfigurationStore] Read setting file: 279 chars
[2021-02-02 21:05:43Z INFO ConfigurationManager] Settings Loaded
[2021-02-02 21:05:43Z INFO ConfigurationStore] IsServiceConfigured()
[2021-02-02 21:05:43Z INFO ConfigurationStore] IsServiceConfigured: False
[2021-02-02 21:05:43Z INFO CommandSettings] Command 'run': 'True'
[2021-02-02 21:05:43Z INFO ConfigurationStore] IsConfigured()
[2021-02-02 21:05:43Z INFO ConfigurationStore] IsConfigured: True
[2021-02-02 21:05:43Z INFO ConfigurationManager] Is configured: True
[2021-02-02 21:05:43Z INFO Runner] Could not parse the argument value '' for StartupType. Defaulting to Manual
[2021-02-02 21:05:43Z INFO Runner] Set runner startup type - Manual
[2021-02-02 21:05:43Z INFO CommandSettings] Flag 'once': 'False'
[2021-02-02 21:05:43Z INFO Runner] RunAsync
[2021-02-02 21:05:43Z INFO ConfigurationManager] LoadSettings
[2021-02-02 21:05:43Z INFO ConfigurationStore] IsConfigured()
[2021-02-02 21:05:43Z INFO ConfigurationStore] IsConfigured: True
[2021-02-02 21:05:43Z INFO ConfigurationManager] Is configured: True
[2021-02-02 21:05:43Z INFO ConfigurationManager] Settings Loaded
[2021-02-02 21:05:43Z INFO MessageListener] {
  "AgentId": 2,
  "AgentName": "Site",
  "PoolId": 1,
  "PoolName": "Default",
  "ServerUrl": "https://pipelines.actions.githubusercontent.com/QVeLwaMWQkInkFv2fQ4ZitZZRK5MJcNtIgxToLGcPg8KerswEn",
  "GitHubUrl": "https://github.com/Bde-Saintonge/Site",
  "WorkFolder": "_work"
}
[2021-02-02 21:05:43Z INFO MessageListener] Loading Credentials
[2021-02-02 21:05:43Z INFO ConfigurationStore] HasCredentials()
[2021-02-02 21:05:43Z INFO ConfigurationStore] stored True
[2021-02-02 21:05:43Z INFO CredentialManager] GetCredentialProvider
[2021-02-02 21:05:43Z INFO CredentialManager] Creating type OAuth
[2021-02-02 21:05:43Z INFO CredentialManager] Creating credential type: OAuth
[2021-02-02 21:05:43Z INFO HostContext] Well known directory 'Bin': '/home/site/bde/actions-runner/bin'
[2021-02-02 21:05:43Z INFO HostContext] Well known directory 'Root': '/home/site/bde/actions-runner'
[2021-02-02 21:05:43Z INFO HostContext] Well known config file 'RSACredentials': '/home/site/bde/actions-runner/.credentials_rsaparams'
[2021-02-02 21:05:43Z INFO RSAFileKeyManager] Loading RSA key parameters from file /home/site/bde/actions-runner/.credentials_rsaparams
[2021-02-02 21:05:43Z INFO MessageListener] Attempt to create session.
[2021-02-02 21:05:43Z INFO MessageListener] Connecting to the Runner Server...
[2021-02-02 21:05:43Z INFO RunnerServer] Establish connection with 100 seconds timeout.
[2021-02-02 21:05:43Z INFO GitHubActionsService] Starting operation Location.GetConnectionData
[2021-02-02 21:05:43Z INFO RunnerServer] Establish connection with 60 seconds timeout.
[2021-02-02 21:05:43Z INFO GitHubActionsService] Starting operation Location.GetConnectionData
[2021-02-02 21:05:43Z INFO RunnerServer] Establish connection with 60 seconds timeout.
[2021-02-02 21:05:43Z INFO GitHubActionsService] Starting operation Location.GetConnectionData
[2021-02-02 21:05:44Z INFO GitHubActionsService] Finished operation Location.GetConnectionData
[2021-02-02 21:05:44Z INFO GitHubActionsService] Finished operation Location.GetConnectionData
[2021-02-02 21:05:44Z INFO GitHubActionsService] Finished operation Location.GetConnectionData
[2021-02-02 21:05:44Z INFO MessageListener] VssConnection created
[2021-02-02 21:05:44Z INFO Terminal] WRITE LINE: 
[2021-02-02 21:05:44Z INFO Terminal] WRITE LINE: 
[2021-02-02 21:05:44Z WARN GitHubActionsService] Authentication failed with status code 401.
WWW-Authenticate: Bearer
Strict-Transport-Security: max-age=2592000
X-TFS-ProcessId: 0241bf1b-a93c-4983-800f-665ce5e69dd4
ActivityId: 29ccb039-ab62-460a-b9f5-300acc716844
X-TFS-Session: 3b2019d2-6381-495d-8fbb-e7f679658c6b
X-VSS-E2EID: 5f37bf09-c162-4e54-a4d5-310e8e5da48f
X-VSS-SenderDeploymentId: 2c974d96-2c30-cef5-eff2-3e0511a903a5
X-TFS-ServiceError: The+user+%27System%3aPublicAccess%3baaaaaaaa-aaaa-aaaa-aaaa-aaaaaaaaaaaa%27+is+not+authorized+to+access+this+resource.
X-VSS-S2STargetService: 0000005A-0000-8888-8000-000000000000/visualstudio.com
X-MSEdge-Ref: Ref A: C035843FF5084E15AA2ABA314C10168F Ref B: MRS20EDGE0114 Ref C: 2021-02-02T21:05:44Z
Date: Tue, 02 Feb 2021 21:05:44 GMT

[2021-02-02 21:05:44Z INFO RSAFileKeyManager] Loading RSA key parameters from file /home/site/bde/actions-runner/.credentials_rsaparams
[2021-02-02 21:05:44Z INFO RSAFileKeyManager] Loading RSA key parameters from file /home/site/bde/actions-runner/.credentials_rsaparams
[2021-02-02 21:05:45Z INFO GitHubActionsService] AAD Correlation ID for this token request: Unknown
[2021-02-02 21:05:45Z INFO MessageListener] Session created.
[2021-02-02 21:05:45Z INFO Terminal] WRITE LINE: 2021-02-02 21:05:45Z: Listening for Jobs
[2021-02-02 21:05:45Z INFO JobDispatcher] Set runner/worker IPC timeout to 30 seconds.
[2021-02-02 21:05:48Z INFO RSAFileKeyManager] Loading RSA key parameters from file /home/site/bde/actions-runner/.credentials_rsaparams
[2021-02-02 21:05:48Z INFO MessageListener] Message '13' received from session '25029a22-897a-4351-9460-6563e2f4f55b'.
[2021-02-02 21:05:48Z INFO JobDispatcher] Job request 12 for plan 47046eb3-cbc9-4ac0-9118-927bf7e79930 job ca395085-040a-526b-2ce8-bdc85f692774 received.
[2021-02-02 21:05:48Z INFO JobDispatcher] Pull OrchestrationId 47046eb3-cbc9-4ac0-9118-927bf7e79930.build.__default from JWT claims
[2021-02-02 21:05:48Z INFO Terminal] WRITE LINE: 2021-02-02 21:05:48Z: Running job: build
[2021-02-02 21:05:48Z INFO JobDispatcher] Start renew job request 12 for job ca395085-040a-526b-2ce8-bdc85f692774.
[2021-02-02 21:05:49Z INFO JobDispatcher] Successfully renew job request 12, job is valid till 02/02/2021 21:15:48
[2021-02-02 21:05:49Z INFO HostContext] Well known directory 'Bin': '/home/site/bde/actions-runner/bin'
[2021-02-02 21:05:49Z INFO ProcessInvokerWrapper] Starting process:
[2021-02-02 21:05:49Z INFO ProcessInvokerWrapper]   File name: '/home/site/bde/actions-runner/bin/Runner.Worker'
[2021-02-02 21:05:49Z INFO ProcessInvokerWrapper]   Arguments: 'spawnclient 100 103'
[2021-02-02 21:05:49Z INFO ProcessInvokerWrapper]   Working directory: '/home/site/bde/actions-runner/bin'
[2021-02-02 21:05:49Z INFO ProcessInvokerWrapper]   Require exit code zero: 'False'
[2021-02-02 21:05:49Z INFO ProcessInvokerWrapper]   Encoding web name:  ; code page: ''
[2021-02-02 21:05:49Z INFO ProcessInvokerWrapper]   Force kill process on cancellation: 'True'
[2021-02-02 21:05:49Z INFO ProcessInvokerWrapper]   Redirected STDIN: 'False'
[2021-02-02 21:05:49Z INFO ProcessInvokerWrapper]   Persist current code page: 'False'
[2021-02-02 21:05:49Z INFO ProcessInvokerWrapper]   Keep redirected STDIN open: 'False'
[2021-02-02 21:05:49Z INFO ProcessInvokerWrapper]   High priority process: 'True'
[2021-02-02 21:05:49Z INFO ProcessInvokerWrapper] Process started with process id 1660, waiting for process exit.
[2021-02-02 21:05:49Z INFO JobDispatcher] Send job request message to worker for job ca395085-040a-526b-2ce8-bdc85f692774.
[2021-02-02 21:05:49Z INFO JobNotification] Entering JobStarted Notification
[2021-02-02 21:05:49Z INFO JobNotification] Entering StartMonitor
[2021-02-02 21:05:52Z INFO ProcessInvokerWrapper] STDOUT/STDERR stream read finished.
[2021-02-02 21:05:52Z INFO ProcessInvokerWrapper] STDOUT/STDERR stream read finished.
[2021-02-02 21:05:52Z INFO ProcessInvokerWrapper] Finished process 1660 with exit code 100, and elapsed time 00:00:03.9188485.
[2021-02-02 21:05:52Z INFO JobDispatcher] Worker finished for job ca395085-040a-526b-2ce8-bdc85f692774. Code: 100
[2021-02-02 21:05:52Z INFO JobDispatcher] finish job request for job ca395085-040a-526b-2ce8-bdc85f692774 with result: Succeeded
[2021-02-02 21:05:52Z INFO Terminal] WRITE LINE: 2021-02-02 21:05:52Z: Job build completed with result: Succeeded
[2021-02-02 21:05:52Z INFO JobDispatcher] Stop renew job request for job ca395085-040a-526b-2ce8-bdc85f692774.
[2021-02-02 21:05:52Z INFO JobDispatcher] job renew has been canceled, stop renew job request 12.
[2021-02-02 21:05:52Z INFO JobNotification] Entering JobCompleted Notification
[2021-02-02 21:05:52Z INFO JobNotification] Entering EndMonitor
[2021-02-02 21:26:50Z INFO HostContext] Runner will be shutdown for UserCancelled
[2021-02-02 21:26:50Z WARN GitHubActionsService] GET request to https://pipelines.actions.githubusercontent.com/QVeLwaMWQkInkFv2fQ4ZitZZRK5MJcNtIgxToLGcPg8KerswEn/_apis/distributedtask/pools/1/messages?sessionId=25029a22-897a-4351-9460-6563e2f4f55b&lastMessageId=13 has been cancelled.
[2021-02-02 21:26:50Z INFO MessageListener] Get next message has been cancelled.
[2021-02-02 21:26:50Z INFO JobDispatcher] Shutting down JobDispatcher. Make sure all WorkerDispatcher has finished.
[2021-02-02 21:26:50Z INFO JobDispatcher] Ensure WorkerDispather for job ca395085-040a-526b-2ce8-bdc85f692774 run to finish, cancel any running job.
[2021-02-02 21:26:50Z INFO JobDispatcher] Job request ca395085-040a-526b-2ce8-bdc85f692774 processed succeed.
