[2021-02-02 19:39:43Z INFO HostContext] No proxy settings were found based on environmental variables (http_proxy/https_proxy/HTTP_PROXY/HTTPS_PROXY)
[2021-02-02 19:39:43Z INFO HostContext] Well known directory 'Bin': '/home/site/bde/actions-runner/bin'
[2021-02-02 19:39:43Z INFO HostContext] Well known directory 'Root': '/home/site/bde/actions-runner'
[2021-02-02 19:39:43Z INFO HostContext] Well known config file 'Credentials': '/home/site/bde/actions-runner/.credentials'
[2021-02-02 19:39:43Z INFO Listener] Runner is built for Linux (X64) - linux-x64.
[2021-02-02 19:39:43Z INFO Listener] RuntimeInformation: Linux 4.19.0-13-amd64 #1 SMP Debian 4.19.160-2 (2020-11-28).
[2021-02-02 19:39:43Z INFO Listener] Version: 2.276.1
[2021-02-02 19:39:43Z INFO Listener] Commit: 5effa808be96eae7f2e08d713426b8d056bddff1
[2021-02-02 19:39:43Z INFO Listener] Culture: fr-FR
[2021-02-02 19:39:43Z INFO Listener] UI Culture: fr-FR
[2021-02-02 19:39:43Z INFO HostContext] Well known directory 'Bin': '/home/site/bde/actions-runner/bin'
[2021-02-02 19:39:43Z INFO HostContext] Well known directory 'Root': '/home/site/bde/actions-runner'
[2021-02-02 19:39:43Z INFO Listener] Validating directory permissions for: '/home/site/bde/actions-runner'
[2021-02-02 19:39:43Z INFO CommandLineParser] Parse
[2021-02-02 19:39:43Z INFO CommandLineParser] Parsing 1 args
[2021-02-02 19:39:43Z INFO CommandLineParser] parsing argument
[2021-02-02 19:39:43Z INFO CommandLineParser] HasArgs: False
[2021-02-02 19:39:43Z INFO CommandLineParser] Adding Command: run
[2021-02-02 19:39:43Z INFO Listener] Arguments parsed
[2021-02-02 19:39:43Z INFO Runner] ExecuteCommand
[2021-02-02 19:39:43Z INFO ConfigurationStore] currentAssemblyLocation: /home/site/bde/actions-runner/bin/Runner.Listener.dll
[2021-02-02 19:39:43Z INFO HostContext] Well known directory 'Bin': '/home/site/bde/actions-runner/bin'
[2021-02-02 19:39:43Z INFO ConfigurationStore] binPath: /home/site/bde/actions-runner/bin
[2021-02-02 19:39:43Z INFO HostContext] Well known directory 'Bin': '/home/site/bde/actions-runner/bin'
[2021-02-02 19:39:43Z INFO HostContext] Well known directory 'Root': '/home/site/bde/actions-runner'
[2021-02-02 19:39:43Z INFO ConfigurationStore] RootFolder: /home/site/bde/actions-runner
[2021-02-02 19:39:43Z INFO HostContext] Well known directory 'Bin': '/home/site/bde/actions-runner/bin'
[2021-02-02 19:39:43Z INFO HostContext] Well known directory 'Root': '/home/site/bde/actions-runner'
[2021-02-02 19:39:43Z INFO HostContext] Well known config file 'Runner': '/home/site/bde/actions-runner/.runner'
[2021-02-02 19:39:43Z INFO ConfigurationStore] ConfigFilePath: /home/site/bde/actions-runner/.runner
[2021-02-02 19:39:43Z INFO HostContext] Well known directory 'Bin': '/home/site/bde/actions-runner/bin'
[2021-02-02 19:39:43Z INFO HostContext] Well known directory 'Root': '/home/site/bde/actions-runner'
[2021-02-02 19:39:43Z INFO HostContext] Well known config file 'Credentials': '/home/site/bde/actions-runner/.credentials'
[2021-02-02 19:39:43Z INFO ConfigurationStore] CredFilePath: /home/site/bde/actions-runner/.credentials
[2021-02-02 19:39:43Z INFO HostContext] Well known directory 'Bin': '/home/site/bde/actions-runner/bin'
[2021-02-02 19:39:43Z INFO HostContext] Well known directory 'Root': '/home/site/bde/actions-runner'
[2021-02-02 19:39:43Z INFO HostContext] Well known config file 'MigratedCredentials': '/home/site/bde/actions-runner/.credentials_migrated'
[2021-02-02 19:39:43Z INFO ConfigurationStore] MigratedCredFilePath: /home/site/bde/actions-runner/.credentials_migrated
[2021-02-02 19:39:43Z INFO HostContext] Well known directory 'Bin': '/home/site/bde/actions-runner/bin'
[2021-02-02 19:39:43Z INFO HostContext] Well known directory 'Root': '/home/site/bde/actions-runner'
[2021-02-02 19:39:43Z INFO HostContext] Well known config file 'Service': '/home/site/bde/actions-runner/.service'
[2021-02-02 19:39:43Z INFO ConfigurationStore] ServiceConfigFilePath: /home/site/bde/actions-runner/.service
[2021-02-02 19:39:43Z INFO CommandSettings] Flag 'help': 'False'
[2021-02-02 19:39:43Z INFO CommandSettings] Flag 'version': 'False'
[2021-02-02 19:39:43Z INFO CommandSettings] Flag 'commit': 'False'
[2021-02-02 19:39:43Z INFO CommandSettings] Flag 'check': 'False'
[2021-02-02 19:39:43Z INFO CommandSettings] Command 'configure': 'False'
[2021-02-02 19:39:43Z INFO CommandSettings] Command 'remove': 'False'
[2021-02-02 19:39:43Z INFO CommandSettings] Command 'warmup': 'False'
[2021-02-02 19:39:43Z INFO ConfigurationManager] LoadSettings
[2021-02-02 19:39:43Z INFO ConfigurationStore] IsConfigured()
[2021-02-02 19:39:43Z INFO ConfigurationStore] IsConfigured: True
[2021-02-02 19:39:43Z INFO ConfigurationManager] Is configured: True
[2021-02-02 19:39:43Z INFO ConfigurationStore] Read setting file: 279 chars
[2021-02-02 19:39:43Z INFO ConfigurationManager] Settings Loaded
[2021-02-02 19:39:43Z INFO ConfigurationStore] IsServiceConfigured()
[2021-02-02 19:39:43Z INFO ConfigurationStore] IsServiceConfigured: False
[2021-02-02 19:39:43Z INFO CommandSettings] Command 'run': 'True'
[2021-02-02 19:39:43Z INFO ConfigurationStore] IsConfigured()
[2021-02-02 19:39:43Z INFO ConfigurationStore] IsConfigured: True
[2021-02-02 19:39:43Z INFO ConfigurationManager] Is configured: True
[2021-02-02 19:39:43Z INFO Runner] Could not parse the argument value '' for StartupType. Defaulting to Manual
[2021-02-02 19:39:43Z INFO Runner] Set runner startup type - Manual
[2021-02-02 19:39:43Z INFO CommandSettings] Flag 'once': 'False'
[2021-02-02 19:39:43Z INFO Runner] RunAsync
[2021-02-02 19:39:43Z INFO ConfigurationManager] LoadSettings
[2021-02-02 19:39:43Z INFO ConfigurationStore] IsConfigured()
[2021-02-02 19:39:43Z INFO ConfigurationStore] IsConfigured: True
[2021-02-02 19:39:43Z INFO ConfigurationManager] Is configured: True
[2021-02-02 19:39:43Z INFO ConfigurationManager] Settings Loaded
[2021-02-02 19:39:43Z INFO MessageListener] {
  "AgentId": 2,
  "AgentName": "Site",
  "PoolId": 1,
  "PoolName": "Default",
  "ServerUrl": "https://pipelines.actions.githubusercontent.com/QVeLwaMWQkInkFv2fQ4ZitZZRK5MJcNtIgxToLGcPg8KerswEn",
  "GitHubUrl": "https://github.com/Bde-Saintonge/Site",
  "WorkFolder": "_work"
}
[2021-02-02 19:39:43Z INFO MessageListener] Loading Credentials
[2021-02-02 19:39:43Z INFO ConfigurationStore] HasCredentials()
[2021-02-02 19:39:43Z INFO ConfigurationStore] stored True
[2021-02-02 19:39:43Z INFO CredentialManager] GetCredentialProvider
[2021-02-02 19:39:43Z INFO CredentialManager] Creating type OAuth
[2021-02-02 19:39:43Z INFO CredentialManager] Creating credential type: OAuth
[2021-02-02 19:39:43Z INFO HostContext] Well known directory 'Bin': '/home/site/bde/actions-runner/bin'
[2021-02-02 19:39:43Z INFO HostContext] Well known directory 'Root': '/home/site/bde/actions-runner'
[2021-02-02 19:39:43Z INFO HostContext] Well known config file 'RSACredentials': '/home/site/bde/actions-runner/.credentials_rsaparams'
[2021-02-02 19:39:43Z INFO RSAFileKeyManager] Loading RSA key parameters from file /home/site/bde/actions-runner/.credentials_rsaparams
[2021-02-02 19:39:43Z INFO MessageListener] Attempt to create session.
[2021-02-02 19:39:43Z INFO MessageListener] Connecting to the Runner Server...
[2021-02-02 19:39:43Z INFO RunnerServer] Establish connection with 100 seconds timeout.
[2021-02-02 19:39:43Z INFO GitHubActionsService] Starting operation Location.GetConnectionData
[2021-02-02 19:39:43Z INFO RunnerServer] Establish connection with 60 seconds timeout.
[2021-02-02 19:39:43Z INFO GitHubActionsService] Starting operation Location.GetConnectionData
[2021-02-02 19:39:43Z INFO RunnerServer] Establish connection with 60 seconds timeout.
[2021-02-02 19:39:43Z INFO GitHubActionsService] Starting operation Location.GetConnectionData
[2021-02-02 19:39:44Z INFO GitHubActionsService] Finished operation Location.GetConnectionData
[2021-02-02 19:39:44Z INFO GitHubActionsService] Finished operation Location.GetConnectionData
[2021-02-02 19:39:44Z INFO GitHubActionsService] Finished operation Location.GetConnectionData
[2021-02-02 19:39:44Z INFO MessageListener] VssConnection created
[2021-02-02 19:39:44Z INFO Terminal] WRITE LINE: 
[2021-02-02 19:39:44Z INFO Terminal] WRITE LINE: 
[2021-02-02 19:39:44Z WARN GitHubActionsService] Authentication failed with status code 401.
WWW-Authenticate: Bearer
Strict-Transport-Security: max-age=2592000
X-TFS-ProcessId: edbf39e7-38c0-4384-bfd2-0714b7ff201f
ActivityId: 75b92f07-cb21-431b-957c-7937ca43b36e
X-TFS-Session: 808e312b-2658-4e59-b573-8c52c50c2305
X-VSS-E2EID: 7fe628f3-330b-4521-a843-3b3034c9547f
X-VSS-SenderDeploymentId: 2c974d96-2c30-cef5-eff2-3e0511a903a5
X-TFS-ServiceError: The+user+%27System%3aPublicAccess%3baaaaaaaa-aaaa-aaaa-aaaa-aaaaaaaaaaaa%27+is+not+authorized+to+access+this+resource.
X-VSS-S2STargetService: 0000005A-0000-8888-8000-000000000000/visualstudio.com
X-MSEdge-Ref: Ref A: 779331E3184D49E2BC4ED8569F938694 Ref B: MRS20EDGE0120 Ref C: 2021-02-02T19:39:44Z
Date: Tue, 02 Feb 2021 19:39:43 GMT

[2021-02-02 19:39:44Z INFO RSAFileKeyManager] Loading RSA key parameters from file /home/site/bde/actions-runner/.credentials_rsaparams
[2021-02-02 19:39:44Z INFO RSAFileKeyManager] Loading RSA key parameters from file /home/site/bde/actions-runner/.credentials_rsaparams
[2021-02-02 19:39:45Z INFO GitHubActionsService] AAD Correlation ID for this token request: Unknown
[2021-02-02 19:39:45Z INFO MessageListener] Session created.
[2021-02-02 19:39:45Z INFO Terminal] WRITE LINE: 2021-02-02 19:39:45Z: Listening for Jobs
[2021-02-02 19:39:45Z INFO JobDispatcher] Set runner/worker IPC timeout to 30 seconds.
[2021-02-02 19:39:52Z INFO RSAFileKeyManager] Loading RSA key parameters from file /home/site/bde/actions-runner/.credentials_rsaparams
[2021-02-02 19:39:52Z INFO MessageListener] Message '4' received from session 'fc98aca5-aa9e-465e-9ab2-33777b8a8b1c'.
[2021-02-02 19:39:52Z INFO JobDispatcher] Job request 4 for plan 8d05b4e8-1957-4fb8-8330-e65b786b491f job ca395085-040a-526b-2ce8-bdc85f692774 received.
[2021-02-02 19:39:52Z INFO JobDispatcher] Pull OrchestrationId 8d05b4e8-1957-4fb8-8330-e65b786b491f.build.__default from JWT claims
[2021-02-02 19:39:52Z INFO Terminal] WRITE LINE: 2021-02-02 19:39:52Z: Running job: build
[2021-02-02 19:39:52Z INFO JobDispatcher] Start renew job request 4 for job ca395085-040a-526b-2ce8-bdc85f692774.
[2021-02-02 19:39:53Z INFO JobDispatcher] Successfully renew job request 4, job is valid till 02/02/2021 19:49:53
[2021-02-02 19:39:53Z INFO HostContext] Well known directory 'Bin': '/home/site/bde/actions-runner/bin'
[2021-02-02 19:39:53Z INFO ProcessInvokerWrapper] Starting process:
[2021-02-02 19:39:53Z INFO ProcessInvokerWrapper]   File name: '/home/site/bde/actions-runner/bin/Runner.Worker'
[2021-02-02 19:39:53Z INFO ProcessInvokerWrapper]   Arguments: 'spawnclient 100 103'
[2021-02-02 19:39:53Z INFO ProcessInvokerWrapper]   Working directory: '/home/site/bde/actions-runner/bin'
[2021-02-02 19:39:53Z INFO ProcessInvokerWrapper]   Require exit code zero: 'False'
[2021-02-02 19:39:53Z INFO ProcessInvokerWrapper]   Encoding web name:  ; code page: ''
[2021-02-02 19:39:53Z INFO ProcessInvokerWrapper]   Force kill process on cancellation: 'True'
[2021-02-02 19:39:53Z INFO ProcessInvokerWrapper]   Redirected STDIN: 'False'
[2021-02-02 19:39:53Z INFO ProcessInvokerWrapper]   Persist current code page: 'False'
[2021-02-02 19:39:53Z INFO ProcessInvokerWrapper]   Keep redirected STDIN open: 'False'
[2021-02-02 19:39:53Z INFO ProcessInvokerWrapper]   High priority process: 'True'
[2021-02-02 19:39:53Z INFO ProcessInvokerWrapper] Process started with process id 23477, waiting for process exit.
[2021-02-02 19:39:53Z INFO JobDispatcher] Send job request message to worker for job ca395085-040a-526b-2ce8-bdc85f692774.
[2021-02-02 19:39:53Z INFO JobNotification] Entering JobStarted Notification
[2021-02-02 19:39:53Z INFO JobNotification] Entering StartMonitor
[2021-02-02 19:40:02Z INFO ProcessInvokerWrapper] STDOUT/STDERR stream read finished.
[2021-02-02 19:40:02Z INFO ProcessInvokerWrapper] STDOUT/STDERR stream read finished.
[2021-02-02 19:40:02Z INFO ProcessInvokerWrapper] Finished process 23477 with exit code 102, and elapsed time 00:00:09.8885641.
[2021-02-02 19:40:02Z INFO JobDispatcher] Worker finished for job ca395085-040a-526b-2ce8-bdc85f692774. Code: 102
[2021-02-02 19:40:02Z INFO JobDispatcher] finish job request for job ca395085-040a-526b-2ce8-bdc85f692774 with result: Failed
[2021-02-02 19:40:02Z INFO Terminal] WRITE LINE: 2021-02-02 19:40:02Z: Job build completed with result: Failed
[2021-02-02 19:40:02Z INFO JobDispatcher] Stop renew job request for job ca395085-040a-526b-2ce8-bdc85f692774.
[2021-02-02 19:40:02Z INFO JobDispatcher] job renew has been canceled, stop renew job request 4.
[2021-02-02 19:40:02Z INFO JobNotification] Entering JobCompleted Notification
[2021-02-02 19:40:02Z INFO JobNotification] Entering EndMonitor
[2021-02-02 19:41:22Z INFO RSAFileKeyManager] Loading RSA key parameters from file /home/site/bde/actions-runner/.credentials_rsaparams
[2021-02-02 19:41:22Z INFO MessageListener] Message '5' received from session 'fc98aca5-aa9e-465e-9ab2-33777b8a8b1c'.
[2021-02-02 19:41:22Z INFO JobDispatcher] Job request 5 for plan cfe3723a-7533-41a8-954b-3aac1781d779 job ca395085-040a-526b-2ce8-bdc85f692774 received.
[2021-02-02 19:41:22Z INFO JobDispatcher] Pull OrchestrationId cfe3723a-7533-41a8-954b-3aac1781d779.build.__default from JWT claims
[2021-02-02 19:41:22Z INFO JobDispatcher] Job request ca395085-040a-526b-2ce8-bdc85f692774 processed succeed.
[2021-02-02 19:41:22Z INFO Terminal] WRITE LINE: 2021-02-02 19:41:22Z: Running job: build
[2021-02-02 19:41:22Z INFO JobDispatcher] Start renew job request 5 for job ca395085-040a-526b-2ce8-bdc85f692774.
[2021-02-02 19:41:23Z INFO JobDispatcher] Successfully renew job request 5, job is valid till 02/02/2021 19:51:22
[2021-02-02 19:41:23Z INFO HostContext] Well known directory 'Bin': '/home/site/bde/actions-runner/bin'
[2021-02-02 19:41:23Z INFO ProcessInvokerWrapper] Starting process:
[2021-02-02 19:41:23Z INFO ProcessInvokerWrapper]   File name: '/home/site/bde/actions-runner/bin/Runner.Worker'
[2021-02-02 19:41:23Z INFO ProcessInvokerWrapper]   Arguments: 'spawnclient 94 102'
[2021-02-02 19:41:23Z INFO ProcessInvokerWrapper]   Working directory: '/home/site/bde/actions-runner/bin'
[2021-02-02 19:41:23Z INFO ProcessInvokerWrapper]   Require exit code zero: 'False'
[2021-02-02 19:41:23Z INFO ProcessInvokerWrapper]   Encoding web name:  ; code page: ''
[2021-02-02 19:41:23Z INFO ProcessInvokerWrapper]   Force kill process on cancellation: 'True'
[2021-02-02 19:41:23Z INFO ProcessInvokerWrapper]   Redirected STDIN: 'False'
[2021-02-02 19:41:23Z INFO ProcessInvokerWrapper]   Persist current code page: 'False'
[2021-02-02 19:41:23Z INFO ProcessInvokerWrapper]   Keep redirected STDIN open: 'False'
[2021-02-02 19:41:23Z INFO ProcessInvokerWrapper]   High priority process: 'True'
[2021-02-02 19:41:23Z INFO ProcessInvokerWrapper] Process started with process id 23548, waiting for process exit.
[2021-02-02 19:41:23Z INFO JobDispatcher] Send job request message to worker for job ca395085-040a-526b-2ce8-bdc85f692774.
[2021-02-02 19:41:23Z INFO JobNotification] Entering JobStarted Notification
[2021-02-02 19:41:23Z INFO JobNotification] Entering StartMonitor
[2021-02-02 19:42:23Z INFO JobDispatcher] Successfully renew job request 5, job is valid till 02/02/2021 19:52:23
[2021-02-02 19:43:23Z INFO JobDispatcher] Successfully renew job request 5, job is valid till 02/02/2021 19:53:23
[2021-02-02 19:44:23Z INFO JobDispatcher] Successfully renew job request 5, job is valid till 02/02/2021 19:54:23
[2021-02-02 19:45:20Z INFO RSAFileKeyManager] Loading RSA key parameters from file /home/site/bde/actions-runner/.credentials_rsaparams
[2021-02-02 19:45:20Z INFO MessageListener] Message '6' received from session 'fc98aca5-aa9e-465e-9ab2-33777b8a8b1c'.
[2021-02-02 19:45:20Z INFO JobDispatcher] Job cancellation request ca395085-040a-526b-2ce8-bdc85f692774 received, cancellation timeout 5 minutes.
[2021-02-02 19:45:20Z INFO JobDispatcher] Send job cancellation message to worker for job ca395085-040a-526b-2ce8-bdc85f692774.
[2021-02-02 19:45:22Z INFO ProcessInvokerWrapper] STDOUT/STDERR stream read finished.
[2021-02-02 19:45:22Z INFO ProcessInvokerWrapper] STDOUT/STDERR stream read finished.
[2021-02-02 19:45:22Z INFO ProcessInvokerWrapper] Finished process 23548 with exit code 103, and elapsed time 00:03:59.7947721.
[2021-02-02 19:45:22Z INFO JobDispatcher] finish job request for job ca395085-040a-526b-2ce8-bdc85f692774 with result: Canceled
[2021-02-02 19:45:22Z INFO Terminal] WRITE LINE: 2021-02-02 19:45:22Z: Job build completed with result: Canceled
[2021-02-02 19:45:22Z INFO JobDispatcher] Stop renew job request for job ca395085-040a-526b-2ce8-bdc85f692774.
[2021-02-02 19:45:22Z INFO JobDispatcher] job renew has been canceled, stop renew job request 5.
[2021-02-02 19:45:22Z INFO JobNotification] Entering JobCompleted Notification
[2021-02-02 19:45:22Z INFO JobNotification] Entering EndMonitor
[2021-02-02 19:51:12Z INFO RSAFileKeyManager] Loading RSA key parameters from file /home/site/bde/actions-runner/.credentials_rsaparams
[2021-02-02 19:51:12Z INFO MessageListener] Message '7' received from session 'fc98aca5-aa9e-465e-9ab2-33777b8a8b1c'.
[2021-02-02 19:51:12Z INFO JobDispatcher] Job request 6 for plan e250f29f-4e6c-4370-a0ce-dfa7eee97439 job ca395085-040a-526b-2ce8-bdc85f692774 received.
[2021-02-02 19:51:12Z INFO JobDispatcher] Pull OrchestrationId e250f29f-4e6c-4370-a0ce-dfa7eee97439.build.__default from JWT claims
[2021-02-02 19:51:12Z INFO JobDispatcher] Job request ca395085-040a-526b-2ce8-bdc85f692774 processed succeed.
[2021-02-02 19:51:12Z INFO Terminal] WRITE LINE: 2021-02-02 19:51:12Z: Running job: build
[2021-02-02 19:51:12Z INFO JobDispatcher] Start renew job request 6 for job ca395085-040a-526b-2ce8-bdc85f692774.
[2021-02-02 19:51:12Z INFO JobDispatcher] Successfully renew job request 6, job is valid till 02/02/2021 20:01:12
[2021-02-02 19:51:12Z INFO HostContext] Well known directory 'Bin': '/home/site/bde/actions-runner/bin'
[2021-02-02 19:51:12Z INFO ProcessInvokerWrapper] Starting process:
[2021-02-02 19:51:12Z INFO ProcessInvokerWrapper]   File name: '/home/site/bde/actions-runner/bin/Runner.Worker'
[2021-02-02 19:51:12Z INFO ProcessInvokerWrapper]   Arguments: 'spawnclient 94 102'
[2021-02-02 19:51:12Z INFO ProcessInvokerWrapper]   Working directory: '/home/site/bde/actions-runner/bin'
[2021-02-02 19:51:12Z INFO ProcessInvokerWrapper]   Require exit code zero: 'False'
[2021-02-02 19:51:12Z INFO ProcessInvokerWrapper]   Encoding web name:  ; code page: ''
[2021-02-02 19:51:12Z INFO ProcessInvokerWrapper]   Force kill process on cancellation: 'True'
[2021-02-02 19:51:12Z INFO ProcessInvokerWrapper]   Redirected STDIN: 'False'
[2021-02-02 19:51:12Z INFO ProcessInvokerWrapper]   Persist current code page: 'False'
[2021-02-02 19:51:12Z INFO ProcessInvokerWrapper]   Keep redirected STDIN open: 'False'
[2021-02-02 19:51:12Z INFO ProcessInvokerWrapper]   High priority process: 'True'
[2021-02-02 19:51:12Z INFO ProcessInvokerWrapper] Process started with process id 23678, waiting for process exit.
[2021-02-02 19:51:12Z INFO JobDispatcher] Send job request message to worker for job ca395085-040a-526b-2ce8-bdc85f692774.
[2021-02-02 19:51:12Z INFO JobNotification] Entering JobStarted Notification
[2021-02-02 19:51:12Z INFO JobNotification] Entering StartMonitor
[2021-02-02 19:51:18Z INFO ProcessInvokerWrapper] STDOUT/STDERR stream read finished.
[2021-02-02 19:51:18Z INFO ProcessInvokerWrapper] STDOUT/STDERR stream read finished.
[2021-02-02 19:51:18Z INFO ProcessInvokerWrapper] Finished process 23678 with exit code 102, and elapsed time 00:00:05.1589679.
[2021-02-02 19:51:18Z INFO JobDispatcher] Worker finished for job ca395085-040a-526b-2ce8-bdc85f692774. Code: 102
[2021-02-02 19:51:18Z INFO JobDispatcher] finish job request for job ca395085-040a-526b-2ce8-bdc85f692774 with result: Failed
[2021-02-02 19:51:18Z INFO Terminal] WRITE LINE: 2021-02-02 19:51:18Z: Job build completed with result: Failed
[2021-02-02 19:51:18Z INFO JobDispatcher] Stop renew job request for job ca395085-040a-526b-2ce8-bdc85f692774.
[2021-02-02 19:51:18Z INFO JobDispatcher] job renew has been canceled, stop renew job request 6.
[2021-02-02 19:51:18Z INFO JobNotification] Entering JobCompleted Notification
[2021-02-02 19:51:18Z INFO JobNotification] Entering EndMonitor
[2021-02-02 19:54:18Z INFO RSAFileKeyManager] Loading RSA key parameters from file /home/site/bde/actions-runner/.credentials_rsaparams
[2021-02-02 19:54:18Z INFO MessageListener] Message '8' received from session 'fc98aca5-aa9e-465e-9ab2-33777b8a8b1c'.
[2021-02-02 19:54:18Z INFO JobDispatcher] Job request 7 for plan b2da5962-8c4f-4c54-bcfd-38cd5f78995f job ca395085-040a-526b-2ce8-bdc85f692774 received.
[2021-02-02 19:54:18Z INFO JobDispatcher] Pull OrchestrationId b2da5962-8c4f-4c54-bcfd-38cd5f78995f.build.__default from JWT claims
[2021-02-02 19:54:18Z INFO JobDispatcher] Job request ca395085-040a-526b-2ce8-bdc85f692774 processed succeed.
[2021-02-02 19:54:18Z INFO Terminal] WRITE LINE: 2021-02-02 19:54:18Z: Running job: build
[2021-02-02 19:54:18Z INFO JobDispatcher] Start renew job request 7 for job ca395085-040a-526b-2ce8-bdc85f692774.
[2021-02-02 19:54:18Z INFO JobDispatcher] Successfully renew job request 7, job is valid till 02/02/2021 20:04:18
[2021-02-02 19:54:18Z INFO HostContext] Well known directory 'Bin': '/home/site/bde/actions-runner/bin'
[2021-02-02 19:54:18Z INFO ProcessInvokerWrapper] Starting process:
[2021-02-02 19:54:18Z INFO ProcessInvokerWrapper]   File name: '/home/site/bde/actions-runner/bin/Runner.Worker'
[2021-02-02 19:54:18Z INFO ProcessInvokerWrapper]   Arguments: 'spawnclient 94 102'
[2021-02-02 19:54:18Z INFO ProcessInvokerWrapper]   Working directory: '/home/site/bde/actions-runner/bin'
[2021-02-02 19:54:18Z INFO ProcessInvokerWrapper]   Require exit code zero: 'False'
[2021-02-02 19:54:18Z INFO ProcessInvokerWrapper]   Encoding web name:  ; code page: ''
[2021-02-02 19:54:18Z INFO ProcessInvokerWrapper]   Force kill process on cancellation: 'True'
[2021-02-02 19:54:18Z INFO ProcessInvokerWrapper]   Redirected STDIN: 'False'
[2021-02-02 19:54:18Z INFO ProcessInvokerWrapper]   Persist current code page: 'False'
[2021-02-02 19:54:18Z INFO ProcessInvokerWrapper]   Keep redirected STDIN open: 'False'
[2021-02-02 19:54:18Z INFO ProcessInvokerWrapper]   High priority process: 'True'
[2021-02-02 19:54:18Z INFO ProcessInvokerWrapper] Process started with process id 23723, waiting for process exit.
[2021-02-02 19:54:18Z INFO JobDispatcher] Send job request message to worker for job ca395085-040a-526b-2ce8-bdc85f692774.
[2021-02-02 19:54:18Z INFO JobNotification] Entering JobStarted Notification
[2021-02-02 19:54:18Z INFO JobNotification] Entering StartMonitor
[2021-02-02 19:54:27Z INFO ProcessInvokerWrapper] STDOUT/STDERR stream read finished.
[2021-02-02 19:54:27Z INFO ProcessInvokerWrapper] STDOUT/STDERR stream read finished.
[2021-02-02 19:54:27Z INFO ProcessInvokerWrapper] Finished process 23723 with exit code 102, and elapsed time 00:00:09.1011984.
[2021-02-02 19:54:27Z INFO JobDispatcher] Worker finished for job ca395085-040a-526b-2ce8-bdc85f692774. Code: 102
[2021-02-02 19:54:27Z INFO JobDispatcher] finish job request for job ca395085-040a-526b-2ce8-bdc85f692774 with result: Failed
[2021-02-02 19:54:27Z INFO Terminal] WRITE LINE: 2021-02-02 19:54:27Z: Job build completed with result: Failed
[2021-02-02 19:54:27Z INFO JobDispatcher] Stop renew job request for job ca395085-040a-526b-2ce8-bdc85f692774.
[2021-02-02 19:54:27Z INFO JobDispatcher] job renew has been canceled, stop renew job request 7.
[2021-02-02 19:54:27Z INFO JobNotification] Entering JobCompleted Notification
[2021-02-02 19:54:27Z INFO JobNotification] Entering EndMonitor
[2021-02-02 20:02:41Z INFO RSAFileKeyManager] Loading RSA key parameters from file /home/site/bde/actions-runner/.credentials_rsaparams
[2021-02-02 20:02:41Z INFO MessageListener] Message '9' received from session 'fc98aca5-aa9e-465e-9ab2-33777b8a8b1c'.
[2021-02-02 20:02:41Z INFO JobDispatcher] Job request 8 for plan 56ebda26-3dbc-49dd-881a-04be40fe8cff job ca395085-040a-526b-2ce8-bdc85f692774 received.
[2021-02-02 20:02:41Z INFO JobDispatcher] Pull OrchestrationId 56ebda26-3dbc-49dd-881a-04be40fe8cff.build.__default from JWT claims
[2021-02-02 20:02:41Z INFO JobDispatcher] Job request ca395085-040a-526b-2ce8-bdc85f692774 processed succeed.
[2021-02-02 20:02:41Z INFO Terminal] WRITE LINE: 2021-02-02 20:02:41Z: Running job: build
[2021-02-02 20:02:41Z INFO JobDispatcher] Start renew job request 8 for job ca395085-040a-526b-2ce8-bdc85f692774.
[2021-02-02 20:02:41Z INFO JobDispatcher] Successfully renew job request 8, job is valid till 02/02/2021 20:12:41
[2021-02-02 20:02:41Z INFO HostContext] Well known directory 'Bin': '/home/site/bde/actions-runner/bin'
[2021-02-02 20:02:41Z INFO ProcessInvokerWrapper] Starting process:
[2021-02-02 20:02:41Z INFO ProcessInvokerWrapper]   File name: '/home/site/bde/actions-runner/bin/Runner.Worker'
[2021-02-02 20:02:41Z INFO ProcessInvokerWrapper]   Arguments: 'spawnclient 94 103'
[2021-02-02 20:02:41Z INFO ProcessInvokerWrapper]   Working directory: '/home/site/bde/actions-runner/bin'
[2021-02-02 20:02:41Z INFO ProcessInvokerWrapper]   Require exit code zero: 'False'
[2021-02-02 20:02:41Z INFO ProcessInvokerWrapper]   Encoding web name:  ; code page: ''
[2021-02-02 20:02:41Z INFO ProcessInvokerWrapper]   Force kill process on cancellation: 'True'
[2021-02-02 20:02:41Z INFO ProcessInvokerWrapper]   Redirected STDIN: 'False'
[2021-02-02 20:02:41Z INFO ProcessInvokerWrapper]   Persist current code page: 'False'
[2021-02-02 20:02:41Z INFO ProcessInvokerWrapper]   Keep redirected STDIN open: 'False'
[2021-02-02 20:02:41Z INFO ProcessInvokerWrapper]   High priority process: 'True'
[2021-02-02 20:02:41Z INFO ProcessInvokerWrapper] Process started with process id 23837, waiting for process exit.
[2021-02-02 20:02:41Z INFO JobDispatcher] Send job request message to worker for job ca395085-040a-526b-2ce8-bdc85f692774.
[2021-02-02 20:02:41Z INFO JobNotification] Entering JobStarted Notification
[2021-02-02 20:02:41Z INFO JobNotification] Entering StartMonitor
[2021-02-02 20:02:47Z INFO ProcessInvokerWrapper] STDOUT/STDERR stream read finished.
[2021-02-02 20:02:47Z INFO ProcessInvokerWrapper] STDOUT/STDERR stream read finished.
[2021-02-02 20:02:47Z INFO ProcessInvokerWrapper] Finished process 23837 with exit code 102, and elapsed time 00:00:05.2571292.
[2021-02-02 20:02:47Z INFO JobDispatcher] Worker finished for job ca395085-040a-526b-2ce8-bdc85f692774. Code: 102
[2021-02-02 20:02:47Z INFO JobDispatcher] finish job request for job ca395085-040a-526b-2ce8-bdc85f692774 with result: Failed
[2021-02-02 20:02:47Z INFO Terminal] WRITE LINE: 2021-02-02 20:02:47Z: Job build completed with result: Failed
[2021-02-02 20:02:47Z INFO JobDispatcher] Stop renew job request for job ca395085-040a-526b-2ce8-bdc85f692774.
[2021-02-02 20:02:47Z INFO JobDispatcher] job renew has been canceled, stop renew job request 8.
[2021-02-02 20:02:47Z INFO JobNotification] Entering JobCompleted Notification
[2021-02-02 20:02:47Z INFO JobNotification] Entering EndMonitor
[2021-02-02 20:04:12Z INFO RSAFileKeyManager] Loading RSA key parameters from file /home/site/bde/actions-runner/.credentials_rsaparams
[2021-02-02 20:04:12Z INFO MessageListener] Message '10' received from session 'fc98aca5-aa9e-465e-9ab2-33777b8a8b1c'.
[2021-02-02 20:04:12Z INFO JobDispatcher] Job request 9 for plan 41910425-cd34-4d8c-922c-5a6160306218 job ca395085-040a-526b-2ce8-bdc85f692774 received.
[2021-02-02 20:04:12Z INFO JobDispatcher] Pull OrchestrationId 41910425-cd34-4d8c-922c-5a6160306218.build.__default from JWT claims
[2021-02-02 20:04:12Z INFO JobDispatcher] Job request ca395085-040a-526b-2ce8-bdc85f692774 processed succeed.
[2021-02-02 20:04:12Z INFO Terminal] WRITE LINE: 2021-02-02 20:04:12Z: Running job: build
[2021-02-02 20:04:12Z INFO JobDispatcher] Start renew job request 9 for job ca395085-040a-526b-2ce8-bdc85f692774.
[2021-02-02 20:04:13Z INFO JobDispatcher] Successfully renew job request 9, job is valid till 02/02/2021 20:14:13
[2021-02-02 20:04:13Z INFO HostContext] Well known directory 'Bin': '/home/site/bde/actions-runner/bin'
[2021-02-02 20:04:13Z INFO ProcessInvokerWrapper] Starting process:
[2021-02-02 20:04:13Z INFO ProcessInvokerWrapper]   File name: '/home/site/bde/actions-runner/bin/Runner.Worker'
[2021-02-02 20:04:13Z INFO ProcessInvokerWrapper]   Arguments: 'spawnclient 100 105'
[2021-02-02 20:04:13Z INFO ProcessInvokerWrapper]   Working directory: '/home/site/bde/actions-runner/bin'
[2021-02-02 20:04:13Z INFO ProcessInvokerWrapper]   Require exit code zero: 'False'
[2021-02-02 20:04:13Z INFO ProcessInvokerWrapper]   Encoding web name:  ; code page: ''
[2021-02-02 20:04:13Z INFO ProcessInvokerWrapper]   Force kill process on cancellation: 'True'
[2021-02-02 20:04:13Z INFO ProcessInvokerWrapper]   Redirected STDIN: 'False'
[2021-02-02 20:04:13Z INFO ProcessInvokerWrapper]   Persist current code page: 'False'
[2021-02-02 20:04:13Z INFO ProcessInvokerWrapper]   Keep redirected STDIN open: 'False'
[2021-02-02 20:04:13Z INFO ProcessInvokerWrapper]   High priority process: 'True'
[2021-02-02 20:04:13Z INFO ProcessInvokerWrapper] Process started with process id 23880, waiting for process exit.
[2021-02-02 20:04:13Z INFO JobDispatcher] Send job request message to worker for job ca395085-040a-526b-2ce8-bdc85f692774.
[2021-02-02 20:04:13Z INFO JobNotification] Entering JobStarted Notification
[2021-02-02 20:04:13Z INFO JobNotification] Entering StartMonitor
[2021-02-02 20:04:18Z INFO ProcessInvokerWrapper] STDOUT/STDERR stream read finished.
[2021-02-02 20:04:18Z INFO ProcessInvokerWrapper] STDOUT/STDERR stream read finished.
[2021-02-02 20:04:18Z INFO ProcessInvokerWrapper] Finished process 23880 with exit code 102, and elapsed time 00:00:05.2490185.
[2021-02-02 20:04:18Z INFO JobDispatcher] Worker finished for job ca395085-040a-526b-2ce8-bdc85f692774. Code: 102
[2021-02-02 20:04:18Z INFO JobDispatcher] finish job request for job ca395085-040a-526b-2ce8-bdc85f692774 with result: Failed
[2021-02-02 20:04:18Z INFO Terminal] WRITE LINE: 2021-02-02 20:04:18Z: Job build completed with result: Failed
[2021-02-02 20:04:18Z INFO JobDispatcher] Stop renew job request for job ca395085-040a-526b-2ce8-bdc85f692774.
[2021-02-02 20:04:18Z INFO JobDispatcher] job renew has been canceled, stop renew job request 9.
[2021-02-02 20:04:18Z INFO JobNotification] Entering JobCompleted Notification
[2021-02-02 20:04:18Z INFO JobNotification] Entering EndMonitor
[2021-02-02 20:07:20Z INFO RSAFileKeyManager] Loading RSA key parameters from file /home/site/bde/actions-runner/.credentials_rsaparams
[2021-02-02 20:07:20Z INFO MessageListener] Message '11' received from session 'fc98aca5-aa9e-465e-9ab2-33777b8a8b1c'.
[2021-02-02 20:07:20Z INFO JobDispatcher] Job request 10 for plan 043a4481-b65e-4be6-aea6-4da7e15b2413 job ca395085-040a-526b-2ce8-bdc85f692774 received.
[2021-02-02 20:07:20Z INFO JobDispatcher] Pull OrchestrationId 043a4481-b65e-4be6-aea6-4da7e15b2413.build.__default from JWT claims
[2021-02-02 20:07:20Z INFO JobDispatcher] Job request ca395085-040a-526b-2ce8-bdc85f692774 processed succeed.
[2021-02-02 20:07:20Z INFO Terminal] WRITE LINE: 2021-02-02 20:07:20Z: Running job: build
[2021-02-02 20:07:20Z INFO JobDispatcher] Start renew job request 10 for job ca395085-040a-526b-2ce8-bdc85f692774.
[2021-02-02 20:07:21Z INFO JobDispatcher] Successfully renew job request 10, job is valid till 02/02/2021 20:17:21
[2021-02-02 20:07:21Z INFO HostContext] Well known directory 'Bin': '/home/site/bde/actions-runner/bin'
[2021-02-02 20:07:21Z INFO ProcessInvokerWrapper] Starting process:
[2021-02-02 20:07:21Z INFO ProcessInvokerWrapper]   File name: '/home/site/bde/actions-runner/bin/Runner.Worker'
[2021-02-02 20:07:21Z INFO ProcessInvokerWrapper]   Arguments: 'spawnclient 100 105'
[2021-02-02 20:07:21Z INFO ProcessInvokerWrapper]   Working directory: '/home/site/bde/actions-runner/bin'
[2021-02-02 20:07:21Z INFO ProcessInvokerWrapper]   Require exit code zero: 'False'
[2021-02-02 20:07:21Z INFO ProcessInvokerWrapper]   Encoding web name:  ; code page: ''
[2021-02-02 20:07:21Z INFO ProcessInvokerWrapper]   Force kill process on cancellation: 'True'
[2021-02-02 20:07:21Z INFO ProcessInvokerWrapper]   Redirected STDIN: 'False'
[2021-02-02 20:07:21Z INFO ProcessInvokerWrapper]   Persist current code page: 'False'
[2021-02-02 20:07:21Z INFO ProcessInvokerWrapper]   Keep redirected STDIN open: 'False'
[2021-02-02 20:07:21Z INFO ProcessInvokerWrapper]   High priority process: 'True'
[2021-02-02 20:07:21Z INFO ProcessInvokerWrapper] Process started with process id 23925, waiting for process exit.
[2021-02-02 20:07:21Z INFO JobDispatcher] Send job request message to worker for job ca395085-040a-526b-2ce8-bdc85f692774.
[2021-02-02 20:07:21Z INFO JobNotification] Entering JobStarted Notification
[2021-02-02 20:07:21Z INFO JobNotification] Entering StartMonitor
[2021-02-02 20:07:25Z INFO ProcessInvokerWrapper] STDOUT/STDERR stream read finished.
[2021-02-02 20:07:25Z INFO ProcessInvokerWrapper] STDOUT/STDERR stream read finished.
[2021-02-02 20:07:25Z INFO ProcessInvokerWrapper] Finished process 23925 with exit code 100, and elapsed time 00:00:04.3621836.
[2021-02-02 20:07:25Z INFO JobDispatcher] Worker finished for job ca395085-040a-526b-2ce8-bdc85f692774. Code: 100
[2021-02-02 20:07:25Z INFO JobDispatcher] finish job request for job ca395085-040a-526b-2ce8-bdc85f692774 with result: Succeeded
[2021-02-02 20:07:25Z INFO Terminal] WRITE LINE: 2021-02-02 20:07:25Z: Job build completed with result: Succeeded
[2021-02-02 20:07:25Z INFO JobDispatcher] Stop renew job request for job ca395085-040a-526b-2ce8-bdc85f692774.
[2021-02-02 20:07:25Z INFO JobDispatcher] job renew has been canceled, stop renew job request 10.
[2021-02-02 20:07:25Z INFO JobNotification] Entering JobCompleted Notification
[2021-02-02 20:07:25Z INFO JobNotification] Entering EndMonitor
[2021-02-02 20:07:54Z INFO Terminal] WRITE LINE: Exiting...
[2021-02-02 20:07:54Z INFO ConfigurationStore] IsServiceConfigured()
[2021-02-02 20:07:54Z INFO ConfigurationStore] IsServiceConfigured: False
[2021-02-02 20:07:54Z INFO HostContext] Runner will be shutdown for UserCancelled
[2021-02-02 20:07:54Z WARN GitHubActionsService] GET request to https://pipelines.actions.githubusercontent.com/QVeLwaMWQkInkFv2fQ4ZitZZRK5MJcNtIgxToLGcPg8KerswEn/_apis/distributedtask/pools/1/messages?sessionId=fc98aca5-aa9e-465e-9ab2-33777b8a8b1c&lastMessageId=11 has been cancelled.
[2021-02-02 20:07:54Z INFO MessageListener] Get next message has been cancelled.
[2021-02-02 20:07:54Z INFO JobDispatcher] Shutting down JobDispatcher. Make sure all WorkerDispatcher has finished.
[2021-02-02 20:07:54Z INFO JobDispatcher] Ensure WorkerDispather for job ca395085-040a-526b-2ce8-bdc85f692774 run to finish, cancel any running job.
[2021-02-02 20:07:54Z INFO JobDispatcher] Job request ca395085-040a-526b-2ce8-bdc85f692774 processed succeed.
[2021-02-02 20:07:54Z INFO Listener] Runner execution been cancelled.
