[2021-02-02 18:36:11Z INFO HostContext] No proxy settings were found based on environmental variables (http_proxy/https_proxy/HTTP_PROXY/HTTPS_PROXY)
[2021-02-02 18:36:11Z INFO HostContext] Well known directory 'Bin': '/home/site/bde/actions-runner/bin'
[2021-02-02 18:36:11Z INFO HostContext] Well known directory 'Root': '/home/site/bde/actions-runner'
[2021-02-02 18:36:11Z INFO HostContext] Well known config file 'Credentials': '/home/site/bde/actions-runner/.credentials'
[2021-02-02 18:36:11Z INFO Listener] Runner is built for Linux (X64) - linux-x64.
[2021-02-02 18:36:11Z INFO Listener] RuntimeInformation: Linux 4.19.0-13-amd64 #1 SMP Debian 4.19.160-2 (2020-11-28).
[2021-02-02 18:36:11Z INFO Listener] Version: 2.276.1
[2021-02-02 18:36:11Z INFO Listener] Commit: 5effa808be96eae7f2e08d713426b8d056bddff1
[2021-02-02 18:36:11Z INFO Listener] Culture: fr-FR
[2021-02-02 18:36:11Z INFO Listener] UI Culture: fr-FR
[2021-02-02 18:36:11Z INFO HostContext] Well known directory 'Bin': '/home/site/bde/actions-runner/bin'
[2021-02-02 18:36:11Z INFO HostContext] Well known directory 'Root': '/home/site/bde/actions-runner'
[2021-02-02 18:36:11Z INFO Listener] Validating directory permissions for: '/home/site/bde/actions-runner'
[2021-02-02 18:36:11Z INFO CommandLineParser] Parse
[2021-02-02 18:36:11Z INFO CommandLineParser] Parsing 5 args
[2021-02-02 18:36:11Z INFO CommandLineParser] parsing argument
[2021-02-02 18:36:11Z INFO CommandLineParser] HasArgs: False
[2021-02-02 18:36:11Z INFO CommandLineParser] Adding Command: configure
[2021-02-02 18:36:11Z INFO CommandLineParser] parsing argument
[2021-02-02 18:36:11Z INFO CommandLineParser] HasArgs: True
[2021-02-02 18:36:11Z INFO CommandLineParser] arg: url
[2021-02-02 18:36:11Z INFO CommandLineParser] parsing argument
[2021-02-02 18:36:11Z INFO CommandLineParser] HasArgs: True
[2021-02-02 18:36:11Z INFO CommandLineParser] Adding option 'url': 'https://github.com/Bde-Saintonge/Site'
[2021-02-02 18:36:11Z INFO CommandLineParser] parsing argument
[2021-02-02 18:36:11Z INFO CommandLineParser] HasArgs: True
[2021-02-02 18:36:11Z INFO CommandLineParser] arg: token
[2021-02-02 18:36:11Z INFO CommandLineParser] parsing argument
[2021-02-02 18:36:11Z INFO CommandLineParser] HasArgs: True
[2021-02-02 18:36:11Z INFO CommandLineParser] Adding option 'token': '***'
[2021-02-02 18:36:11Z INFO Listener] Arguments parsed
[2021-02-02 18:36:11Z INFO Runner] ExecuteCommand
[2021-02-02 18:36:11Z INFO ConfigurationStore] currentAssemblyLocation: /home/site/bde/actions-runner/bin/Runner.Listener.dll
[2021-02-02 18:36:11Z INFO HostContext] Well known directory 'Bin': '/home/site/bde/actions-runner/bin'
[2021-02-02 18:36:11Z INFO ConfigurationStore] binPath: /home/site/bde/actions-runner/bin
[2021-02-02 18:36:11Z INFO HostContext] Well known directory 'Bin': '/home/site/bde/actions-runner/bin'
[2021-02-02 18:36:11Z INFO HostContext] Well known directory 'Root': '/home/site/bde/actions-runner'
[2021-02-02 18:36:11Z INFO ConfigurationStore] RootFolder: /home/site/bde/actions-runner
[2021-02-02 18:36:11Z INFO HostContext] Well known directory 'Bin': '/home/site/bde/actions-runner/bin'
[2021-02-02 18:36:11Z INFO HostContext] Well known directory 'Root': '/home/site/bde/actions-runner'
[2021-02-02 18:36:11Z INFO HostContext] Well known config file 'Runner': '/home/site/bde/actions-runner/.runner'
[2021-02-02 18:36:11Z INFO ConfigurationStore] ConfigFilePath: /home/site/bde/actions-runner/.runner
[2021-02-02 18:36:11Z INFO HostContext] Well known directory 'Bin': '/home/site/bde/actions-runner/bin'
[2021-02-02 18:36:11Z INFO HostContext] Well known directory 'Root': '/home/site/bde/actions-runner'
[2021-02-02 18:36:11Z INFO HostContext] Well known config file 'Credentials': '/home/site/bde/actions-runner/.credentials'
[2021-02-02 18:36:11Z INFO ConfigurationStore] CredFilePath: /home/site/bde/actions-runner/.credentials
[2021-02-02 18:36:11Z INFO HostContext] Well known directory 'Bin': '/home/site/bde/actions-runner/bin'
[2021-02-02 18:36:11Z INFO HostContext] Well known directory 'Root': '/home/site/bde/actions-runner'
[2021-02-02 18:36:11Z INFO HostContext] Well known config file 'MigratedCredentials': '/home/site/bde/actions-runner/.credentials_migrated'
[2021-02-02 18:36:11Z INFO ConfigurationStore] MigratedCredFilePath: /home/site/bde/actions-runner/.credentials_migrated
[2021-02-02 18:36:11Z INFO HostContext] Well known directory 'Bin': '/home/site/bde/actions-runner/bin'
[2021-02-02 18:36:11Z INFO HostContext] Well known directory 'Root': '/home/site/bde/actions-runner'
[2021-02-02 18:36:11Z INFO HostContext] Well known config file 'Service': '/home/site/bde/actions-runner/.service'
[2021-02-02 18:36:11Z INFO ConfigurationStore] ServiceConfigFilePath: /home/site/bde/actions-runner/.service
[2021-02-02 18:36:11Z INFO CommandSettings] Flag 'help': 'False'
[2021-02-02 18:36:11Z INFO CommandSettings] Flag 'version': 'False'
[2021-02-02 18:36:11Z INFO CommandSettings] Flag 'commit': 'False'
[2021-02-02 18:36:11Z INFO CommandSettings] Flag 'check': 'False'
[2021-02-02 18:36:11Z INFO CommandSettings] Command 'configure': 'True'
[2021-02-02 18:36:11Z INFO Terminal] WRITE LINE: 
[2021-02-02 18:36:11Z INFO Terminal] WRITE LINE: --------------------------------------------------------------------------------
[2021-02-02 18:36:11Z INFO Terminal] WRITE LINE: |        ____ _ _   _   _       _          _        _   _                      |
[2021-02-02 18:36:11Z INFO Terminal] WRITE LINE: |       / ___(_) |_| | | |_   _| |__      / \   ___| |_(_) ___  _ __  ___      |
[2021-02-02 18:36:11Z INFO Terminal] WRITE LINE: |      | |  _| | __| |_| | | | | '_ \    / _ \ / __| __| |/ _ \| '_ \/ __|     |
[2021-02-02 18:36:11Z INFO Terminal] WRITE LINE: |      | |_| | | |_|  _  | |_| | |_) |  / ___ \ (__| |_| | (_) | | | \__ \     |
[2021-02-02 18:36:11Z INFO Terminal] WRITE LINE: |       \____|_|\__|_| |_|\__,_|_.__/  /_/   \_\___|\__|_|\___/|_| |_|___/     |
[2021-02-02 18:36:11Z INFO Terminal] WRITE LINE: |                                                                              |
[2021-02-02 18:36:11Z INFO Terminal] WRITE: |                       
[2021-02-02 18:36:11Z INFO Terminal] WRITE: Self-hosted runner registration
[2021-02-02 18:36:11Z INFO Terminal] WRITE LINE:                         |
[2021-02-02 18:36:11Z INFO Terminal] WRITE LINE: |                                                                              |
[2021-02-02 18:36:11Z INFO Terminal] WRITE LINE: --------------------------------------------------------------------------------
[2021-02-02 18:36:11Z INFO ConfigurationManager] ConfigureAsync
[2021-02-02 18:36:11Z INFO ConfigurationStore] IsConfigured()
[2021-02-02 18:36:11Z INFO ConfigurationStore] IsConfigured: False
[2021-02-02 18:36:11Z INFO ConfigurationManager] Is configured: False
[2021-02-02 18:36:11Z INFO CommandSettings] Arg 'url': 'https://github.com/Bde-Saintonge/Site'
[2021-02-02 18:36:11Z INFO CommandSettings] Remove url from Arg dictionary.
[2021-02-02 18:36:11Z INFO CommandSettings] Arg 'token': '***'
[2021-02-02 18:36:11Z INFO CommandSettings] Remove token from Arg dictionary.
[2021-02-02 18:36:11Z INFO ConfigurationManager] Http response code: OK from 'POST https://api.github.com/actions/runner-registration'
[2021-02-02 18:36:11Z INFO ConfigurationManager] cred retrieved via GitHub auth
[2021-02-02 18:36:11Z INFO RunnerServer] Establish connection with 100 seconds timeout.
[2021-02-02 18:36:11Z INFO GitHubActionsService] Starting operation Location.GetConnectionData
[2021-02-02 18:36:12Z INFO RunnerServer] Establish connection with 60 seconds timeout.
[2021-02-02 18:36:12Z INFO GitHubActionsService] Starting operation Location.GetConnectionData
[2021-02-02 18:36:12Z INFO RunnerServer] Establish connection with 60 seconds timeout.
[2021-02-02 18:36:12Z INFO GitHubActionsService] Starting operation Location.GetConnectionData
[2021-02-02 18:36:12Z INFO GitHubActionsService] Finished operation Location.GetConnectionData
[2021-02-02 18:36:12Z INFO GitHubActionsService] Finished operation Location.GetConnectionData
[2021-02-02 18:36:12Z INFO GitHubActionsService] Finished operation Location.GetConnectionData
[2021-02-02 18:36:13Z INFO Terminal] WRITE LINE: 
[2021-02-02 18:36:13Z INFO ConfigurationManager] Test Connection complete.
[2021-02-02 18:36:13Z INFO HostContext] Well known directory 'Bin': '/home/site/bde/actions-runner/bin'
[2021-02-02 18:36:13Z INFO HostContext] Well known directory 'Root': '/home/site/bde/actions-runner'
[2021-02-02 18:36:13Z INFO HostContext] Well known config file 'RSACredentials': '/home/site/bde/actions-runner/.credentials_rsaparams'
[2021-02-02 18:36:13Z INFO RSAFileKeyManager] Creating new RSA key using 2048-bit key length
[2021-02-02 18:36:13Z INFO RSAFileKeyManager] Successfully saved RSA key parameters to file /home/site/bde/actions-runner/.credentials_rsaparams
[2021-02-02 18:36:13Z INFO RSAFileKeyManager] Which: 'chmod'
[2021-02-02 18:36:13Z INFO RSAFileKeyManager] Location: '/usr/bin/chmod'
[2021-02-02 18:36:13Z INFO HostContext] Well known directory 'Bin': '/home/site/bde/actions-runner/bin'
[2021-02-02 18:36:13Z INFO HostContext] Well known directory 'Root': '/home/site/bde/actions-runner'
[2021-02-02 18:36:13Z INFO ProcessInvokerWrapper] Starting process:
[2021-02-02 18:36:13Z INFO ProcessInvokerWrapper]   File name: '/usr/bin/chmod'
[2021-02-02 18:36:13Z INFO ProcessInvokerWrapper]   Arguments: '600 /home/site/bde/actions-runner/.credentials_rsaparams'
[2021-02-02 18:36:13Z INFO ProcessInvokerWrapper]   Working directory: '/home/site/bde/actions-runner'
[2021-02-02 18:36:13Z INFO ProcessInvokerWrapper]   Require exit code zero: 'False'
[2021-02-02 18:36:13Z INFO ProcessInvokerWrapper]   Encoding web name:  ; code page: ''
[2021-02-02 18:36:13Z INFO ProcessInvokerWrapper]   Force kill process on cancellation: 'False'
[2021-02-02 18:36:13Z INFO ProcessInvokerWrapper]   Redirected STDIN: 'False'
[2021-02-02 18:36:13Z INFO ProcessInvokerWrapper]   Persist current code page: 'False'
[2021-02-02 18:36:13Z INFO ProcessInvokerWrapper]   Keep redirected STDIN open: 'False'
[2021-02-02 18:36:13Z INFO ProcessInvokerWrapper]   High priority process: 'False'
[2021-02-02 18:36:13Z INFO ProcessInvokerWrapper] Failed to update oom_score_adj for PID: 18362.
[2021-02-02 18:36:13Z INFO ProcessInvokerWrapper] System.UnauthorizedAccessException: Access to the path '/proc/18362/oom_score_adj' is denied.
 ---> System.IO.IOException: Permission denied
   --- End of inner exception stack trace ---
   at Interop.ThrowExceptionForIoErrno(ErrorInfo errorInfo, String path, Boolean isDirectory, Func`2 errorRewriter)
   at Microsoft.Win32.SafeHandles.SafeFileHandle.Open(String path, OpenFlags flags, Int32 mode)
   at System.IO.FileStream.OpenHandle(FileMode mode, FileShare share, FileOptions options)
   at System.IO.FileStream..ctor(String path, FileMode mode, FileAccess access, FileShare share, Int32 bufferSize, FileOptions options)
   at System.IO.StreamWriter.ValidateArgsAndOpenPath(String path, Boolean append, Encoding encoding, Int32 bufferSize)
   at System.IO.StreamWriter..ctor(String path)
   at System.IO.File.WriteAllText(String path, String contents)
   at GitHub.Runner.Sdk.ProcessInvoker.WriteProcessOomScoreAdj(Int32 processId, Int32 oomScoreAdj)
[2021-02-02 18:36:13Z INFO ProcessInvokerWrapper] Process started with process id 18362, waiting for process exit.
[2021-02-02 18:36:13Z INFO ProcessInvokerWrapper] STDOUT/STDERR stream read finished.
[2021-02-02 18:36:13Z INFO ProcessInvokerWrapper] STDOUT/STDERR stream read finished.
[2021-02-02 18:36:13Z INFO ProcessInvokerWrapper] Finished process 18362 with exit code 0, and elapsed time 00:00:00.0103542.
[2021-02-02 18:36:13Z INFO RSAFileKeyManager] Successfully set permissions for RSA key parameters file /home/site/bde/actions-runner/.credentials_rsaparams
[2021-02-02 18:36:13Z INFO ConfigurationManager] Found a self-hosted runner group with id {1} and name {2} 1, Default
[2021-02-02 18:36:13Z INFO CommandSettings] Arg 'name': ''
[2021-02-02 18:36:13Z INFO CommandSettings] Flag 'unattended': 'False'
[2021-02-02 18:36:13Z INFO PromptManager] ReadValue
[2021-02-02 18:36:13Z INFO Terminal] WRITE: Enter the name of runner: 
[2021-02-02 18:36:13Z INFO Terminal] WRITE: [press Enter for Site] 
[2021-02-02 18:36:13Z INFO Terminal] READ LINE
[2021-02-02 18:36:23Z INFO Terminal] Read value: ''
[2021-02-02 18:36:23Z INFO PromptManager] Falling back to the default: 'Site'
[2021-02-02 18:36:23Z INFO Terminal] WRITE LINE: 
[2021-02-02 18:36:23Z INFO CommandSettings] Arg 'labels': ''
[2021-02-02 18:36:23Z INFO CommandSettings] Flag 'unattended': 'False'
[2021-02-02 18:36:23Z INFO PromptManager] ReadValue
[2021-02-02 18:36:23Z INFO Terminal] WRITE: This runner will have the following labels: 'self-hosted', 'Linux', 'X64' 
Enter any additional labels (ex. label-1,label-2): 
[2021-02-02 18:36:23Z INFO Terminal] WRITE: [press Enter to skip] 
[2021-02-02 18:36:23Z INFO Terminal] READ LINE
[2021-02-02 18:36:30Z INFO Terminal] Read value: ''
[2021-02-02 18:36:30Z INFO Terminal] WRITE LINE: 
[2021-02-02 18:36:30Z INFO ConfigurationStore] Saving OAuth credential @ /home/site/bde/actions-runner/.credentials
[2021-02-02 18:36:30Z INFO ConfigurationStore] Credentials Saved.
[2021-02-02 18:36:30Z INFO ConfigurationStore] HasCredentials()
[2021-02-02 18:36:30Z INFO ConfigurationStore] stored True
[2021-02-02 18:36:30Z INFO CredentialManager] GetCredentialProvider
[2021-02-02 18:36:30Z INFO CredentialManager] Creating type OAuth
[2021-02-02 18:36:30Z INFO CredentialManager] Creating credential type: OAuth
[2021-02-02 18:36:30Z INFO RSAFileKeyManager] Loading RSA key parameters from file /home/site/bde/actions-runner/.credentials_rsaparams
[2021-02-02 18:36:30Z INFO RunnerServer] Establish connection with 100 seconds timeout.
[2021-02-02 18:36:30Z INFO GitHubActionsService] Starting operation Location.GetConnectionData
[2021-02-02 18:36:30Z INFO RunnerServer] Establish connection with 60 seconds timeout.
[2021-02-02 18:36:30Z INFO GitHubActionsService] Starting operation Location.GetConnectionData
[2021-02-02 18:36:30Z INFO RunnerServer] Establish connection with 60 seconds timeout.
[2021-02-02 18:36:30Z INFO GitHubActionsService] Starting operation Location.GetConnectionData
[2021-02-02 18:36:31Z INFO GitHubActionsService] Finished operation Location.GetConnectionData
[2021-02-02 18:36:31Z INFO GitHubActionsService] Finished operation Location.GetConnectionData
[2021-02-02 18:36:31Z INFO GitHubActionsService] Finished operation Location.GetConnectionData
[2021-02-02 18:36:31Z WARN GitHubActionsService] Authentication failed with status code 401.
Transfer-Encoding: chunked
WWW-Authenticate: Bearer
Strict-Transport-Security: max-age=2592000
X-TFS-ProcessId: 0241bf1b-a93c-4983-800f-665ce5e69dd4
ActivityId: 29c5fb0d-ab62-460a-b9f5-300acc716844
X-TFS-Session: 23d827a6-c299-4de6-814a-0bd014bef760
X-VSS-E2EID: a0ccb07b-d38d-4513-ad80-a9f13622a32f
X-VSS-SenderDeploymentId: 2c974d96-2c30-cef5-eff2-3e0511a903a5
X-TFS-ServiceError: The+user+%27System%3aPublicAccess%3baaaaaaaa-aaaa-aaaa-aaaa-aaaaaaaaaaaa%27+is+not+authorized+to+access+this+resource.
X-VSS-S2STargetService: 0000005A-0000-8888-8000-000000000000/visualstudio.com
X-MSEdge-Ref: Ref A: 42872954AE304909B6677AB1D4518829 Ref B: MRS20EDGE0111 Ref C: 2021-02-02T18:36:31Z
Date: Tue, 02 Feb 2021 18:36:30 GMT

[2021-02-02 18:36:31Z INFO RSAFileKeyManager] Loading RSA key parameters from file /home/site/bde/actions-runner/.credentials_rsaparams
[2021-02-02 18:36:31Z INFO RSAFileKeyManager] Loading RSA key parameters from file /home/site/bde/actions-runner/.credentials_rsaparams
[2021-02-02 18:36:32Z INFO GitHubActionsService] AAD Correlation ID for this token request: Unknown
[2021-02-02 18:36:32Z INFO CommandSettings] Arg 'work': ''
[2021-02-02 18:36:32Z INFO CommandSettings] Flag 'unattended': 'False'
[2021-02-02 18:36:32Z INFO PromptManager] ReadValue
[2021-02-02 18:36:32Z INFO Terminal] WRITE: Enter name of work folder: 
[2021-02-02 18:36:32Z INFO Terminal] WRITE: [press Enter for _work] 
[2021-02-02 18:36:32Z INFO Terminal] READ LINE
[2021-02-02 18:36:42Z INFO Terminal] Read value: ''
[2021-02-02 18:36:42Z INFO PromptManager] Falling back to the default: '_work'
[2021-02-02 18:36:42Z INFO ConfigurationStore] Saving runner settings.
[2021-02-02 18:36:42Z INFO ConfigurationStore] Settings Saved.
[2021-02-02 18:36:42Z INFO Terminal] WRITE LINE: 
[2021-02-02 18:36:42Z INFO Terminal] WRITE LINE: 
[2021-02-02 18:36:42Z INFO SystemDControlManager] Service name 'actions.runner.Bde-Saintonge-Site.Site.service' display name 'GitHub Actions Runner (Bde-Saintonge-Site.Site)' will be used for service configuration.
[2021-02-02 18:36:42Z INFO HostContext] Well known directory 'Bin': '/home/site/bde/actions-runner/bin'
[2021-02-02 18:36:42Z INFO HostContext] Well known directory 'Root': '/home/site/bde/actions-runner'
[2021-02-02 18:36:42Z INFO HostContext] Well known directory 'Bin': '/home/site/bde/actions-runner/bin'
[2021-02-02 18:36:42Z INFO HostContext] Well known directory 'Bin': '/home/site/bde/actions-runner/bin'
[2021-02-02 18:36:42Z INFO HostContext] Well known directory 'Root': '/home/site/bde/actions-runner'
[2021-02-02 18:36:42Z INFO UnixUtil] Which: 'chmod'
[2021-02-02 18:36:42Z INFO UnixUtil] Location: '/usr/bin/chmod'
[2021-02-02 18:36:42Z INFO UnixUtil] Running /usr/bin/chmod 755 "/home/site/bde/actions-runner/svc.sh"
[2021-02-02 18:36:42Z INFO ProcessInvokerWrapper] Starting process:
[2021-02-02 18:36:42Z INFO ProcessInvokerWrapper]   File name: '/usr/bin/chmod'
[2021-02-02 18:36:42Z INFO ProcessInvokerWrapper]   Arguments: '755 "/home/site/bde/actions-runner/svc.sh"'
[2021-02-02 18:36:42Z INFO ProcessInvokerWrapper]   Working directory: '/home/site/bde/actions-runner'
[2021-02-02 18:36:42Z INFO ProcessInvokerWrapper]   Require exit code zero: 'True'
[2021-02-02 18:36:42Z INFO ProcessInvokerWrapper]   Encoding web name:  ; code page: ''
[2021-02-02 18:36:42Z INFO ProcessInvokerWrapper]   Force kill process on cancellation: 'False'
[2021-02-02 18:36:42Z INFO ProcessInvokerWrapper]   Redirected STDIN: 'False'
[2021-02-02 18:36:42Z INFO ProcessInvokerWrapper]   Persist current code page: 'False'
[2021-02-02 18:36:42Z INFO ProcessInvokerWrapper]   Keep redirected STDIN open: 'False'
[2021-02-02 18:36:42Z INFO ProcessInvokerWrapper]   High priority process: 'False'
[2021-02-02 18:36:42Z INFO ProcessInvokerWrapper] Updated oom_score_adj to 500 for PID: 18370.
[2021-02-02 18:36:42Z INFO ProcessInvokerWrapper] Process started with process id 18370, waiting for process exit.
[2021-02-02 18:36:42Z INFO ProcessInvokerWrapper] STDOUT/STDERR stream read finished.
[2021-02-02 18:36:42Z INFO ProcessInvokerWrapper] STDOUT/STDERR stream read finished.
[2021-02-02 18:36:42Z INFO ProcessInvokerWrapper] Finished process 18370 with exit code 0, and elapsed time 00:00:00.0009654.
[2021-02-02 18:36:42Z INFO Listener] Runner execution has finished with return code 0
