[2021-02-02 19:33:53Z INFO HostContext] No proxy settings were found based on environmental variables (http_proxy/https_proxy/HTTP_PROXY/HTTPS_PROXY)
[2021-02-02 19:33:53Z INFO HostContext] Well known directory 'Bin': '/home/site/bde/actions-runner/bin'
[2021-02-02 19:33:53Z INFO HostContext] Well known directory 'Root': '/home/site/bde/actions-runner'
[2021-02-02 19:33:53Z INFO HostContext] Well known config file 'Credentials': '/home/site/bde/actions-runner/.credentials'
[2021-02-02 19:33:54Z INFO Listener] Runner is built for Linux (X64) - linux-x64.
[2021-02-02 19:33:54Z INFO Listener] RuntimeInformation: Linux 4.19.0-13-amd64 #1 SMP Debian 4.19.160-2 (2020-11-28).
[2021-02-02 19:33:54Z INFO Listener] Version: 2.276.1
[2021-02-02 19:33:54Z INFO Listener] Commit: 5effa808be96eae7f2e08d713426b8d056bddff1
[2021-02-02 19:33:54Z INFO Listener] Culture: fr-FR
[2021-02-02 19:33:54Z INFO Listener] UI Culture: fr-FR
[2021-02-02 19:33:54Z INFO HostContext] Well known directory 'Bin': '/home/site/bde/actions-runner/bin'
[2021-02-02 19:33:54Z INFO HostContext] Well known directory 'Root': '/home/site/bde/actions-runner'
[2021-02-02 19:33:54Z INFO Listener] Validating directory permissions for: '/home/site/bde/actions-runner'
[2021-02-02 19:33:54Z INFO CommandLineParser] Parse
[2021-02-02 19:33:54Z INFO CommandLineParser] Parsing 1 args
[2021-02-02 19:33:54Z INFO CommandLineParser] parsing argument
[2021-02-02 19:33:54Z INFO CommandLineParser] HasArgs: False
[2021-02-02 19:33:54Z INFO CommandLineParser] Adding Command: run
[2021-02-02 19:33:54Z INFO Listener] Arguments parsed
[2021-02-02 19:33:54Z INFO Runner] ExecuteCommand
[2021-02-02 19:33:54Z INFO ConfigurationStore] currentAssemblyLocation: /home/site/bde/actions-runner/bin/Runner.Listener.dll
[2021-02-02 19:33:54Z INFO HostContext] Well known directory 'Bin': '/home/site/bde/actions-runner/bin'
[2021-02-02 19:33:54Z INFO ConfigurationStore] binPath: /home/site/bde/actions-runner/bin
[2021-02-02 19:33:54Z INFO HostContext] Well known directory 'Bin': '/home/site/bde/actions-runner/bin'
[2021-02-02 19:33:54Z INFO HostContext] Well known directory 'Root': '/home/site/bde/actions-runner'
[2021-02-02 19:33:54Z INFO ConfigurationStore] RootFolder: /home/site/bde/actions-runner
[2021-02-02 19:33:54Z INFO HostContext] Well known directory 'Bin': '/home/site/bde/actions-runner/bin'
[2021-02-02 19:33:54Z INFO HostContext] Well known directory 'Root': '/home/site/bde/actions-runner'
[2021-02-02 19:33:54Z INFO HostContext] Well known config file 'Runner': '/home/site/bde/actions-runner/.runner'
[2021-02-02 19:33:54Z INFO ConfigurationStore] ConfigFilePath: /home/site/bde/actions-runner/.runner
[2021-02-02 19:33:54Z INFO HostContext] Well known directory 'Bin': '/home/site/bde/actions-runner/bin'
[2021-02-02 19:33:54Z INFO HostContext] Well known directory 'Root': '/home/site/bde/actions-runner'
[2021-02-02 19:33:54Z INFO HostContext] Well known config file 'Credentials': '/home/site/bde/actions-runner/.credentials'
[2021-02-02 19:33:54Z INFO ConfigurationStore] CredFilePath: /home/site/bde/actions-runner/.credentials
[2021-02-02 19:33:54Z INFO HostContext] Well known directory 'Bin': '/home/site/bde/actions-runner/bin'
[2021-02-02 19:33:54Z INFO HostContext] Well known directory 'Root': '/home/site/bde/actions-runner'
[2021-02-02 19:33:54Z INFO HostContext] Well known config file 'MigratedCredentials': '/home/site/bde/actions-runner/.credentials_migrated'
[2021-02-02 19:33:54Z INFO ConfigurationStore] MigratedCredFilePath: /home/site/bde/actions-runner/.credentials_migrated
[2021-02-02 19:33:54Z INFO HostContext] Well known directory 'Bin': '/home/site/bde/actions-runner/bin'
[2021-02-02 19:33:54Z INFO HostContext] Well known directory 'Root': '/home/site/bde/actions-runner'
[2021-02-02 19:33:54Z INFO HostContext] Well known config file 'Service': '/home/site/bde/actions-runner/.service'
[2021-02-02 19:33:54Z INFO ConfigurationStore] ServiceConfigFilePath: /home/site/bde/actions-runner/.service
[2021-02-02 19:33:54Z INFO CommandSettings] Flag 'help': 'False'
[2021-02-02 19:33:54Z INFO CommandSettings] Flag 'version': 'False'
[2021-02-02 19:33:54Z INFO CommandSettings] Flag 'commit': 'False'
[2021-02-02 19:33:54Z INFO CommandSettings] Flag 'check': 'False'
[2021-02-02 19:33:54Z INFO CommandSettings] Command 'configure': 'False'
[2021-02-02 19:33:54Z INFO CommandSettings] Command 'remove': 'False'
[2021-02-02 19:33:54Z INFO CommandSettings] Command 'warmup': 'False'
[2021-02-02 19:33:54Z INFO ConfigurationManager] LoadSettings
[2021-02-02 19:33:54Z INFO ConfigurationStore] IsConfigured()
[2021-02-02 19:33:54Z INFO ConfigurationStore] IsConfigured: True
[2021-02-02 19:33:54Z INFO ConfigurationManager] Is configured: True
[2021-02-02 19:33:54Z INFO ConfigurationStore] Read setting file: 279 chars
[2021-02-02 19:33:54Z INFO ConfigurationManager] Settings Loaded
[2021-02-02 19:33:54Z INFO ConfigurationStore] IsServiceConfigured()
[2021-02-02 19:33:54Z INFO ConfigurationStore] IsServiceConfigured: False
[2021-02-02 19:33:54Z INFO CommandSettings] Command 'run': 'True'
[2021-02-02 19:33:54Z INFO ConfigurationStore] IsConfigured()
[2021-02-02 19:33:54Z INFO ConfigurationStore] IsConfigured: True
[2021-02-02 19:33:54Z INFO ConfigurationManager] Is configured: True
[2021-02-02 19:33:54Z INFO Runner] Could not parse the argument value '' for StartupType. Defaulting to Manual
[2021-02-02 19:33:54Z INFO Runner] Set runner startup type - Manual
[2021-02-02 19:33:54Z INFO CommandSettings] Flag 'once': 'False'
[2021-02-02 19:33:54Z INFO Runner] RunAsync
[2021-02-02 19:33:54Z INFO ConfigurationManager] LoadSettings
[2021-02-02 19:33:54Z INFO ConfigurationStore] IsConfigured()
[2021-02-02 19:33:54Z INFO ConfigurationStore] IsConfigured: True
[2021-02-02 19:33:54Z INFO ConfigurationManager] Is configured: True
[2021-02-02 19:33:54Z INFO ConfigurationManager] Settings Loaded
[2021-02-02 19:33:54Z INFO MessageListener] {
  "AgentId": 2,
  "AgentName": "Site",
  "PoolId": 1,
  "PoolName": "Default",
  "ServerUrl": "https://pipelines.actions.githubusercontent.com/QVeLwaMWQkInkFv2fQ4ZitZZRK5MJcNtIgxToLGcPg8KerswEn",
  "GitHubUrl": "https://github.com/Bde-Saintonge/Site",
  "WorkFolder": "_work"
}
[2021-02-02 19:33:54Z INFO MessageListener] Loading Credentials
[2021-02-02 19:33:54Z INFO ConfigurationStore] HasCredentials()
[2021-02-02 19:33:54Z INFO ConfigurationStore] stored True
[2021-02-02 19:33:54Z INFO CredentialManager] GetCredentialProvider
[2021-02-02 19:33:54Z INFO CredentialManager] Creating type OAuth
[2021-02-02 19:33:54Z INFO CredentialManager] Creating credential type: OAuth
[2021-02-02 19:33:54Z INFO HostContext] Well known directory 'Bin': '/home/site/bde/actions-runner/bin'
[2021-02-02 19:33:54Z INFO HostContext] Well known directory 'Root': '/home/site/bde/actions-runner'
[2021-02-02 19:33:54Z INFO HostContext] Well known config file 'RSACredentials': '/home/site/bde/actions-runner/.credentials_rsaparams'
[2021-02-02 19:33:54Z INFO RSAFileKeyManager] Loading RSA key parameters from file /home/site/bde/actions-runner/.credentials_rsaparams
[2021-02-02 19:33:54Z INFO MessageListener] Attempt to create session.
[2021-02-02 19:33:54Z INFO MessageListener] Connecting to the Runner Server...
[2021-02-02 19:33:54Z INFO RunnerServer] Establish connection with 100 seconds timeout.
[2021-02-02 19:33:54Z INFO GitHubActionsService] Starting operation Location.GetConnectionData
[2021-02-02 19:33:54Z INFO RunnerServer] Establish connection with 60 seconds timeout.
[2021-02-02 19:33:54Z INFO GitHubActionsService] Starting operation Location.GetConnectionData
[2021-02-02 19:33:54Z INFO RunnerServer] Establish connection with 60 seconds timeout.
[2021-02-02 19:33:54Z INFO GitHubActionsService] Starting operation Location.GetConnectionData
[2021-02-02 19:33:55Z INFO GitHubActionsService] Finished operation Location.GetConnectionData
[2021-02-02 19:33:55Z INFO GitHubActionsService] Finished operation Location.GetConnectionData
[2021-02-02 19:33:55Z INFO GitHubActionsService] Finished operation Location.GetConnectionData
[2021-02-02 19:33:55Z INFO MessageListener] VssConnection created
[2021-02-02 19:33:55Z INFO Terminal] WRITE LINE: 
[2021-02-02 19:33:55Z INFO Terminal] WRITE LINE: 
[2021-02-02 19:33:55Z WARN GitHubActionsService] Authentication failed with status code 401.
WWW-Authenticate: Bearer
Strict-Transport-Security: max-age=2592000
X-TFS-ProcessId: 0241bf1b-a93c-4983-800f-665ce5e69dd4
ActivityId: 29c0435e-ab62-460a-b9f5-300acc716844
X-TFS-Session: f9edc9de-dded-4ece-b3df-36909b3f8f06
X-VSS-E2EID: bacc8ebc-0741-4b1b-a296-b4c576e07528
X-VSS-SenderDeploymentId: 2c974d96-2c30-cef5-eff2-3e0511a903a5
X-TFS-ServiceError: The+user+%27System%3aPublicAccess%3baaaaaaaa-aaaa-aaaa-aaaa-aaaaaaaaaaaa%27+is+not+authorized+to+access+this+resource.
X-VSS-S2STargetService: 0000005A-0000-8888-8000-000000000000/visualstudio.com
X-MSEdge-Ref: Ref A: 41AB37146B91432096E44E025ECDA6F1 Ref B: MRS20EDGE0121 Ref C: 2021-02-02T19:33:55Z
Date: Tue, 02 Feb 2021 19:33:54 GMT

[2021-02-02 19:33:55Z INFO RSAFileKeyManager] Loading RSA key parameters from file /home/site/bde/actions-runner/.credentials_rsaparams
[2021-02-02 19:33:55Z INFO RSAFileKeyManager] Loading RSA key parameters from file /home/site/bde/actions-runner/.credentials_rsaparams
[2021-02-02 19:33:56Z INFO GitHubActionsService] AAD Correlation ID for this token request: Unknown
[2021-02-02 19:33:56Z INFO MessageListener] Session created.
[2021-02-02 19:33:56Z INFO Terminal] WRITE LINE: 2021-02-02 19:33:56Z: Listening for Jobs
[2021-02-02 19:33:56Z INFO JobDispatcher] Set runner/worker IPC timeout to 30 seconds.
[2021-02-02 19:33:59Z INFO RSAFileKeyManager] Loading RSA key parameters from file /home/site/bde/actions-runner/.credentials_rsaparams
[2021-02-02 19:33:59Z INFO MessageListener] Message '2' received from session '47580308-e8e7-4f09-86ab-6e9318b36dff'.
[2021-02-02 19:33:59Z INFO JobDispatcher] Job request 2 for plan 1d9e4ca6-b1eb-4c6d-a98a-927e7c93629e job ca395085-040a-526b-2ce8-bdc85f692774 received.
[2021-02-02 19:33:59Z INFO JobDispatcher] Pull OrchestrationId 1d9e4ca6-b1eb-4c6d-a98a-927e7c93629e.build.__default from JWT claims
[2021-02-02 19:33:59Z INFO Terminal] WRITE LINE: 2021-02-02 19:33:59Z: Running job: build
[2021-02-02 19:33:59Z INFO JobDispatcher] Start renew job request 2 for job ca395085-040a-526b-2ce8-bdc85f692774.
[2021-02-02 19:33:59Z INFO JobDispatcher] Successfully renew job request 2, job is valid till 02/02/2021 19:43:59
[2021-02-02 19:33:59Z INFO HostContext] Well known directory 'Bin': '/home/site/bde/actions-runner/bin'
[2021-02-02 19:33:59Z INFO ProcessInvokerWrapper] Starting process:
[2021-02-02 19:33:59Z INFO ProcessInvokerWrapper]   File name: '/home/site/bde/actions-runner/bin/Runner.Worker'
[2021-02-02 19:33:59Z INFO ProcessInvokerWrapper]   Arguments: 'spawnclient 100 103'
[2021-02-02 19:33:59Z INFO ProcessInvokerWrapper]   Working directory: '/home/site/bde/actions-runner/bin'
[2021-02-02 19:33:59Z INFO ProcessInvokerWrapper]   Require exit code zero: 'False'
[2021-02-02 19:33:59Z INFO ProcessInvokerWrapper]   Encoding web name:  ; code page: ''
[2021-02-02 19:33:59Z INFO ProcessInvokerWrapper]   Force kill process on cancellation: 'True'
[2021-02-02 19:33:59Z INFO ProcessInvokerWrapper]   Redirected STDIN: 'False'
[2021-02-02 19:33:59Z INFO ProcessInvokerWrapper]   Persist current code page: 'False'
[2021-02-02 19:33:59Z INFO ProcessInvokerWrapper]   Keep redirected STDIN open: 'False'
[2021-02-02 19:33:59Z INFO ProcessInvokerWrapper]   High priority process: 'True'
[2021-02-02 19:33:59Z INFO ProcessInvokerWrapper] Process started with process id 23263, waiting for process exit.
[2021-02-02 19:33:59Z INFO JobDispatcher] Send job request message to worker for job ca395085-040a-526b-2ce8-bdc85f692774.
[2021-02-02 19:33:59Z INFO JobNotification] Entering JobStarted Notification
[2021-02-02 19:33:59Z INFO JobNotification] Entering StartMonitor
[2021-02-02 19:34:06Z INFO ProcessInvokerWrapper] STDOUT/STDERR stream read finished.
[2021-02-02 19:34:06Z INFO ProcessInvokerWrapper] STDOUT/STDERR stream read finished.
[2021-02-02 19:34:06Z INFO ProcessInvokerWrapper] Finished process 23263 with exit code 102, and elapsed time 00:00:06.7610736.
[2021-02-02 19:34:06Z INFO JobDispatcher] Worker finished for job ca395085-040a-526b-2ce8-bdc85f692774. Code: 102
[2021-02-02 19:34:06Z INFO JobDispatcher] finish job request for job ca395085-040a-526b-2ce8-bdc85f692774 with result: Failed
[2021-02-02 19:34:06Z INFO Terminal] WRITE LINE: 2021-02-02 19:34:06Z: Job build completed with result: Failed
[2021-02-02 19:34:06Z INFO JobDispatcher] Stop renew job request for job ca395085-040a-526b-2ce8-bdc85f692774.
[2021-02-02 19:34:06Z INFO JobDispatcher] job renew has been canceled, stop renew job request 2.
[2021-02-02 19:34:06Z INFO JobNotification] Entering JobCompleted Notification
[2021-02-02 19:34:06Z INFO JobNotification] Entering EndMonitor
[2021-02-02 19:34:44Z INFO Terminal] WRITE LINE: Exiting...
[2021-02-02 19:34:44Z INFO ConfigurationStore] IsServiceConfigured()
[2021-02-02 19:34:44Z INFO ConfigurationStore] IsServiceConfigured: False
[2021-02-02 19:34:44Z INFO HostContext] Runner will be shutdown for UserCancelled
[2021-02-02 19:34:44Z WARN GitHubActionsService] GET request to https://pipelines.actions.githubusercontent.com/QVeLwaMWQkInkFv2fQ4ZitZZRK5MJcNtIgxToLGcPg8KerswEn/_apis/distributedtask/pools/1/messages?sessionId=47580308-e8e7-4f09-86ab-6e9318b36dff&lastMessageId=2 has been cancelled.
[2021-02-02 19:34:44Z INFO MessageListener] Get next message has been cancelled.
[2021-02-02 19:34:44Z INFO JobDispatcher] Shutting down JobDispatcher. Make sure all WorkerDispatcher has finished.
[2021-02-02 19:34:44Z INFO JobDispatcher] Ensure WorkerDispather for job ca395085-040a-526b-2ce8-bdc85f692774 run to finish, cancel any running job.
[2021-02-02 19:34:44Z INFO JobDispatcher] Job request ca395085-040a-526b-2ce8-bdc85f692774 processed succeed.
[2021-02-02 19:34:45Z INFO Listener] Runner execution been cancelled.
