[2021-02-02 18:37:01Z INFO HostContext] No proxy settings were found based on environmental variables (http_proxy/https_proxy/HTTP_PROXY/HTTPS_PROXY)
[2021-02-02 18:37:01Z INFO HostContext] Well known directory 'Bin': '/home/site/bde/actions-runner/bin'
[2021-02-02 18:37:01Z INFO HostContext] Well known directory 'Root': '/home/site/bde/actions-runner'
[2021-02-02 18:37:01Z INFO HostContext] Well known config file 'Credentials': '/home/site/bde/actions-runner/.credentials'
[2021-02-02 18:37:01Z INFO Listener] Runner is built for Linux (X64) - linux-x64.
[2021-02-02 18:37:01Z INFO Listener] RuntimeInformation: Linux 4.19.0-13-amd64 #1 SMP Debian 4.19.160-2 (2020-11-28).
[2021-02-02 18:37:01Z INFO Listener] Version: 2.276.1
[2021-02-02 18:37:01Z INFO Listener] Commit: 5effa808be96eae7f2e08d713426b8d056bddff1
[2021-02-02 18:37:01Z INFO Listener] Culture: fr-FR
[2021-02-02 18:37:01Z INFO Listener] UI Culture: fr-FR
[2021-02-02 18:37:01Z INFO HostContext] Well known directory 'Bin': '/home/site/bde/actions-runner/bin'
[2021-02-02 18:37:01Z INFO HostContext] Well known directory 'Root': '/home/site/bde/actions-runner'
[2021-02-02 18:37:01Z INFO Listener] Validating directory permissions for: '/home/site/bde/actions-runner'
[2021-02-02 18:37:01Z INFO CommandLineParser] Parse
[2021-02-02 18:37:01Z INFO CommandLineParser] Parsing 1 args
[2021-02-02 18:37:01Z INFO CommandLineParser] parsing argument
[2021-02-02 18:37:01Z INFO CommandLineParser] HasArgs: False
[2021-02-02 18:37:01Z INFO CommandLineParser] Adding Command: run
[2021-02-02 18:37:01Z INFO Listener] Arguments parsed
[2021-02-02 18:37:01Z INFO Runner] ExecuteCommand
[2021-02-02 18:37:01Z INFO ConfigurationStore] currentAssemblyLocation: /home/site/bde/actions-runner/bin/Runner.Listener.dll
[2021-02-02 18:37:01Z INFO HostContext] Well known directory 'Bin': '/home/site/bde/actions-runner/bin'
[2021-02-02 18:37:01Z INFO ConfigurationStore] binPath: /home/site/bde/actions-runner/bin
[2021-02-02 18:37:01Z INFO HostContext] Well known directory 'Bin': '/home/site/bde/actions-runner/bin'
[2021-02-02 18:37:01Z INFO HostContext] Well known directory 'Root': '/home/site/bde/actions-runner'
[2021-02-02 18:37:01Z INFO ConfigurationStore] RootFolder: /home/site/bde/actions-runner
[2021-02-02 18:37:01Z INFO HostContext] Well known directory 'Bin': '/home/site/bde/actions-runner/bin'
[2021-02-02 18:37:01Z INFO HostContext] Well known directory 'Root': '/home/site/bde/actions-runner'
[2021-02-02 18:37:01Z INFO HostContext] Well known config file 'Runner': '/home/site/bde/actions-runner/.runner'
[2021-02-02 18:37:01Z INFO ConfigurationStore] ConfigFilePath: /home/site/bde/actions-runner/.runner
[2021-02-02 18:37:01Z INFO HostContext] Well known directory 'Bin': '/home/site/bde/actions-runner/bin'
[2021-02-02 18:37:01Z INFO HostContext] Well known directory 'Root': '/home/site/bde/actions-runner'
[2021-02-02 18:37:01Z INFO HostContext] Well known config file 'Credentials': '/home/site/bde/actions-runner/.credentials'
[2021-02-02 18:37:01Z INFO ConfigurationStore] CredFilePath: /home/site/bde/actions-runner/.credentials
[2021-02-02 18:37:01Z INFO HostContext] Well known directory 'Bin': '/home/site/bde/actions-runner/bin'
[2021-02-02 18:37:01Z INFO HostContext] Well known directory 'Root': '/home/site/bde/actions-runner'
[2021-02-02 18:37:01Z INFO HostContext] Well known config file 'MigratedCredentials': '/home/site/bde/actions-runner/.credentials_migrated'
[2021-02-02 18:37:01Z INFO ConfigurationStore] MigratedCredFilePath: /home/site/bde/actions-runner/.credentials_migrated
[2021-02-02 18:37:01Z INFO HostContext] Well known directory 'Bin': '/home/site/bde/actions-runner/bin'
[2021-02-02 18:37:01Z INFO HostContext] Well known directory 'Root': '/home/site/bde/actions-runner'
[2021-02-02 18:37:01Z INFO HostContext] Well known config file 'Service': '/home/site/bde/actions-runner/.service'
[2021-02-02 18:37:01Z INFO ConfigurationStore] ServiceConfigFilePath: /home/site/bde/actions-runner/.service
[2021-02-02 18:37:01Z INFO CommandSettings] Flag 'help': 'False'
[2021-02-02 18:37:01Z INFO CommandSettings] Flag 'version': 'False'
[2021-02-02 18:37:01Z INFO CommandSettings] Flag 'commit': 'False'
[2021-02-02 18:37:01Z INFO CommandSettings] Flag 'check': 'False'
[2021-02-02 18:37:01Z INFO CommandSettings] Command 'configure': 'False'
[2021-02-02 18:37:01Z INFO CommandSettings] Command 'remove': 'False'
[2021-02-02 18:37:01Z INFO CommandSettings] Command 'warmup': 'False'
[2021-02-02 18:37:01Z INFO ConfigurationManager] LoadSettings
[2021-02-02 18:37:01Z INFO ConfigurationStore] IsConfigured()
[2021-02-02 18:37:01Z INFO ConfigurationStore] IsConfigured: True
[2021-02-02 18:37:01Z INFO ConfigurationManager] Is configured: True
[2021-02-02 18:37:01Z INFO ConfigurationStore] Read setting file: 279 chars
[2021-02-02 18:37:01Z INFO ConfigurationManager] Settings Loaded
[2021-02-02 18:37:01Z INFO ConfigurationStore] IsServiceConfigured()
[2021-02-02 18:37:01Z INFO ConfigurationStore] IsServiceConfigured: False
[2021-02-02 18:37:01Z INFO CommandSettings] Command 'run': 'True'
[2021-02-02 18:37:01Z INFO ConfigurationStore] IsConfigured()
[2021-02-02 18:37:01Z INFO ConfigurationStore] IsConfigured: True
[2021-02-02 18:37:01Z INFO ConfigurationManager] Is configured: True
[2021-02-02 18:37:01Z INFO Runner] Could not parse the argument value '' for StartupType. Defaulting to Manual
[2021-02-02 18:37:01Z INFO Runner] Set runner startup type - Manual
[2021-02-02 18:37:01Z INFO CommandSettings] Flag 'once': 'False'
[2021-02-02 18:37:01Z INFO Runner] RunAsync
[2021-02-02 18:37:01Z INFO ConfigurationManager] LoadSettings
[2021-02-02 18:37:01Z INFO ConfigurationStore] IsConfigured()
[2021-02-02 18:37:01Z INFO ConfigurationStore] IsConfigured: True
[2021-02-02 18:37:01Z INFO ConfigurationManager] Is configured: True
[2021-02-02 18:37:01Z INFO ConfigurationManager] Settings Loaded
[2021-02-02 18:37:01Z INFO MessageListener] {
  "AgentId": 2,
  "AgentName": "Site",
  "PoolId": 1,
  "PoolName": "Default",
  "ServerUrl": "https://pipelines.actions.githubusercontent.com/QVeLwaMWQkInkFv2fQ4ZitZZRK5MJcNtIgxToLGcPg8KerswEn",
  "GitHubUrl": "https://github.com/Bde-Saintonge/Site",
  "WorkFolder": "_work"
}
[2021-02-02 18:37:01Z INFO MessageListener] Loading Credentials
[2021-02-02 18:37:01Z INFO ConfigurationStore] HasCredentials()
[2021-02-02 18:37:01Z INFO ConfigurationStore] stored True
[2021-02-02 18:37:01Z INFO CredentialManager] GetCredentialProvider
[2021-02-02 18:37:01Z INFO CredentialManager] Creating type OAuth
[2021-02-02 18:37:01Z INFO CredentialManager] Creating credential type: OAuth
[2021-02-02 18:37:01Z INFO HostContext] Well known directory 'Bin': '/home/site/bde/actions-runner/bin'
[2021-02-02 18:37:01Z INFO HostContext] Well known directory 'Root': '/home/site/bde/actions-runner'
[2021-02-02 18:37:01Z INFO HostContext] Well known config file 'RSACredentials': '/home/site/bde/actions-runner/.credentials_rsaparams'
[2021-02-02 18:37:01Z INFO RSAFileKeyManager] Loading RSA key parameters from file /home/site/bde/actions-runner/.credentials_rsaparams
[2021-02-02 18:37:01Z INFO MessageListener] Attempt to create session.
[2021-02-02 18:37:01Z INFO MessageListener] Connecting to the Runner Server...
[2021-02-02 18:37:01Z INFO RunnerServer] Establish connection with 100 seconds timeout.
[2021-02-02 18:37:01Z INFO GitHubActionsService] Starting operation Location.GetConnectionData
[2021-02-02 18:37:01Z INFO RunnerServer] Establish connection with 60 seconds timeout.
[2021-02-02 18:37:01Z INFO GitHubActionsService] Starting operation Location.GetConnectionData
[2021-02-02 18:37:01Z INFO RunnerServer] Establish connection with 60 seconds timeout.
[2021-02-02 18:37:01Z INFO GitHubActionsService] Starting operation Location.GetConnectionData
[2021-02-02 18:37:02Z INFO GitHubActionsService] Finished operation Location.GetConnectionData
[2021-02-02 18:37:02Z INFO GitHubActionsService] Finished operation Location.GetConnectionData
[2021-02-02 18:37:02Z INFO GitHubActionsService] Finished operation Location.GetConnectionData
[2021-02-02 18:37:02Z INFO MessageListener] VssConnection created
[2021-02-02 18:37:02Z INFO Terminal] WRITE LINE: 
[2021-02-02 18:37:02Z INFO Terminal] WRITE LINE: 
[2021-02-02 18:37:02Z WARN GitHubActionsService] Authentication failed with status code 401.
WWW-Authenticate: Bearer
Strict-Transport-Security: max-age=2592000
X-TFS-ProcessId: edbf39e7-38c0-4384-bfd2-0714b7ff201f
ActivityId: 75bc397c-cb21-431b-957c-7937ca43b36e
X-TFS-Session: 313cb290-d21c-4516-91a2-a5f6707ce549
X-VSS-E2EID: c3beceee-19e8-41cd-be43-13ff35c532de
X-VSS-SenderDeploymentId: 2c974d96-2c30-cef5-eff2-3e0511a903a5
X-TFS-ServiceError: The+user+%27System%3aPublicAccess%3baaaaaaaa-aaaa-aaaa-aaaa-aaaaaaaaaaaa%27+is+not+authorized+to+access+this+resource.
X-VSS-S2STargetService: 0000005A-0000-8888-8000-000000000000/visualstudio.com
X-MSEdge-Ref: Ref A: 195CF17EF98E4029AF8C2D37A659793D Ref B: MRS20EDGE0116 Ref C: 2021-02-02T18:37:02Z
Date: Tue, 02 Feb 2021 18:37:01 GMT

[2021-02-02 18:37:02Z INFO RSAFileKeyManager] Loading RSA key parameters from file /home/site/bde/actions-runner/.credentials_rsaparams
[2021-02-02 18:37:02Z INFO RSAFileKeyManager] Loading RSA key parameters from file /home/site/bde/actions-runner/.credentials_rsaparams
[2021-02-02 18:37:03Z INFO GitHubActionsService] AAD Correlation ID for this token request: Unknown
[2021-02-02 18:37:03Z INFO MessageListener] Session created.
[2021-02-02 18:37:03Z INFO Terminal] WRITE LINE: 2021-02-02 18:37:03Z: Listening for Jobs
[2021-02-02 18:37:03Z INFO JobDispatcher] Set runner/worker IPC timeout to 30 seconds.
[2021-02-02 18:37:47Z INFO RSAFileKeyManager] Loading RSA key parameters from file /home/site/bde/actions-runner/.credentials_rsaparams
[2021-02-02 18:37:47Z INFO MessageListener] Message '1' received from session 'ebbecde7-3653-4a8e-8d3d-2348a288e6ee'.
[2021-02-02 18:37:47Z INFO JobDispatcher] Job request 1 for plan 01d478e3-c07b-403a-80dd-e8262341d1b8 job ca395085-040a-526b-2ce8-bdc85f692774 received.
[2021-02-02 18:37:47Z INFO JobDispatcher] Pull OrchestrationId 01d478e3-c07b-403a-80dd-e8262341d1b8.build.__default from JWT claims
[2021-02-02 18:37:47Z INFO Terminal] WRITE LINE: 2021-02-02 18:37:47Z: Running job: build
[2021-02-02 18:37:47Z INFO JobDispatcher] Start renew job request 1 for job ca395085-040a-526b-2ce8-bdc85f692774.
[2021-02-02 18:37:48Z INFO JobDispatcher] Successfully renew job request 1, job is valid till 02/02/2021 18:47:48
[2021-02-02 18:37:48Z INFO HostContext] Well known directory 'Bin': '/home/site/bde/actions-runner/bin'
[2021-02-02 18:37:48Z INFO ProcessInvokerWrapper] Starting process:
[2021-02-02 18:37:48Z INFO ProcessInvokerWrapper]   File name: '/home/site/bde/actions-runner/bin/Runner.Worker'
[2021-02-02 18:37:48Z INFO ProcessInvokerWrapper]   Arguments: 'spawnclient 100 103'
[2021-02-02 18:37:48Z INFO ProcessInvokerWrapper]   Working directory: '/home/site/bde/actions-runner/bin'
[2021-02-02 18:37:48Z INFO ProcessInvokerWrapper]   Require exit code zero: 'False'
[2021-02-02 18:37:48Z INFO ProcessInvokerWrapper]   Encoding web name:  ; code page: ''
[2021-02-02 18:37:48Z INFO ProcessInvokerWrapper]   Force kill process on cancellation: 'True'
[2021-02-02 18:37:48Z INFO ProcessInvokerWrapper]   Redirected STDIN: 'False'
[2021-02-02 18:37:48Z INFO ProcessInvokerWrapper]   Persist current code page: 'False'
[2021-02-02 18:37:48Z INFO ProcessInvokerWrapper]   Keep redirected STDIN open: 'False'
[2021-02-02 18:37:48Z INFO ProcessInvokerWrapper]   High priority process: 'True'
[2021-02-02 18:37:48Z INFO ProcessInvokerWrapper] Process started with process id 18416, waiting for process exit.
[2021-02-02 18:37:48Z INFO JobDispatcher] Send job request message to worker for job ca395085-040a-526b-2ce8-bdc85f692774.
[2021-02-02 18:37:48Z INFO JobNotification] Entering JobStarted Notification
[2021-02-02 18:37:48Z INFO JobNotification] Entering StartMonitor
[2021-02-02 18:38:48Z INFO JobDispatcher] Successfully renew job request 1, job is valid till 02/02/2021 18:48:48
[2021-02-02 18:39:48Z INFO JobDispatcher] Successfully renew job request 1, job is valid till 02/02/2021 18:49:48
[2021-02-02 18:40:48Z INFO JobDispatcher] Successfully renew job request 1, job is valid till 02/02/2021 18:50:48
[2021-02-02 18:41:48Z INFO JobDispatcher] Successfully renew job request 1, job is valid till 02/02/2021 18:51:48
[2021-02-02 18:42:49Z INFO JobDispatcher] Successfully renew job request 1, job is valid till 02/02/2021 18:52:49
[2021-02-02 18:43:49Z INFO JobDispatcher] Successfully renew job request 1, job is valid till 02/02/2021 18:53:49
[2021-02-02 18:44:49Z INFO JobDispatcher] Successfully renew job request 1, job is valid till 02/02/2021 18:54:49
[2021-02-02 18:45:11Z INFO ProcessInvokerWrapper] STDOUT/STDERR stream read finished.
[2021-02-02 18:45:11Z INFO ProcessInvokerWrapper] STDOUT/STDERR stream read finished.
[2021-02-02 18:45:11Z INFO ProcessInvokerWrapper] Finished process 18416 with exit code 100, and elapsed time 00:07:23.8213511.
[2021-02-02 18:45:11Z INFO JobDispatcher] Worker finished for job ca395085-040a-526b-2ce8-bdc85f692774. Code: 100
[2021-02-02 18:45:11Z INFO JobDispatcher] finish job request for job ca395085-040a-526b-2ce8-bdc85f692774 with result: Succeeded
[2021-02-02 18:45:11Z INFO Terminal] WRITE LINE: 2021-02-02 18:45:11Z: Job build completed with result: Succeeded
[2021-02-02 18:45:11Z INFO JobDispatcher] Stop renew job request for job ca395085-040a-526b-2ce8-bdc85f692774.
[2021-02-02 18:45:11Z INFO JobDispatcher] job renew has been canceled, stop renew job request 1.
[2021-02-02 18:45:11Z INFO JobNotification] Entering JobCompleted Notification
[2021-02-02 18:45:11Z INFO JobNotification] Entering EndMonitor
[2021-02-02 18:46:06Z INFO Terminal] WRITE LINE: Exiting...
[2021-02-02 18:46:06Z INFO ConfigurationStore] IsServiceConfigured()
[2021-02-02 18:46:06Z INFO ConfigurationStore] IsServiceConfigured: False
[2021-02-02 18:46:06Z INFO HostContext] Runner will be shutdown for UserCancelled
[2021-02-02 18:46:06Z WARN GitHubActionsService] GET request to https://pipelines.actions.githubusercontent.com/QVeLwaMWQkInkFv2fQ4ZitZZRK5MJcNtIgxToLGcPg8KerswEn/_apis/distributedtask/pools/1/messages?sessionId=ebbecde7-3653-4a8e-8d3d-2348a288e6ee&lastMessageId=1 has been cancelled.
[2021-02-02 18:46:06Z INFO MessageListener] Get next message has been cancelled.
[2021-02-02 18:46:06Z INFO JobDispatcher] Shutting down JobDispatcher. Make sure all WorkerDispatcher has finished.
[2021-02-02 18:46:06Z INFO JobDispatcher] Ensure WorkerDispather for job ca395085-040a-526b-2ce8-bdc85f692774 run to finish, cancel any running job.
[2021-02-02 18:46:06Z INFO JobDispatcher] Job request ca395085-040a-526b-2ce8-bdc85f692774 processed succeed.
[2021-02-02 18:46:06Z INFO Listener] Runner execution been cancelled.
