[2021-02-02 21:48:20Z INFO HostContext] No proxy settings were found based on environmental variables (http_proxy/https_proxy/HTTP_PROXY/HTTPS_PROXY)
[2021-02-02 21:48:20Z INFO HostContext] Well known directory 'Bin': '/home/site/bde/actions-runner/bin'
[2021-02-02 21:48:20Z INFO HostContext] Well known directory 'Root': '/home/site/bde/actions-runner'
[2021-02-02 21:48:20Z INFO HostContext] Well known config file 'Credentials': '/home/site/bde/actions-runner/.credentials'
[2021-02-02 21:48:20Z INFO Listener] Runner is built for Linux (X64) - linux-x64.
[2021-02-02 21:48:20Z INFO Listener] RuntimeInformation: Linux 4.19.0-14-amd64 #1 SMP Debian 4.19.171-2 (2021-01-30).
[2021-02-02 21:48:20Z INFO Listener] Version: 2.276.1
[2021-02-02 21:48:20Z INFO Listener] Commit: 5effa808be96eae7f2e08d713426b8d056bddff1
[2021-02-02 21:48:20Z INFO Listener] Culture: fr-FR
[2021-02-02 21:48:20Z INFO Listener] UI Culture: fr-FR
[2021-02-02 21:48:20Z INFO HostContext] Well known directory 'Bin': '/home/site/bde/actions-runner/bin'
[2021-02-02 21:48:20Z INFO HostContext] Well known directory 'Root': '/home/site/bde/actions-runner'
[2021-02-02 21:48:20Z INFO Listener] Validating directory permissions for: '/home/site/bde/actions-runner'
[2021-02-02 21:48:20Z INFO CommandLineParser] Parse
[2021-02-02 21:48:20Z INFO CommandLineParser] Parsing 1 args
[2021-02-02 21:48:20Z INFO CommandLineParser] parsing argument
[2021-02-02 21:48:20Z INFO CommandLineParser] HasArgs: False
[2021-02-02 21:48:20Z INFO CommandLineParser] Adding Command: run
[2021-02-02 21:48:20Z INFO Listener] Arguments parsed
[2021-02-02 21:48:20Z INFO Runner] ExecuteCommand
[2021-02-02 21:48:20Z INFO ConfigurationStore] currentAssemblyLocation: /home/site/bde/actions-runner/bin/Runner.Listener.dll
[2021-02-02 21:48:20Z INFO HostContext] Well known directory 'Bin': '/home/site/bde/actions-runner/bin'
[2021-02-02 21:48:20Z INFO ConfigurationStore] binPath: /home/site/bde/actions-runner/bin
[2021-02-02 21:48:20Z INFO HostContext] Well known directory 'Bin': '/home/site/bde/actions-runner/bin'
[2021-02-02 21:48:20Z INFO HostContext] Well known directory 'Root': '/home/site/bde/actions-runner'
[2021-02-02 21:48:20Z INFO ConfigurationStore] RootFolder: /home/site/bde/actions-runner
[2021-02-02 21:48:20Z INFO HostContext] Well known directory 'Bin': '/home/site/bde/actions-runner/bin'
[2021-02-02 21:48:20Z INFO HostContext] Well known directory 'Root': '/home/site/bde/actions-runner'
[2021-02-02 21:48:20Z INFO HostContext] Well known config file 'Runner': '/home/site/bde/actions-runner/.runner'
[2021-02-02 21:48:20Z INFO ConfigurationStore] ConfigFilePath: /home/site/bde/actions-runner/.runner
[2021-02-02 21:48:20Z INFO HostContext] Well known directory 'Bin': '/home/site/bde/actions-runner/bin'
[2021-02-02 21:48:20Z INFO HostContext] Well known directory 'Root': '/home/site/bde/actions-runner'
[2021-02-02 21:48:20Z INFO HostContext] Well known config file 'Credentials': '/home/site/bde/actions-runner/.credentials'
[2021-02-02 21:48:20Z INFO ConfigurationStore] CredFilePath: /home/site/bde/actions-runner/.credentials
[2021-02-02 21:48:20Z INFO HostContext] Well known directory 'Bin': '/home/site/bde/actions-runner/bin'
[2021-02-02 21:48:20Z INFO HostContext] Well known directory 'Root': '/home/site/bde/actions-runner'
[2021-02-02 21:48:20Z INFO HostContext] Well known config file 'MigratedCredentials': '/home/site/bde/actions-runner/.credentials_migrated'
[2021-02-02 21:48:20Z INFO ConfigurationStore] MigratedCredFilePath: /home/site/bde/actions-runner/.credentials_migrated
[2021-02-02 21:48:20Z INFO HostContext] Well known directory 'Bin': '/home/site/bde/actions-runner/bin'
[2021-02-02 21:48:20Z INFO HostContext] Well known directory 'Root': '/home/site/bde/actions-runner'
[2021-02-02 21:48:20Z INFO HostContext] Well known config file 'Service': '/home/site/bde/actions-runner/.service'
[2021-02-02 21:48:20Z INFO ConfigurationStore] ServiceConfigFilePath: /home/site/bde/actions-runner/.service
[2021-02-02 21:48:20Z INFO CommandSettings] Flag 'help': 'False'
[2021-02-02 21:48:20Z INFO CommandSettings] Flag 'version': 'False'
[2021-02-02 21:48:20Z INFO CommandSettings] Flag 'commit': 'False'
[2021-02-02 21:48:20Z INFO CommandSettings] Flag 'check': 'False'
[2021-02-02 21:48:20Z INFO CommandSettings] Command 'configure': 'False'
[2021-02-02 21:48:20Z INFO CommandSettings] Command 'remove': 'False'
[2021-02-02 21:48:20Z INFO CommandSettings] Command 'warmup': 'False'
[2021-02-02 21:48:20Z INFO ConfigurationManager] LoadSettings
[2021-02-02 21:48:20Z INFO ConfigurationStore] IsConfigured()
[2021-02-02 21:48:20Z INFO ConfigurationStore] IsConfigured: True
[2021-02-02 21:48:20Z INFO ConfigurationManager] Is configured: True
[2021-02-02 21:48:20Z INFO ConfigurationStore] Read setting file: 279 chars
[2021-02-02 21:48:20Z INFO ConfigurationManager] Settings Loaded
[2021-02-02 21:48:20Z INFO ConfigurationStore] IsServiceConfigured()
[2021-02-02 21:48:20Z INFO ConfigurationStore] IsServiceConfigured: False
[2021-02-02 21:48:20Z INFO CommandSettings] Command 'run': 'True'
[2021-02-02 21:48:20Z INFO ConfigurationStore] IsConfigured()
[2021-02-02 21:48:20Z INFO ConfigurationStore] IsConfigured: True
[2021-02-02 21:48:20Z INFO ConfigurationManager] Is configured: True
[2021-02-02 21:48:20Z INFO Runner] Could not parse the argument value '' for StartupType. Defaulting to Manual
[2021-02-02 21:48:20Z INFO Runner] Set runner startup type - Manual
[2021-02-02 21:48:20Z INFO CommandSettings] Flag 'once': 'False'
[2021-02-02 21:48:20Z INFO Runner] RunAsync
[2021-02-02 21:48:20Z INFO ConfigurationManager] LoadSettings
[2021-02-02 21:48:20Z INFO ConfigurationStore] IsConfigured()
[2021-02-02 21:48:20Z INFO ConfigurationStore] IsConfigured: True
[2021-02-02 21:48:20Z INFO ConfigurationManager] Is configured: True
[2021-02-02 21:48:20Z INFO ConfigurationManager] Settings Loaded
[2021-02-02 21:48:20Z INFO MessageListener] {
  "AgentId": 2,
  "AgentName": "Site",
  "PoolId": 1,
  "PoolName": "Default",
  "ServerUrl": "https://pipelines.actions.githubusercontent.com/QVeLwaMWQkInkFv2fQ4ZitZZRK5MJcNtIgxToLGcPg8KerswEn",
  "GitHubUrl": "https://github.com/Bde-Saintonge/Site",
  "WorkFolder": "_work"
}
[2021-02-02 21:48:20Z INFO MessageListener] Loading Credentials
[2021-02-02 21:48:20Z INFO ConfigurationStore] HasCredentials()
[2021-02-02 21:48:20Z INFO ConfigurationStore] stored True
[2021-02-02 21:48:20Z INFO CredentialManager] GetCredentialProvider
[2021-02-02 21:48:20Z INFO CredentialManager] Creating type OAuth
[2021-02-02 21:48:20Z INFO CredentialManager] Creating credential type: OAuth
[2021-02-02 21:48:20Z INFO HostContext] Well known directory 'Bin': '/home/site/bde/actions-runner/bin'
[2021-02-02 21:48:20Z INFO HostContext] Well known directory 'Root': '/home/site/bde/actions-runner'
[2021-02-02 21:48:20Z INFO HostContext] Well known config file 'RSACredentials': '/home/site/bde/actions-runner/.credentials_rsaparams'
[2021-02-02 21:48:20Z INFO RSAFileKeyManager] Loading RSA key parameters from file /home/site/bde/actions-runner/.credentials_rsaparams
[2021-02-02 21:48:20Z INFO MessageListener] Attempt to create session.
[2021-02-02 21:48:20Z INFO MessageListener] Connecting to the Runner Server...
[2021-02-02 21:48:20Z INFO RunnerServer] Establish connection with 100 seconds timeout.
[2021-02-02 21:48:20Z INFO GitHubActionsService] Starting operation Location.GetConnectionData
[2021-02-02 21:48:20Z INFO RunnerServer] Establish connection with 60 seconds timeout.
[2021-02-02 21:48:20Z INFO GitHubActionsService] Starting operation Location.GetConnectionData
[2021-02-02 21:48:20Z INFO RunnerServer] Establish connection with 60 seconds timeout.
[2021-02-02 21:48:20Z INFO GitHubActionsService] Starting operation Location.GetConnectionData
[2021-02-02 21:48:21Z INFO GitHubActionsService] Finished operation Location.GetConnectionData
[2021-02-02 21:48:21Z INFO GitHubActionsService] Finished operation Location.GetConnectionData
[2021-02-02 21:48:21Z INFO GitHubActionsService] Finished operation Location.GetConnectionData
[2021-02-02 21:48:21Z INFO MessageListener] VssConnection created
[2021-02-02 21:48:21Z INFO Terminal] WRITE LINE: 
[2021-02-02 21:48:21Z INFO Terminal] WRITE LINE: 
[2021-02-02 21:48:22Z WARN GitHubActionsService] Authentication failed with status code 401.
WWW-Authenticate: Bearer
Strict-Transport-Security: max-age=2592000
X-TFS-ProcessId: 9c9460c1-442d-4cc9-b434-04f549c4cd17
ActivityId: d690b9c4-e3b6-40e8-b498-4acc83cfb870
X-TFS-Session: b49fb944-840c-48f5-9013-ec14c2802150
X-VSS-E2EID: fa6a7cc3-a1fb-44cd-aae8-b7817b6120ba
X-VSS-SenderDeploymentId: 2c974d96-2c30-cef5-eff2-3e0511a903a5
X-TFS-ServiceError: The+user+%27System%3aPublicAccess%3baaaaaaaa-aaaa-aaaa-aaaa-aaaaaaaaaaaa%27+is+not+authorized+to+access+this+resource.
X-VSS-S2STargetService: 0000005A-0000-8888-8000-000000000000/visualstudio.com
X-MSEdge-Ref: Ref A: EDBEB23C9F08452CBB80E3BB330E257C Ref B: MRS20EDGE0114 Ref C: 2021-02-02T21:48:21Z
Date: Tue, 02 Feb 2021 21:48:21 GMT

[2021-02-02 21:48:22Z INFO RSAFileKeyManager] Loading RSA key parameters from file /home/site/bde/actions-runner/.credentials_rsaparams
[2021-02-02 21:48:22Z INFO RSAFileKeyManager] Loading RSA key parameters from file /home/site/bde/actions-runner/.credentials_rsaparams
[2021-02-02 21:48:22Z INFO GitHubActionsService] AAD Correlation ID for this token request: Unknown
[2021-02-02 21:48:22Z INFO MessageListener] Session created.
[2021-02-02 21:48:22Z INFO Terminal] WRITE LINE: 2021-02-02 21:48:22Z: Listening for Jobs
[2021-02-02 21:48:22Z INFO JobDispatcher] Set runner/worker IPC timeout to 30 seconds.
[2021-02-02 21:48:26Z INFO RSAFileKeyManager] Loading RSA key parameters from file /home/site/bde/actions-runner/.credentials_rsaparams
[2021-02-02 21:48:26Z INFO MessageListener] Message '14' received from session 'a5228914-69b8-490b-87d6-08ceedea7b02'.
[2021-02-02 21:48:26Z INFO JobDispatcher] Job request 13 for plan e790a985-f5ff-47c1-9c5a-b650bb8d10e8 job ca395085-040a-526b-2ce8-bdc85f692774 received.
[2021-02-02 21:48:26Z INFO JobDispatcher] Pull OrchestrationId e790a985-f5ff-47c1-9c5a-b650bb8d10e8.build.__default from JWT claims
[2021-02-02 21:48:26Z INFO Terminal] WRITE LINE: 2021-02-02 21:48:26Z: Running job: build
[2021-02-02 21:48:26Z INFO JobDispatcher] Start renew job request 13 for job ca395085-040a-526b-2ce8-bdc85f692774.
[2021-02-02 21:48:26Z INFO JobDispatcher] Successfully renew job request 13, job is valid till 02/02/2021 21:58:26
[2021-02-02 21:48:26Z INFO HostContext] Well known directory 'Bin': '/home/site/bde/actions-runner/bin'
[2021-02-02 21:48:26Z INFO ProcessInvokerWrapper] Starting process:
[2021-02-02 21:48:26Z INFO ProcessInvokerWrapper]   File name: '/home/site/bde/actions-runner/bin/Runner.Worker'
[2021-02-02 21:48:26Z INFO ProcessInvokerWrapper]   Arguments: 'spawnclient 100 103'
[2021-02-02 21:48:26Z INFO ProcessInvokerWrapper]   Working directory: '/home/site/bde/actions-runner/bin'
[2021-02-02 21:48:26Z INFO ProcessInvokerWrapper]   Require exit code zero: 'False'
[2021-02-02 21:48:26Z INFO ProcessInvokerWrapper]   Encoding web name:  ; code page: ''
[2021-02-02 21:48:26Z INFO ProcessInvokerWrapper]   Force kill process on cancellation: 'True'
[2021-02-02 21:48:26Z INFO ProcessInvokerWrapper]   Redirected STDIN: 'False'
[2021-02-02 21:48:26Z INFO ProcessInvokerWrapper]   Persist current code page: 'False'
[2021-02-02 21:48:26Z INFO ProcessInvokerWrapper]   Keep redirected STDIN open: 'False'
[2021-02-02 21:48:26Z INFO ProcessInvokerWrapper]   High priority process: 'True'
[2021-02-02 21:48:26Z INFO ProcessInvokerWrapper] Process started with process id 1834, waiting for process exit.
[2021-02-02 21:48:26Z INFO JobDispatcher] Send job request message to worker for job ca395085-040a-526b-2ce8-bdc85f692774.
[2021-02-02 21:48:26Z INFO JobNotification] Entering JobStarted Notification
[2021-02-02 21:48:26Z INFO JobNotification] Entering StartMonitor
[2021-02-02 21:48:36Z INFO ProcessInvokerWrapper] STDOUT/STDERR stream read finished.
[2021-02-02 21:48:36Z INFO ProcessInvokerWrapper] STDOUT/STDERR stream read finished.
[2021-02-02 21:48:36Z INFO ProcessInvokerWrapper] Finished process 1834 with exit code 102, and elapsed time 00:00:10.5761291.
[2021-02-02 21:48:36Z INFO JobDispatcher] Worker finished for job ca395085-040a-526b-2ce8-bdc85f692774. Code: 102
[2021-02-02 21:48:36Z INFO JobDispatcher] finish job request for job ca395085-040a-526b-2ce8-bdc85f692774 with result: Failed
[2021-02-02 21:48:36Z INFO Terminal] WRITE LINE: 2021-02-02 21:48:36Z: Job build completed with result: Failed
[2021-02-02 21:48:36Z INFO JobDispatcher] Stop renew job request for job ca395085-040a-526b-2ce8-bdc85f692774.
[2021-02-02 21:48:36Z INFO JobDispatcher] job renew has been canceled, stop renew job request 13.
[2021-02-02 21:48:36Z INFO JobNotification] Entering JobCompleted Notification
[2021-02-02 21:48:36Z INFO JobNotification] Entering EndMonitor
[2021-02-02 21:50:41Z INFO RSAFileKeyManager] Loading RSA key parameters from file /home/site/bde/actions-runner/.credentials_rsaparams
[2021-02-02 21:50:41Z INFO MessageListener] Message '15' received from session 'a5228914-69b8-490b-87d6-08ceedea7b02'.
[2021-02-02 21:50:41Z INFO JobDispatcher] Job request 14 for plan d75ba276-045c-4876-b6b5-ca61238936a0 job ca395085-040a-526b-2ce8-bdc85f692774 received.
[2021-02-02 21:50:41Z INFO JobDispatcher] Pull OrchestrationId d75ba276-045c-4876-b6b5-ca61238936a0.build.__default from JWT claims
[2021-02-02 21:50:41Z INFO JobDispatcher] Job request ca395085-040a-526b-2ce8-bdc85f692774 processed succeed.
[2021-02-02 21:50:41Z INFO Terminal] WRITE LINE: 2021-02-02 21:50:41Z: Running job: build
[2021-02-02 21:50:41Z INFO JobDispatcher] Start renew job request 14 for job ca395085-040a-526b-2ce8-bdc85f692774.
[2021-02-02 21:50:42Z INFO JobDispatcher] Successfully renew job request 14, job is valid till 02/02/2021 22:00:42
[2021-02-02 21:50:42Z INFO HostContext] Well known directory 'Bin': '/home/site/bde/actions-runner/bin'
[2021-02-02 21:50:42Z INFO ProcessInvokerWrapper] Starting process:
[2021-02-02 21:50:42Z INFO ProcessInvokerWrapper]   File name: '/home/site/bde/actions-runner/bin/Runner.Worker'
[2021-02-02 21:50:42Z INFO ProcessInvokerWrapper]   Arguments: 'spawnclient 93 102'
[2021-02-02 21:50:42Z INFO ProcessInvokerWrapper]   Working directory: '/home/site/bde/actions-runner/bin'
[2021-02-02 21:50:42Z INFO ProcessInvokerWrapper]   Require exit code zero: 'False'
[2021-02-02 21:50:42Z INFO ProcessInvokerWrapper]   Encoding web name:  ; code page: ''
[2021-02-02 21:50:42Z INFO ProcessInvokerWrapper]   Force kill process on cancellation: 'True'
[2021-02-02 21:50:42Z INFO ProcessInvokerWrapper]   Redirected STDIN: 'False'
[2021-02-02 21:50:42Z INFO ProcessInvokerWrapper]   Persist current code page: 'False'
[2021-02-02 21:50:42Z INFO ProcessInvokerWrapper]   Keep redirected STDIN open: 'False'
[2021-02-02 21:50:42Z INFO ProcessInvokerWrapper]   High priority process: 'True'
[2021-02-02 21:50:42Z INFO ProcessInvokerWrapper] Process started with process id 1994, waiting for process exit.
[2021-02-02 21:50:42Z INFO JobDispatcher] Send job request message to worker for job ca395085-040a-526b-2ce8-bdc85f692774.
[2021-02-02 21:50:42Z INFO JobNotification] Entering JobStarted Notification
[2021-02-02 21:50:42Z INFO JobNotification] Entering StartMonitor
[2021-02-02 21:51:42Z INFO JobDispatcher] Successfully renew job request 14, job is valid till 02/02/2021 22:01:42
[2021-02-02 21:52:27Z INFO ProcessInvokerWrapper] STDOUT/STDERR stream read finished.
[2021-02-02 21:52:27Z INFO ProcessInvokerWrapper] STDOUT/STDERR stream read finished.
[2021-02-02 21:52:27Z INFO ProcessInvokerWrapper] Finished process 1994 with exit code 102, and elapsed time 00:01:44.9981241.
[2021-02-02 21:52:27Z INFO JobDispatcher] Worker finished for job ca395085-040a-526b-2ce8-bdc85f692774. Code: 102
[2021-02-02 21:52:27Z INFO JobDispatcher] finish job request for job ca395085-040a-526b-2ce8-bdc85f692774 with result: Failed
[2021-02-02 21:52:27Z INFO Terminal] WRITE LINE: 2021-02-02 21:52:27Z: Job build completed with result: Failed
[2021-02-02 21:52:27Z INFO JobDispatcher] Stop renew job request for job ca395085-040a-526b-2ce8-bdc85f692774.
[2021-02-02 21:52:27Z INFO JobDispatcher] job renew has been canceled, stop renew job request 14.
[2021-02-02 21:52:27Z INFO JobNotification] Entering JobCompleted Notification
[2021-02-02 21:52:27Z INFO JobNotification] Entering EndMonitor
[2021-02-02 22:20:49Z INFO MessageListener] No message retrieved from session 'a5228914-69b8-490b-87d6-08ceedea7b02' within last 30 minutes.
[2021-02-02 22:26:23Z INFO Terminal] WRITE LINE: Exiting...
[2021-02-02 22:26:23Z INFO ConfigurationStore] IsServiceConfigured()
[2021-02-02 22:26:23Z INFO ConfigurationStore] IsServiceConfigured: False
[2021-02-02 22:26:23Z INFO HostContext] Runner will be shutdown for UserCancelled
[2021-02-02 22:26:23Z WARN GitHubActionsService] GET request to https://pipelines.actions.githubusercontent.com/QVeLwaMWQkInkFv2fQ4ZitZZRK5MJcNtIgxToLGcPg8KerswEn/_apis/distributedtask/pools/1/messages?sessionId=a5228914-69b8-490b-87d6-08ceedea7b02&lastMessageId=15 has been cancelled.
[2021-02-02 22:26:23Z INFO MessageListener] Get next message has been cancelled.
[2021-02-02 22:26:23Z INFO JobDispatcher] Shutting down JobDispatcher. Make sure all WorkerDispatcher has finished.
[2021-02-02 22:26:23Z INFO JobDispatcher] Ensure WorkerDispather for job ca395085-040a-526b-2ce8-bdc85f692774 run to finish, cancel any running job.
[2021-02-02 22:26:23Z INFO JobDispatcher] Job request ca395085-040a-526b-2ce8-bdc85f692774 processed succeed.
[2021-02-02 22:26:24Z INFO Listener] Runner execution been cancelled.
