[2021-02-02 20:04:13Z INFO HostContext] No proxy settings were found based on environmental variables (http_proxy/https_proxy/HTTP_PROXY/HTTPS_PROXY)
[2021-02-02 20:04:13Z INFO HostContext] Well known directory 'Bin': '/home/site/bde/actions-runner/bin'
[2021-02-02 20:04:13Z INFO HostContext] Well known directory 'Root': '/home/site/bde/actions-runner'
[2021-02-02 20:04:13Z INFO HostContext] Well known config file 'Credentials': '/home/site/bde/actions-runner/.credentials'
[2021-02-02 20:04:13Z INFO Worker] Version: 2.276.1
[2021-02-02 20:04:13Z INFO Worker] Commit: 5effa808be96eae7f2e08d713426b8d056bddff1
[2021-02-02 20:04:13Z INFO Worker] Culture: fr-FR
[2021-02-02 20:04:13Z INFO Worker] UI Culture: fr-FR
[2021-02-02 20:04:13Z INFO Worker] Waiting to receive the job message from the channel.
[2021-02-02 20:04:13Z INFO Worker] Message received.
[2021-02-02 20:04:13Z INFO Worker] Job message:
 {
  "fileTable": [
    ".github/workflows/php.yml"
  ],
  "mask": [
    {
      "type": "regex",
      "value": "***"
    },
    {
      "type": "regex",
      "value": "***"
    },
    {
      "type": "regex",
      "value": "***"
    },
    {
      "type": "regex",
      "value": "***"
    },
    {
      "type": "regex",
      "value": "***"
    },
    {
      "type": "regex",
      "value": "***"
    },
    {
      "type": "regex",
      "value": "***"
    },
    {
      "type": "regex",
      "value": "***"
    },
    {
      "type": "regex",
      "value": "***"
    }
  ],
  "steps": [
    {
      "type": "action",
      "reference": {
        "type": "repository",
        "name": "bitcoder/dummy-action",
        "ref": "v2",
        "repositoryType": "GitHub",
        "path": ""
      },
      "condition": "success()",
      "id": "562faec3-da22-594f-78e2-f9a67b92bc50",
      "name": "bitcoderdummy-action"
    }
  ],
  "variables": {
    "system.isScheduled": {
      "value": "False"
    },
    "system": {
      "value": "actions"
    },
    "system.hosttype": {
      "value": "actions"
    },
    "system.servertype": {
      "value": "Hosted"
    },
    "system.culture": {
      "value": "en-US"
    },
    "system.collectionId": {
      "value": "8f350ce8-ff57-46b5-87eb-bcef733b57a8"
    },
    "system.collectionUri": {
      "value": "https://pipelines.actions.githubusercontent.com/QVeLwaMWQkInkFv2fQ4ZitZZRK5MJcNtIgxToLGcPg8KerswEn/"
    },
    "system.taskDefinitionsUri": {
      "value": "https://pipelines.actions.githubusercontent.com/QVeLwaMWQkInkFv2fQ4ZitZZRK5MJcNtIgxToLGcPg8KerswEn/"
    },
    "system.pipelineStartTime": {
      "value": "2021-02-02 20:04:10+00:00"
    },
    "system.definitionId": {
      "value": "3"
    },
    "system.runner.lowdiskspacethreshold": {
      "value": "100"
    },
    "DistributedTask.NewActionMetadata": {
      "value": "true"
    },
    "DistributedTask.UseContextNameForGITHUBACTION": {
      "value": "true"
    },
    "system.teamProjectId": {
      "value": "00000000-0000-0000-0000-000000000000"
    },
    "build.buildId": {
      "value": "10"
    },
    "build.containerId": {
      "value": "1861"
    },
    "system.definitionName": {
      "value": "Site"
    },
    "system.planId": {
      "value": "41910425-cd34-4d8c-922c-5a6160306218"
    },
    "system.timelineId": {
      "value": "41910425-cd34-4d8c-922c-5a6160306218"
    },
    "system.stageDisplayName": {
      "value": "__default"
    },
    "system.stageId": {
      "value": "96ac2280-8cb4-5df5-99de-dd2da759617d"
    },
    "system.stageName": {
      "value": "__default"
    },
    "system.stageAttempt": {
      "value": "1"
    },
    "system.phaseDisplayName": {
      "value": "build"
    },
    "system.phaseId": {
      "value": "6884a131-87da-5381-61f3-d7acc3b91d76"
    },
    "system.phaseName": {
      "value": "build"
    },
    "system.phaseAttempt": {
      "value": "1"
    },
    "system.jobIdentifier": {
      "value": "build.__default"
    },
    "system.jobAttempt": {
      "value": "1"
    },
    "System.JobPositionInPhase": {
      "value": "1"
    },
    "System.TotalJobsInPhase": {
      "value": "1"
    },
    "system.github.job": {
      "value": "build"
    },
    "system.jobDisplayName": {
      "value": "build"
    },
    "system.jobId": {
      "value": "ca395085-040a-526b-2ce8-bdc85f692774"
    },
    "system.jobName": {
      "value": "__default"
    },
    "system.github.token": {
      "value": "***",
      "isSecret": true
    },
    "system.runnerGroupName": {
      "value": "Default"
    }
  },
  "messageType": "PipelineAgentJobRequest",
  "plan": {
    "scopeIdentifier": "00000000-0000-0000-0000-000000000000",
    "planType": "Actions",
    "version": 12,
    "planId": "41910425-cd34-4d8c-922c-5a6160306218",
    "planGroup": "Actions:00000000-0000-0000-0000-000000000000:1",
    "artifactUri": "vstfs:///Build/Build/10",
    "artifactLocation": null,
    "definition": {
      "_links": {},
      "id": 3,
      "name": "Site"
    },
    "owner": {
      "_links": {},
      "id": 3,
      "name": "Bde-Saintonge"
    }
  },
  "timeline": {
    "id": "41910425-cd34-4d8c-922c-5a6160306218",
    "changeId": 6,
    "location": null
  },
  "jobId": "ca395085-040a-526b-2ce8-bdc85f692774",
  "jobDisplayName": "build",
  "jobName": "__default",
  "requestId": 9,
  "lockedUntil": "0001-01-01T00:00:00",
  "resources": {
    "endpoints": [
      {
        "data": {
          "ServerId": "8f350ce8-ff57-46b5-87eb-bcef733b57a8",
          "ServerName": "QVeLwaMWQkInkFv2fQ4ZitZZRK5MJcNtIgxToLGcPg8KerswEn",
          "CacheServerUrl": "https://artifactcache.actions.githubusercontent.com/QVeLwaMWQkInkFv2fQ4ZitZZRK5MJcNtIgxToLGcPg8KerswEn/"
        },
        "name": "SystemVssConnection",
        "url": "https://pipelines.actions.githubusercontent.com/QVeLwaMWQkInkFv2fQ4ZitZZRK5MJcNtIgxToLGcPg8KerswEn/",
        "authorization": {
          "parameters": {
            "AccessToken": ***
          },
          "scheme": "OAuth"
        },
        "isShared": false,
        "isReady": true
      }
    ]
  },
  "contextData": {
    "github": {
      "t": 2,
      "d": [
        {
          "k": "ref",
          "v": "refs/heads/main"
        },
        {
          "k": "sha",
          "v": "7822843ab55c3573a0723bd1327f3fd1cc764455"
        },
        {
          "k": "repository",
          "v": "Bde-Saintonge/Site"
        },
        {
          "k": "repository_owner",
          "v": "Bde-Saintonge"
        },
        {
          "k": "repositoryUrl",
          "v": "git://github.com/Bde-Saintonge/Site.git"
        },
        {
          "k": "run_id",
          "v": "531820212"
        },
        {
          "k": "run_number",
          "v": "10"
        },
        {
          "k": "retention_days",
          "v": "90"
        },
        {
          "k": "actor",
          "v": "jul-fls"
        },
        {
          "k": "workflow",
          "v": "PHP Composer"
        },
        {
          "k": "head_ref",
          "v": ""
        },
        {
          "k": "base_ref",
          "v": ""
        },
        {
          "k": "event_name",
          "v": "push"
        },
        {
          "k": "event",
          "v": {
            "t": 2,
            "d": [
              {
                "k": "after",
                "v": "7822843ab55c3573a0723bd1327f3fd1cc764455"
              },
              {
                "k": "base_ref",
                "v": null
              },
              {
                "k": "before",
                "v": "e942020689120ca6fe1a21af8ca0d7fd9046a0d9"
              },
              {
                "k": "commits",
                "v": {
                  "t": 1,
                  "a": [
                    {
                      "t": 2,
                      "d": [
                        {
                          "k": "author",
                          "v": {
                            "t": 2,
                            "d": [
                              {
                                "k": "email",
                                "v": "julienflusin3@gmail.com"
                              },
                              {
                                "k": "name",
                                "v": "Julien Flusin"
                              },
                              {
                                "k": "username",
                                "v": "jul-fls"
                              }
                            ]
                          }
                        },
                        {
                          "k": "committer",
                          "v": {
                            "t": 2,
                            "d": [
                              {
                                "k": "email",
                                "v": "noreply@github.com"
                              },
                              {
                                "k": "name",
                                "v": "GitHub"
                              },
                              {
                                "k": "username",
                                "v": "web-flow"
                              }
                            ]
                          }
                        },
                        {
                          "k": "distinct",
                          "v": true
                        },
                        {
                          "k": "id",
                          "v": "7822843ab55c3573a0723bd1327f3fd1cc764455"
                        },
                        {
                          "k": "message",
                          "v": "Update php.yml"
                        },
                        {
                          "k": "timestamp",
                          "v": "2021-02-02T21:02:36+01:00"
                        },
                        {
                          "k": "tree_id",
                          "v": "db6d72006c9f590db9b672d9ff942010c4cd6d53"
                        },
                        {
                          "k": "url",
                          "v": "https://github.com/Bde-Saintonge/Site/commit/7822843ab55c3573a0723bd1327f3fd1cc764455"
                        }
                      ]
                    }
                  ]
                }
              },
              {
                "k": "compare",
                "v": "https://github.com/Bde-Saintonge/Site/compare/e94202068912...7822843ab55c"
              },
              {
                "k": "created",
                "v": false
              },
              {
                "k": "deleted",
                "v": false
              },
              {
                "k": "forced",
                "v": false
              },
              {
                "k": "head_commit",
                "v": {
                  "t": 2,
                  "d": [
                    {
                      "k": "author",
                      "v": {
                        "t": 2,
                        "d": [
                          {
                            "k": "email",
                            "v": "julienflusin3@gmail.com"
                          },
                          {
                            "k": "name",
                            "v": "Julien Flusin"
                          },
                          {
                            "k": "username",
                            "v": "jul-fls"
                          }
                        ]
                      }
                    },
                    {
                      "k": "committer",
                      "v": {
                        "t": 2,
                        "d": [
                          {
                            "k": "email",
                            "v": "noreply@github.com"
                          },
                          {
                            "k": "name",
                            "v": "GitHub"
                          },
                          {
                            "k": "username",
                            "v": "web-flow"
                          }
                        ]
                      }
                    },
                    {
                      "k": "distinct",
                      "v": true
                    },
                    {
                      "k": "id",
                      "v": "7822843ab55c3573a0723bd1327f3fd1cc764455"
                    },
                    {
                      "k": "message",
                      "v": "Update php.yml"
                    },
                    {
                      "k": "timestamp",
                      "v": "2021-02-02T21:02:36+01:00"
                    },
                    {
                      "k": "tree_id",
                      "v": "db6d72006c9f590db9b672d9ff942010c4cd6d53"
                    },
                    {
                      "k": "url",
                      "v": "https://github.com/Bde-Saintonge/Site/commit/7822843ab55c3573a0723bd1327f3fd1cc764455"
                    }
                  ]
                }
              },
              {
                "k": "organization",
                "v": {
                  "t": 2,
                  "d": [
                    {
                      "k": "avatar_url",
                      "v": "https://avatars.githubusercontent.com/u/75099600?v=4"
                    },
                    {
                      "k": "description",
                      "v": "Bureau des élèves du lycée Sainte Famille Saintonge"
                    },
                    {
                      "k": "events_url",
                      "v": "https://api.github.com/orgs/Bde-Saintonge/events"
                    },
                    {
                      "k": "hooks_url",
                      "v": "https://api.github.com/orgs/Bde-Saintonge/hooks"
                    },
                    {
                      "k": "id",
                      "v": 75099600.0
                    },
                    {
                      "k": "issues_url",
                      "v": "https://api.github.com/orgs/Bde-Saintonge/issues"
                    },
                    {
                      "k": "login",
                      "v": "Bde-Saintonge"
                    },
                    {
                      "k": "members_url",
                      "v": "https://api.github.com/orgs/Bde-Saintonge/members{/member}"
                    },
                    {
                      "k": "node_id",
                      "v": "MDEyOk9yZ2FuaXphdGlvbjc1MDk5NjAw"
                    },
                    {
                      "k": "public_members_url",
                      "v": "https://api.github.com/orgs/Bde-Saintonge/public_members{/member}"
                    },
                    {
                      "k": "repos_url",
                      "v": "https://api.github.com/orgs/Bde-Saintonge/repos"
                    },
                    {
                      "k": "url",
                      "v": "https://api.github.com/orgs/Bde-Saintonge"
                    }
                  ]
                }
              },
              {
                "k": "pusher",
                "v": {
                  "t": 2,
                  "d": [
                    {
                      "k": "email",
                      "v": "julienflusin3@gmail.com"
                    },
                    {
                      "k": "name",
                      "v": "jul-fls"
                    }
                  ]
                }
              },
              {
                "k": "ref",
                "v": "refs/heads/main"
              },
              {
                "k": "repository",
                "v": {
                  "t": 2,
                  "d": [
                    {
                      "k": "archive_url",
                      "v": "https://api.github.com/repos/Bde-Saintonge/Site/{archive_format}{/ref}"
                    },
                    {
                      "k": "archived",
                      "v": false
                    },
                    {
                      "k": "assignees_url",
                      "v": "https://api.github.com/repos/Bde-Saintonge/Site/assignees{/user}"
                    },
                    {
                      "k": "blobs_url",
                      "v": "https://api.github.com/repos/Bde-Saintonge/Site/git/blobs{/sha}"
                    },
                    {
                      "k": "branches_url",
                      "v": "https://api.github.com/repos/Bde-Saintonge/Site/branches{/branch}"
                    },
                    {
                      "k": "clone_url",
                      "v": "https://github.com/Bde-Saintonge/Site.git"
                    },
                    {
                      "k": "collaborators_url",
                      "v": "https://api.github.com/repos/Bde-Saintonge/Site/collaborators{/collaborator}"
                    },
                    {
                      "k": "comments_url",
                      "v": "https://api.github.com/repos/Bde-Saintonge/Site/comments{/number}"
                    },
                    {
                      "k": "commits_url",
                      "v": "https://api.github.com/repos/Bde-Saintonge/Site/commits{/sha}"
                    },
                    {
                      "k": "compare_url",
                      "v": "https://api.github.com/repos/Bde-Saintonge/Site/compare/{base}...{head}"
                    },
                    {
                      "k": "contents_url",
                      "v": "https://api.github.com/repos/Bde-Saintonge/Site/contents/{+path}"
                    },
                    {
                      "k": "contributors_url",
                      "v": "https://api.github.com/repos/Bde-Saintonge/Site/contributors"
                    },
                    {
                      "k": "created_at",
                      "v": 1607163821.0
                    },
                    {
                      "k": "default_branch",
                      "v": "main"
                    },
                    {
                      "k": "deployments_url",
                      "v": "https://api.github.com/repos/Bde-Saintonge/Site/deployments"
                    },
                    {
                      "k": "description",
                      "v": "Le code du site du BDE"
                    },
                    {
                      "k": "disabled",
                      "v": false
                    },
                    {
                      "k": "downloads_url",
                      "v": "https://api.github.com/repos/Bde-Saintonge/Site/downloads"
                    },
                    {
                      "k": "events_url",
                      "v": "https://api.github.com/repos/Bde-Saintonge/Site/events"
                    },
                    {
                      "k": "fork",
                      "v": false
                    },
                    {
                      "k": "forks",
                      "v": 0.0
                    },
                    {
                      "k": "forks_count",
                      "v": 0.0
                    },
                    {
                      "k": "forks_url",
                      "v": "https://api.github.com/repos/Bde-Saintonge/Site/forks"
                    },
                    {
                      "k": "full_name",
                      "v": "Bde-Saintonge/Site"
                    },
                    {
                      "k": "git_commits_url",
                      "v": "https://api.github.com/repos/Bde-Saintonge/Site/git/commits{/sha}"
                    },
                    {
                      "k": "git_refs_url",
                      "v": "https://api.github.com/repos/Bde-Saintonge/Site/git/refs{/sha}"
                    },
                    {
                      "k": "git_tags_url",
                      "v": "https://api.github.com/repos/Bde-Saintonge/Site/git/tags{/sha}"
                    },
                    {
                      "k": "git_url",
                      "v": "git://github.com/Bde-Saintonge/Site.git"
                    },
                    {
                      "k": "has_downloads",
                      "v": true
                    },
                    {
                      "k": "has_issues",
                      "v": true
                    },
                    {
                      "k": "has_pages",
                      "v": false
                    },
                    {
                      "k": "has_projects",
                      "v": true
                    },
                    {
                      "k": "has_wiki",
                      "v": true
                    },
                    {
                      "k": "homepage",
                      "v": null
                    },
                    {
                      "k": "hooks_url",
                      "v": "https://api.github.com/repos/Bde-Saintonge/Site/hooks"
                    },
                    {
                      "k": "html_url",
                      "v": "https://github.com/Bde-Saintonge/Site"
                    },
                    {
                      "k": "id",
                      "v": 318758775.0
                    },
                    {
                      "k": "issue_comment_url",
                      "v": "https://api.github.com/repos/Bde-Saintonge/Site/issues/comments{/number}"
                    },
                    {
                      "k": "issue_events_url",
                      "v": "https://api.github.com/repos/Bde-Saintonge/Site/issues/events{/number}"
                    },
                    {
                      "k": "issues_url",
                      "v": "https://api.github.com/repos/Bde-Saintonge/Site/issues{/number}"
                    },
                    {
                      "k": "keys_url",
                      "v": "https://api.github.com/repos/Bde-Saintonge/Site/keys{/key_id}"
                    },
                    {
                      "k": "labels_url",
                      "v": "https://api.github.com/repos/Bde-Saintonge/Site/labels{/name}"
                    },
                    {
                      "k": "language",
                      "v": "Blade"
                    },
                    {
                      "k": "languages_url",
                      "v": "https://api.github.com/repos/Bde-Saintonge/Site/languages"
                    },
                    {
                      "k": "license",
                      "v": null
                    },
                    {
                      "k": "master_branch",
                      "v": "main"
                    },
                    {
                      "k": "merges_url",
                      "v": "https://api.github.com/repos/Bde-Saintonge/Site/merges"
                    },
                    {
                      "k": "milestones_url",
                      "v": "https://api.github.com/repos/Bde-Saintonge/Site/milestones{/number}"
                    },
                    {
                      "k": "mirror_url",
                      "v": null
                    },
                    {
                      "k": "name",
                      "v": "Site"
                    },
                    {
                      "k": "node_id",
                      "v": "MDEwOlJlcG9zaXRvcnkzMTg3NTg3NzU="
                    },
                    {
                      "k": "notifications_url",
                      "v": "https://api.github.com/repos/Bde-Saintonge/Site/notifications{?since,all,participating}"
                    },
                    {
                      "k": "open_issues",
                      "v": 4.0
                    },
                    {
                      "k": "open_issues_count",
                      "v": 4.0
                    },
                    {
                      "k": "organization",
                      "v": "Bde-Saintonge"
                    },
                    {
                      "k": "owner",
                      "v": {
                        "t": 2,
                        "d": [
                          {
                            "k": "avatar_url",
                            "v": "https://avatars.githubusercontent.com/u/75099600?v=4"
                          },
                          {
                            "k": "email",
                            "v": "contact@bde-saintonge.fr"
                          },
                          {
                            "k": "events_url",
                            "v": "https://api.github.com/users/Bde-Saintonge/events{/privacy}"
                          },
                          {
                            "k": "followers_url",
                            "v": "https://api.github.com/users/Bde-Saintonge/followers"
                          },
                          {
                            "k": "following_url",
                            "v": "https://api.github.com/users/Bde-Saintonge/following{/other_user}"
                          },
                          {
                            "k": "gists_url",
                            "v": "https://api.github.com/users/Bde-Saintonge/gists{/gist_id}"
                          },
                          {
                            "k": "gravatar_id",
                            "v": ""
                          },
                          {
                            "k": "html_url",
                            "v": "https://github.com/Bde-Saintonge"
                          },
                          {
                            "k": "id",
                            "v": 75099600.0
                          },
                          {
                            "k": "login",
                            "v": "Bde-Saintonge"
                          },
                          {
                            "k": "name",
                            "v": "Bde-Saintonge"
                          },
                          {
                            "k": "node_id",
                            "v": "MDEyOk9yZ2FuaXphdGlvbjc1MDk5NjAw"
                          },
                          {
                            "k": "organizations_url",
                            "v": "https://api.github.com/users/Bde-Saintonge/orgs"
                          },
                          {
                            "k": "received_events_url",
                            "v": "https://api.github.com/users/Bde-Saintonge/received_events"
                          },
                          {
                            "k": "repos_url",
                            "v": "https://api.github.com/users/Bde-Saintonge/repos"
                          },
                          {
                            "k": "site_admin",
                            "v": false
                          },
                          {
                            "k": "starred_url",
                            "v": "https://api.github.com/users/Bde-Saintonge/starred{/owner}{/repo}"
                          },
                          {
                            "k": "subscriptions_url",
                            "v": "https://api.github.com/users/Bde-Saintonge/subscriptions"
                          },
                          {
                            "k": "type",
                            "v": "Organization"
                          },
                          {
                            "k": "url",
                            "v": "https://api.github.com/users/Bde-Saintonge"
                          }
                        ]
                      }
                    },
                    {
                      "k": "private",
                      "v": true
                    },
                    {
                      "k": "pulls_url",
                      "v": "https://api.github.com/repos/Bde-Saintonge/Site/pulls{/number}"
                    },
                    {
                      "k": "pushed_at",
                      "v": 1612296156.0
                    },
                    {
                      "k": "releases_url",
                      "v": "https://api.github.com/repos/Bde-Saintonge/Site/releases{/id}"
                    },
                    {
                      "k": "size",
                      "v": 5577.0
                    },
                    {
                      "k": "ssh_url",
                      "v": "git@github.com:Bde-Saintonge/Site.git"
                    },
                    {
                      "k": "stargazers",
                      "v": 1.0
                    },
                    {
                      "k": "stargazers_count",
                      "v": 1.0
                    },
                    {
                      "k": "stargazers_url",
                      "v": "https://api.github.com/repos/Bde-Saintonge/Site/stargazers"
                    },
                    {
                      "k": "statuses_url",
                      "v": "https://api.github.com/repos/Bde-Saintonge/Site/statuses/{sha}"
                    },
                    {
                      "k": "subscribers_url",
                      "v": "https://api.github.com/repos/Bde-Saintonge/Site/subscribers"
                    },
                    {
                      "k": "subscription_url",
                      "v": "https://api.github.com/repos/Bde-Saintonge/Site/subscription"
                    },
                    {
                      "k": "svn_url",
                      "v": "https://github.com/Bde-Saintonge/Site"
                    },
                    {
                      "k": "tags_url",
                      "v": "https://api.github.com/repos/Bde-Saintonge/Site/tags"
                    },
                    {
                      "k": "teams_url",
                      "v": "https://api.github.com/repos/Bde-Saintonge/Site/teams"
                    },
                    {
                      "k": "trees_url",
                      "v": "https://api.github.com/repos/Bde-Saintonge/Site/git/trees{/sha}"
                    },
                    {
                      "k": "updated_at",
                      "v": "2021-02-02T19:59:05Z"
                    },
                    {
                      "k": "url",
                      "v": "https://github.com/Bde-Saintonge/Site"
                    },
                    {
                      "k": "watchers",
                      "v": 1.0
                    },
                    {
                      "k": "watchers_count",
                      "v": 1.0
                    }
                  ]
                }
              },
              {
                "k": "sender",
                "v": {
                  "t": 2,
                  "d": [
                    {
                      "k": "avatar_url",
                      "v": "https://avatars.githubusercontent.com/u/50296610?v=4"
                    },
                    {
                      "k": "events_url",
                      "v": "https://api.github.com/users/jul-fls/events{/privacy}"
                    },
                    {
                      "k": "followers_url",
                      "v": "https://api.github.com/users/jul-fls/followers"
                    },
                    {
                      "k": "following_url",
                      "v": "https://api.github.com/users/jul-fls/following{/other_user}"
                    },
                    {
                      "k": "gists_url",
                      "v": "https://api.github.com/users/jul-fls/gists{/gist_id}"
                    },
                    {
                      "k": "gravatar_id",
                      "v": ""
                    },
                    {
                      "k": "html_url",
                      "v": "https://github.com/jul-fls"
                    },
                    {
                      "k": "id",
                      "v": 50296610.0
                    },
                    {
                      "k": "login",
                      "v": "jul-fls"
                    },
                    {
                      "k": "node_id",
                      "v": "MDQ6VXNlcjUwMjk2NjEw"
                    },
                    {
                      "k": "organizations_url",
                      "v": "https://api.github.com/users/jul-fls/orgs"
                    },
                    {
                      "k": "received_events_url",
                      "v": "https://api.github.com/users/jul-fls/received_events"
                    },
                    {
                      "k": "repos_url",
                      "v": "https://api.github.com/users/jul-fls/repos"
                    },
                    {
                      "k": "site_admin",
                      "v": false
                    },
                    {
                      "k": "starred_url",
                      "v": "https://api.github.com/users/jul-fls/starred{/owner}{/repo}"
                    },
                    {
                      "k": "subscriptions_url",
                      "v": "https://api.github.com/users/jul-fls/subscriptions"
                    },
                    {
                      "k": "type",
                      "v": "User"
                    },
                    {
                      "k": "url",
                      "v": "https://api.github.com/users/jul-fls"
                    }
                  ]
                }
              }
            ]
          }
        },
        {
          "k": "server_url",
          "v": "https://github.com"
        },
        {
          "k": "api_url",
          "v": "https://api.github.com"
        },
        {
          "k": "graphql_url",
          "v": "https://api.github.com/graphql"
        }
      ]
    },
    "needs": {
      "t": 2
    },
    "matrix": null,
    "strategy": {
      "t": 2,
      "d": [
        {
          "k": "fail-fast",
          "v": true
        },
        {
          "k": "job-index",
          "v": 0.0
        },
        {
          "k": "job-total",
          "v": 1.0
        },
        {
          "k": "max-parallel",
          "v": 1.0
        }
      ]
    }
  }
}
[2021-02-02 20:04:13Z INFO JobRunner] Job ID ca395085-040a-526b-2ce8-bdc85f692774
[2021-02-02 20:04:13Z INFO JobRunner] Creating job server with URL: https://pipelines.actions.githubusercontent.com/QVeLwaMWQkInkFv2fQ4ZitZZRK5MJcNtIgxToLGcPg8KerswEn/
[2021-02-02 20:04:13Z INFO GitHubActionsService] Starting operation Location.GetConnectionData
[2021-02-02 20:04:14Z INFO Worker] Listening for cancel message from the channel.
[2021-02-02 20:04:14Z INFO Worker] Waiting for the job to complete or for a cancel message from the channel.
[2021-02-02 20:04:14Z INFO GitHubActionsService] Finished operation Location.GetConnectionData
[2021-02-02 20:04:14Z INFO JobServerQueue] Start process web console line queue.
[2021-02-02 20:04:14Z INFO JobServerQueue] Start process file upload queue.
[2021-02-02 20:04:14Z INFO JobServerQueue] Start process timeline update queue.
[2021-02-02 20:04:14Z INFO ExecutionContext] Initialize GitHub context
[2021-02-02 20:04:14Z INFO ExecutionContext] Initialize Env context
[2021-02-02 20:04:14Z INFO ConfigurationStore] currentAssemblyLocation: /home/site/bde/actions-runner/bin/Runner.Worker.dll
[2021-02-02 20:04:14Z INFO HostContext] Well known directory 'Bin': '/home/site/bde/actions-runner/bin'
[2021-02-02 20:04:14Z INFO ConfigurationStore] binPath: /home/site/bde/actions-runner/bin
[2021-02-02 20:04:14Z INFO HostContext] Well known directory 'Bin': '/home/site/bde/actions-runner/bin'
[2021-02-02 20:04:14Z INFO HostContext] Well known directory 'Root': '/home/site/bde/actions-runner'
[2021-02-02 20:04:14Z INFO ConfigurationStore] RootFolder: /home/site/bde/actions-runner
[2021-02-02 20:04:14Z INFO HostContext] Well known directory 'Bin': '/home/site/bde/actions-runner/bin'
[2021-02-02 20:04:14Z INFO HostContext] Well known directory 'Root': '/home/site/bde/actions-runner'
[2021-02-02 20:04:14Z INFO HostContext] Well known config file 'Runner': '/home/site/bde/actions-runner/.runner'
[2021-02-02 20:04:14Z INFO ConfigurationStore] ConfigFilePath: /home/site/bde/actions-runner/.runner
[2021-02-02 20:04:14Z INFO HostContext] Well known directory 'Bin': '/home/site/bde/actions-runner/bin'
[2021-02-02 20:04:14Z INFO HostContext] Well known directory 'Root': '/home/site/bde/actions-runner'
[2021-02-02 20:04:14Z INFO HostContext] Well known config file 'Credentials': '/home/site/bde/actions-runner/.credentials'
[2021-02-02 20:04:14Z INFO ConfigurationStore] CredFilePath: /home/site/bde/actions-runner/.credentials
[2021-02-02 20:04:14Z INFO HostContext] Well known directory 'Bin': '/home/site/bde/actions-runner/bin'
[2021-02-02 20:04:14Z INFO HostContext] Well known directory 'Root': '/home/site/bde/actions-runner'
[2021-02-02 20:04:14Z INFO HostContext] Well known config file 'MigratedCredentials': '/home/site/bde/actions-runner/.credentials_migrated'
[2021-02-02 20:04:14Z INFO ConfigurationStore] MigratedCredFilePath: /home/site/bde/actions-runner/.credentials_migrated
[2021-02-02 20:04:14Z INFO HostContext] Well known directory 'Bin': '/home/site/bde/actions-runner/bin'
[2021-02-02 20:04:14Z INFO HostContext] Well known directory 'Root': '/home/site/bde/actions-runner'
[2021-02-02 20:04:14Z INFO HostContext] Well known config file 'Service': '/home/site/bde/actions-runner/.service'
[2021-02-02 20:04:14Z INFO ConfigurationStore] ServiceConfigFilePath: /home/site/bde/actions-runner/.service
[2021-02-02 20:04:14Z INFO ConfigurationStore] Read setting file: 279 chars
[2021-02-02 20:04:14Z INFO HostContext] Well known directory 'Bin': '/home/site/bde/actions-runner/bin'
[2021-02-02 20:04:14Z INFO HostContext] Well known directory 'Root': '/home/site/bde/actions-runner'
[2021-02-02 20:04:14Z INFO HostContext] Well known directory 'Diag': '/home/site/bde/actions-runner/_diag'
[2021-02-02 20:04:14Z INFO JobRunner] Starting the job execution context.
[2021-02-02 20:04:14Z INFO HostContext] Well known directory 'Bin': '/home/site/bde/actions-runner/bin'
[2021-02-02 20:04:14Z INFO HostContext] Well known directory 'Root': '/home/site/bde/actions-runner'
[2021-02-02 20:04:14Z INFO HostContext] Well known directory 'Work': '/home/site/bde/actions-runner/_work'
[2021-02-02 20:04:14Z INFO JobRunner] Validating directory permissions for: '/home/site/bde/actions-runner/_work'
[2021-02-02 20:04:14Z INFO HostContext] Well known directory 'Bin': '/home/site/bde/actions-runner/bin'
[2021-02-02 20:04:14Z INFO HostContext] Well known directory 'Root': '/home/site/bde/actions-runner'
[2021-02-02 20:04:14Z INFO HostContext] Well known directory 'Work': '/home/site/bde/actions-runner/_work'
[2021-02-02 20:04:14Z INFO HostContext] Well known directory 'Tools': '/home/site/bde/actions-runner/_work/_tool'
[2021-02-02 20:04:14Z INFO HostContext] Well known directory 'Bin': '/home/site/bde/actions-runner/bin'
[2021-02-02 20:04:14Z INFO HostContext] Well known directory 'Root': '/home/site/bde/actions-runner'
[2021-02-02 20:04:14Z INFO HostContext] Well known directory 'Work': '/home/site/bde/actions-runner/_work'
[2021-02-02 20:04:14Z INFO HostContext] Well known directory 'Temp': '/home/site/bde/actions-runner/_work/_temp'
[2021-02-02 20:04:14Z INFO JobRunner] Getting job extension.
[2021-02-02 20:04:14Z INFO JobRunner] Initialize job. Getting all job steps.
[2021-02-02 20:04:14Z INFO HostContext] Well known directory 'Bin': '/home/site/bde/actions-runner/bin'
[2021-02-02 20:04:14Z INFO HostContext] Well known directory 'Root': '/home/site/bde/actions-runner'
[2021-02-02 20:04:14Z INFO HostContext] Well known directory 'Diag': '/home/site/bde/actions-runner/_diag'
[2021-02-02 20:04:14Z INFO HostContext] Well known directory 'Bin': '/home/site/bde/actions-runner/bin'
[2021-02-02 20:04:14Z INFO HostContext] Well known directory 'Root': '/home/site/bde/actions-runner'
[2021-02-02 20:04:14Z INFO HostContext] Well known config file 'Credentials': '/home/site/bde/actions-runner/.credentials'
[2021-02-02 20:04:14Z INFO HostContext] Well known directory 'Bin': '/home/site/bde/actions-runner/bin'
[2021-02-02 20:04:14Z INFO HostContext] Well known directory 'Root': '/home/site/bde/actions-runner'
[2021-02-02 20:04:14Z INFO HostContext] Well known config file 'SetupInfo': '/home/site/bde/actions-runner/.setup_info'
[2021-02-02 20:04:14Z INFO HostContext] Well known directory 'Bin': '/home/site/bde/actions-runner/bin'
[2021-02-02 20:04:14Z INFO HostContext] Well known directory 'Root': '/home/site/bde/actions-runner'
[2021-02-02 20:04:14Z INFO HostContext] Well known directory 'Work': '/home/site/bde/actions-runner/_work'
[2021-02-02 20:04:14Z INFO PipelineDirectoryManager] Loading tracking config if exists: /home/site/bde/actions-runner/_work/_PipelineMapping/Bde-Saintonge/Site/PipelineFolder.json
[2021-02-02 20:04:14Z INFO PipelineDirectoryManager] Updating job run properties.
[2021-02-02 20:04:14Z INFO HostContext] Well known directory 'Bin': '/home/site/bde/actions-runner/bin'
[2021-02-02 20:04:14Z INFO HostContext] Well known directory 'Root': '/home/site/bde/actions-runner'
[2021-02-02 20:04:14Z INFO HostContext] Well known directory 'Work': '/home/site/bde/actions-runner/_work'
[2021-02-02 20:04:14Z INFO HostContext] Well known directory 'Bin': '/home/site/bde/actions-runner/bin'
[2021-02-02 20:04:14Z INFO HostContext] Well known directory 'Root': '/home/site/bde/actions-runner'
[2021-02-02 20:04:14Z INFO HostContext] Well known directory 'Work': '/home/site/bde/actions-runner/_work'
[2021-02-02 20:04:14Z INFO HostContext] Well known directory 'Bin': '/home/site/bde/actions-runner/bin'
[2021-02-02 20:04:14Z INFO HostContext] Well known directory 'Root': '/home/site/bde/actions-runner'
[2021-02-02 20:04:14Z INFO HostContext] Well known directory 'Work': '/home/site/bde/actions-runner/_work'
[2021-02-02 20:04:14Z INFO JobExtension] Downloading actions
[2021-02-02 20:04:14Z INFO HostContext] Well known directory 'Bin': '/home/site/bde/actions-runner/bin'
[2021-02-02 20:04:14Z INFO HostContext] Well known directory 'Root': '/home/site/bde/actions-runner'
[2021-02-02 20:04:14Z INFO HostContext] Well known directory 'Work': '/home/site/bde/actions-runner/_work'
[2021-02-02 20:04:14Z INFO HostContext] Well known directory 'Actions': '/home/site/bde/actions-runner/_work/_actions'
[2021-02-02 20:04:15Z INFO HostContext] Well known directory 'Bin': '/home/site/bde/actions-runner/bin'
[2021-02-02 20:04:15Z INFO HostContext] Well known directory 'Root': '/home/site/bde/actions-runner'
[2021-02-02 20:04:15Z INFO HostContext] Well known directory 'Work': '/home/site/bde/actions-runner/_work'
[2021-02-02 20:04:15Z INFO HostContext] Well known directory 'Actions': '/home/site/bde/actions-runner/_work/_actions'
[2021-02-02 20:04:15Z INFO HostContext] Well known directory 'Bin': '/home/site/bde/actions-runner/bin'
[2021-02-02 20:04:15Z INFO HostContext] Well known directory 'Root': '/home/site/bde/actions-runner'
[2021-02-02 20:04:15Z INFO HostContext] Well known directory 'Work': '/home/site/bde/actions-runner/_work'
[2021-02-02 20:04:15Z INFO HostContext] Well known directory 'Actions': '/home/site/bde/actions-runner/_work/_actions'
[2021-02-02 20:04:15Z INFO ActionManager] Save archive 'https://api.github.com/repos/bitcoder/dummy-action/tarball/ad93b53add470ec7c522f6e03a2bda823dc66625' into /home/site/bde/actions-runner/_work/_actions/_temp_90ff4562-5f09-4cde-9e40-063e424c1078/c643bc90-3d24-4552-b464-28d1b12ebbda.tar.gz.
[2021-02-02 20:04:15Z INFO JobServerQueue] Try to append 1 batches web console lines for record '5aabff79-027f-42a9-b5b3-503fae12e939', success rate: 1/1.
[2021-02-02 20:04:15Z INFO ActionManager] Which: 'tar'
[2021-02-02 20:04:15Z INFO ActionManager] Location: '/usr/bin/tar'
[2021-02-02 20:04:15Z INFO ProcessInvokerWrapper] Starting process:
[2021-02-02 20:04:15Z INFO ProcessInvokerWrapper]   File name: '/usr/bin/tar'
[2021-02-02 20:04:15Z INFO ProcessInvokerWrapper]   Arguments: '-xzf "/home/site/bde/actions-runner/_work/_actions/_temp_90ff4562-5f09-4cde-9e40-063e424c1078/c643bc90-3d24-4552-b464-28d1b12ebbda.tar.gz"'
[2021-02-02 20:04:15Z INFO ProcessInvokerWrapper]   Working directory: '/home/site/bde/actions-runner/_work/_actions/_temp_90ff4562-5f09-4cde-9e40-063e424c1078/_staging'
[2021-02-02 20:04:15Z INFO ProcessInvokerWrapper]   Require exit code zero: 'False'
[2021-02-02 20:04:15Z INFO ProcessInvokerWrapper]   Encoding web name:  ; code page: ''
[2021-02-02 20:04:15Z INFO ProcessInvokerWrapper]   Force kill process on cancellation: 'False'
[2021-02-02 20:04:15Z INFO ProcessInvokerWrapper]   Redirected STDIN: 'False'
[2021-02-02 20:04:15Z INFO ProcessInvokerWrapper]   Persist current code page: 'False'
[2021-02-02 20:04:15Z INFO ProcessInvokerWrapper]   Keep redirected STDIN open: 'False'
[2021-02-02 20:04:15Z INFO ProcessInvokerWrapper]   High priority process: 'False'
[2021-02-02 20:04:16Z INFO ProcessInvokerWrapper] Updated oom_score_adj to 500 for PID: 23899.
[2021-02-02 20:04:16Z INFO ProcessInvokerWrapper] Process started with process id 23899, waiting for process exit.
[2021-02-02 20:04:16Z INFO ProcessInvokerWrapper] STDOUT/STDERR stream read finished.
[2021-02-02 20:04:16Z INFO ProcessInvokerWrapper] STDOUT/STDERR stream read finished.
[2021-02-02 20:04:16Z INFO ProcessInvokerWrapper] Finished process 23899 with exit code 0, and elapsed time 00:00:00.0046520.
[2021-02-02 20:04:16Z INFO ActionManager] Finished getting action repository.
[2021-02-02 20:04:16Z INFO HostContext] Well known directory 'Bin': '/home/site/bde/actions-runner/bin'
[2021-02-02 20:04:16Z INFO HostContext] Well known directory 'Root': '/home/site/bde/actions-runner'
[2021-02-02 20:04:16Z INFO HostContext] Well known directory 'Work': '/home/site/bde/actions-runner/_work'
[2021-02-02 20:04:16Z INFO HostContext] Well known directory 'Actions': '/home/site/bde/actions-runner/_work/_actions'
[2021-02-02 20:04:16Z INFO ActionManifestManager] Load schema file with definitions: [
  "null",
  "boolean",
  "number",
  "string",
  "sequence",
  "mapping",
  "any",
  "action-root",
  "inputs",
  "input",
  "outputs",
  "outputs-attributes",
  "runs",
  "container-runs",
  "container-runs-args",
  "container-runs-env",
  "node12-runs",
  "plugin-runs",
  "composite-runs",
  "composite-steps",
  "composite-step",
  "container-runs-context",
  "output-value",
  "input-default-context",
  "non-empty-string",
  "string-steps-context",
  "step-env"
]
[2021-02-02 20:04:16Z INFO HostContext] Well known directory 'Bin': '/home/site/bde/actions-runner/bin'
[2021-02-02 20:04:16Z INFO HostContext] Well known directory 'Root': '/home/site/bde/actions-runner'
[2021-02-02 20:04:16Z INFO HostContext] Well known directory 'Work': '/home/site/bde/actions-runner/_work'
[2021-02-02 20:04:16Z INFO HostContext] Well known directory 'Actions': '/home/site/bde/actions-runner/_work/_actions'
[2021-02-02 20:04:16Z INFO ActionManifestManager] Ignore action property author.
[2021-02-02 20:04:16Z INFO ActionManifestManager] Ignore action property branding.
[2021-02-02 20:04:16Z INFO ActionManifestManager] Loaded action.yml file: {
  "name": "dummy-action",
  "description": "Dummy GitHub Action",
  "inputs": {
    "type": 2,
    "map": [
      {
        "key": {
          "type": 0,
          "file": 2,
          "line": 5,
          "col": 3,
          "lit": "name"
        },
        "value": ""
      }
    ]
  },
  "execution": {
    "executionType": "container",
    "hasPre": false,
    "hasPost": false,
    "image": "Dockerfile",
    "entryPoint": null,
    "arguments": {
      "type": 1,
      "file": 2,
      "line": 15,
      "col": 5,
      "seq": [
        {
          "type": 3,
          "file": 2,
          "line": 15,
          "col": 7,
          "expr": "inputs.name"
        }
      ]
    },
    "environment": null,
    "pre": null,
    "post": null,
    "cleanupCondition": "always()",
    "initCondition": "always()"
  },
  "deprecated": null
}
[2021-02-02 20:04:16Z INFO ActionManager] Action bitcoderdummy-action (562faec3-da22-594f-78e2-f9a67b92bc50) from repository 'bitcoder/dummy-action@v2' needs to build image '/home/site/bde/actions-runner/_work/_actions/bitcoder/dummy-action/v2/Dockerfile'
[2021-02-02 20:04:16Z INFO HostContext] Well known directory 'Bin': '/home/site/bde/actions-runner/bin'
[2021-02-02 20:04:16Z INFO HostContext] Well known directory 'Root': '/home/site/bde/actions-runner'
[2021-02-02 20:04:16Z INFO HostContext] Well known directory 'Work': '/home/site/bde/actions-runner/_work'
[2021-02-02 20:04:16Z INFO HostContext] Well known directory 'Actions': '/home/site/bde/actions-runner/_work/_actions'
[2021-02-02 20:04:16Z INFO ActionManager] Load action that reference repository from '/home/site/bde/actions-runner/_work/_actions/bitcoder/dummy-action/v2'
[2021-02-02 20:04:16Z INFO HostContext] Well known directory 'Bin': '/home/site/bde/actions-runner/bin'
[2021-02-02 20:04:16Z INFO HostContext] Well known directory 'Root': '/home/site/bde/actions-runner'
[2021-02-02 20:04:16Z INFO HostContext] Well known directory 'Work': '/home/site/bde/actions-runner/_work'
[2021-02-02 20:04:16Z INFO HostContext] Well known directory 'Actions': '/home/site/bde/actions-runner/_work/_actions'
[2021-02-02 20:04:16Z INFO ActionManifestManager] Ignore action property author.
[2021-02-02 20:04:16Z INFO ActionManifestManager] Ignore action property branding.
[2021-02-02 20:04:16Z INFO ActionManifestManager] Loaded action.yml file: {
  "name": "dummy-action",
  "description": "Dummy GitHub Action",
  "inputs": {
    "type": 2,
    "map": [
      {
        "key": {
          "type": 0,
          "file": 2,
          "line": 5,
          "col": 3,
          "lit": "name"
        },
        "value": ""
      }
    ]
  },
  "execution": {
    "executionType": "container",
    "hasPre": false,
    "hasPost": false,
    "image": "Dockerfile",
    "entryPoint": null,
    "arguments": {
      "type": 1,
      "file": 2,
      "line": 15,
      "col": 5,
      "seq": [
        {
          "type": 3,
          "file": 2,
          "line": 15,
          "col": 7,
          "expr": "inputs.name"
        }
      ]
    },
    "environment": null,
    "pre": null,
    "post": null,
    "cleanupCondition": "always()",
    "initCondition": "always()"
  },
  "deprecated": null
}
[2021-02-02 20:04:16Z INFO ActionManager] Action container Dockerfile/image: Dockerfile.
[2021-02-02 20:04:16Z INFO ActionManager] Action container args:  {
  "type": 1,
  "file": 2,
  "line": 15,
  "col": 5,
  "seq": [
    {
      "type": 3,
      "file": 2,
      "line": 15,
      "col": 7,
      "expr": "inputs.name"
    }
  ]
}.
[2021-02-02 20:04:16Z INFO ActionManager] 1 steps need to build image from '/home/site/bde/actions-runner/_work/_actions/bitcoder/dummy-action/v2/Dockerfile'
[2021-02-02 20:04:16Z INFO JobExtension] Adding .
[2021-02-02 20:04:16Z INFO HostContext] Well known directory 'Bin': '/home/site/bde/actions-runner/bin'
[2021-02-02 20:04:16Z INFO HostContext] Well known directory 'Root': '/home/site/bde/actions-runner'
[2021-02-02 20:04:16Z INFO HostContext] Well known directory 'Diag': '/home/site/bde/actions-runner/_diag'
[2021-02-02 20:04:16Z INFO HostContext] Well known directory 'Bin': '/home/site/bde/actions-runner/bin'
[2021-02-02 20:04:16Z INFO HostContext] Well known directory 'Root': '/home/site/bde/actions-runner'
[2021-02-02 20:04:16Z INFO HostContext] Well known directory 'Diag': '/home/site/bde/actions-runner/_diag'
[2021-02-02 20:04:16Z INFO JobExtension] Total accessible running process: 323.
[2021-02-02 20:04:16Z INFO HostContext] Well known directory 'Bin': '/home/site/bde/actions-runner/bin'
[2021-02-02 20:04:16Z INFO HostContext] Well known directory 'Root': '/home/site/bde/actions-runner'
[2021-02-02 20:04:16Z INFO HostContext] Well known directory 'Work': '/home/site/bde/actions-runner/_work'
[2021-02-02 20:04:16Z INFO JobRunner] Total job steps: 2.
[2021-02-02 20:04:16Z INFO JobRunner] Run all job steps.
[2021-02-02 20:04:16Z INFO StepsRunner] Processing step: DisplayName='Build bitcoder/dummy-action@v2'
[2021-02-02 20:04:16Z INFO StepsRunner] Initialize Env context for step
[2021-02-02 20:04:16Z INFO StepsRunner] Evaluating: success()
[2021-02-02 20:04:16Z INFO StepsRunner] Result: true
[2021-02-02 20:04:16Z INFO StepsRunner] Starting the step.
[2021-02-02 20:04:16Z INFO DockerCommandManager] Which: 'docker'
[2021-02-02 20:04:16Z INFO DockerCommandManager] Not found.
[2021-02-02 20:04:16Z ERR  StepsRunner] Caught exception from step: System.IO.FileNotFoundException: File not found: 'docker'
File name: 'docker'
   at GitHub.Runner.Sdk.WhichUtil.Which(String command, Boolean require, ITraceWriter trace, String prependPath)
   at GitHub.Runner.Worker.Container.DockerCommandManager.Initialize(IHostContext hostContext)
   at GitHub.Runner.Common.HostContext.CreateService[T]()
   at GitHub.Runner.Common.HostContext.GetService[T]()
   at GitHub.Runner.Worker.ActionManager.BuildActionContainerAsync(IExecutionContext executionContext, Object data)
   at GitHub.Runner.Worker.JobExtensionRunner.RunAsync()
   at GitHub.Runner.Worker.StepsRunner.RunStepAsync(IStep step, CancellationToken jobCancellationToken)
[2021-02-02 20:04:16Z INFO StepsRunner] Step result: Failed
[2021-02-02 20:04:16Z INFO StepsRunner] Update job result with current step result 'Failed'.
[2021-02-02 20:04:16Z INFO StepsRunner] Current state: job state = 'Failed'
[2021-02-02 20:04:16Z INFO StepsRunner] Processing step: DisplayName='Run bitcoder/dummy-action@v2'
[2021-02-02 20:04:16Z INFO StepsRunner] Initialize Env context for step
[2021-02-02 20:04:16Z INFO StepsRunner] Evaluating: success()
[2021-02-02 20:04:16Z INFO StepsRunner] Result: false
[2021-02-02 20:04:16Z INFO StepsRunner] Skipping step due to condition evaluation.
[2021-02-02 20:04:16Z INFO StepsRunner] No need for updating job result with current step result 'Skipped'.
[2021-02-02 20:04:16Z INFO StepsRunner] Current state: job state = 'Failed'
[2021-02-02 20:04:16Z INFO JobRunner] Finalize job.
[2021-02-02 20:04:16Z INFO HostContext] Well known directory 'Bin': '/home/site/bde/actions-runner/bin'
[2021-02-02 20:04:16Z INFO HostContext] Well known directory 'Root': '/home/site/bde/actions-runner'
[2021-02-02 20:04:16Z INFO HostContext] Well known directory 'Diag': '/home/site/bde/actions-runner/_diag'
[2021-02-02 20:04:16Z INFO JobExtension] Initialize Env context
[2021-02-02 20:04:16Z INFO JobExtension] Initialize steps context
[2021-02-02 20:04:16Z INFO JobServerQueue] Try to append 1 batches web console lines for record '5aabff79-027f-42a9-b5b3-503fae12e939', success rate: 1/1.
[2021-02-02 20:04:16Z INFO JobExtension] Total accessible running process: 323.
[2021-02-02 20:04:16Z INFO JobRunner] Job result after all job steps finish: Failed
[2021-02-02 20:04:16Z INFO JobRunner] Completing the job execution context.
[2021-02-02 20:04:16Z INFO JobRunner] Shutting down the job server queue.
[2021-02-02 20:04:16Z INFO JobServerQueue] Fire signal to shutdown all queues.
[2021-02-02 20:04:16Z INFO JobServerQueue] All queue process task stopped.
[2021-02-02 20:04:16Z INFO JobServerQueue] Try to append 1 batches web console lines for record '080b792e-8018-4071-a017-c8e44dc6c808', success rate: 1/1.
[2021-02-02 20:04:16Z INFO JobServerQueue] Try to append 1 batches web console lines for record '550ea118-3823-4a43-b6f5-2af0b231d8e0', success rate: 1/1.
[2021-02-02 20:04:16Z INFO JobServerQueue] Web console line queue drained.
[2021-02-02 20:04:16Z INFO JobServerQueue] Uploading 4 files in one shot.
[2021-02-02 20:04:18Z INFO JobServerQueue] Try to upload 4 log files or attachments, success rate: 4/4.
[2021-02-02 20:04:18Z INFO JobServerQueue] File upload queue drained.
[2021-02-02 20:04:18Z INFO JobServerQueue] Timeline update queue drained.
[2021-02-02 20:04:18Z INFO JobServerQueue] All queue process tasks have been stopped, and all queues are drained.
[2021-02-02 20:04:18Z INFO TempDirectoryManager] Cleaning runner temp folder: /home/site/bde/actions-runner/_work/_temp
[2021-02-02 20:04:18Z INFO JobRunner] Raising job completed event.
[2021-02-02 20:04:18Z INFO Worker] Job completed.
